
*** Running vivado
    with args -log design_1_wrapper.vdi -applog -m64 -messageDb vivado.pb -mode batch -source design_1_wrapper.tcl -notrace


****** Vivado v2015.3 (64-bit)
  **** SW Build 1368829 on Mon Sep 28 20:06:39 MDT 2015
  **** IP Build 1367837 on Mon Sep 28 08:56:14 MDT 2015
    ** Copyright 1986-2015 Xilinx, Inc. All Rights Reserved.

source design_1_wrapper.tcl -notrace
Design is defaulting to srcset: sources_1
Design is defaulting to constrset: constrs_1
INFO: [Netlist 29-17] Analyzing 34 Unisim elements for replacement
INFO: [Netlist 29-28] Unisim Transformation completed in 0 CPU seconds
INFO: [Project 1-479] Netlist was created with Vivado 2015.3
INFO: [Device 21-403] Loading part xc7z020clg484-1
INFO: [Project 1-570] Preparing netlist for logic optimization
Parsing XDC File [/home/iq/Documents/marketinternational_filter/Example_reference/Zynq7000AP_SoC_Ethernet_Packet_Redirection_Design/HW/project/project.srcs/sources_1/bd/design_1/ip/design_1_processing_system7_0_0/design_1_processing_system7_0_0.xdc] for cell 'design_1_i/processing_system7_0/inst'
Finished Parsing XDC File [/home/iq/Documents/marketinternational_filter/Example_reference/Zynq7000AP_SoC_Ethernet_Packet_Redirection_Design/HW/project/project.srcs/sources_1/bd/design_1/ip/design_1_processing_system7_0_0/design_1_processing_system7_0_0.xdc] for cell 'design_1_i/processing_system7_0/inst'
Parsing XDC File [/home/iq/Documents/marketinternational_filter/Example_reference/Zynq7000AP_SoC_Ethernet_Packet_Redirection_Design/HW/project/project.srcs/sources_1/bd/design_1/ip/design_1_rst_processing_system7_0_50M_0/design_1_rst_processing_system7_0_50M_0_board.xdc] for cell 'design_1_i/rst_processing_system7_0_50M'
Finished Parsing XDC File [/home/iq/Documents/marketinternational_filter/Example_reference/Zynq7000AP_SoC_Ethernet_Packet_Redirection_Design/HW/project/project.srcs/sources_1/bd/design_1/ip/design_1_rst_processing_system7_0_50M_0/design_1_rst_processing_system7_0_50M_0_board.xdc] for cell 'design_1_i/rst_processing_system7_0_50M'
Parsing XDC File [/home/iq/Documents/marketinternational_filter/Example_reference/Zynq7000AP_SoC_Ethernet_Packet_Redirection_Design/HW/project/project.srcs/sources_1/bd/design_1/ip/design_1_rst_processing_system7_0_50M_0/design_1_rst_processing_system7_0_50M_0.xdc] for cell 'design_1_i/rst_processing_system7_0_50M'
Finished Parsing XDC File [/home/iq/Documents/marketinternational_filter/Example_reference/Zynq7000AP_SoC_Ethernet_Packet_Redirection_Design/HW/project/project.srcs/sources_1/bd/design_1/ip/design_1_rst_processing_system7_0_50M_0/design_1_rst_processing_system7_0_50M_0.xdc] for cell 'design_1_i/rst_processing_system7_0_50M'
INFO: [Opt 31-138] Pushed 0 inverter(s) to 0 load pin(s).
Generating merged BMM file for the design top 'design_1_wrapper'...

INFO: [Project 1-111] Unisim Transformation Summary:
No Unisim elements were transformed.

link_design: Time (s): cpu = 00:00:05 ; elapsed = 00:00:05 . Memory (MB): peak = 1248.664 ; gain = 316.281 ; free physical = 486 ; free virtual = 1421
Command: opt_design
Attempting to get a license for feature 'Implementation' and/or device 'xc7z020'
INFO: [Common 17-349] Got license for feature 'Implementation' and/or device 'xc7z020'
Running DRC as a precondition to command opt_design

Starting DRC Task
INFO: [DRC 23-27] Running DRC with 8 threads
INFO: [Project 1-461] DRC finished with 0 Errors
INFO: [Project 1-462] Please refer to the DRC report (report_drc) for more information.

Time (s): cpu = 00:00:00.14 ; elapsed = 00:00:00.19 . Memory (MB): peak = 1320.699 ; gain = 64.031 ; free physical = 481 ; free virtual = 1417
INFO: [Timing 38-35] Done setting XDC timing constraints.

Starting Logic Optimization Task
Implement Debug Cores | Checksum: 1aa87c360

Phase 1 Retarget
INFO: [Opt 31-138] Pushed 2 inverter(s) to 64 load pin(s).
INFO: [Opt 31-49] Retargeted 0 cell(s).
Phase 1 Retarget | Checksum: 1ba785bdf

Time (s): cpu = 00:00:00.23 ; elapsed = 00:00:00.20 . Memory (MB): peak = 1724.191 ; gain = 0.000 ; free physical = 116 ; free virtual = 1067

Phase 2 Constant Propagation
INFO: [Opt 31-138] Pushed 0 inverter(s) to 0 load pin(s).
INFO: [Opt 31-10] Eliminated 76 cells.
Phase 2 Constant Propagation | Checksum: 123174edc

Time (s): cpu = 00:00:00.60 ; elapsed = 00:00:00.54 . Memory (MB): peak = 1724.191 ; gain = 0.000 ; free physical = 115 ; free virtual = 1067

Phase 3 Sweep
INFO: [Opt 31-12] Eliminated 162 unconnected nets.
INFO: [Opt 31-11] Eliminated 123 unconnected cells.
Phase 3 Sweep | Checksum: 17a9e6a90

Time (s): cpu = 00:00:01 ; elapsed = 00:00:00.94 . Memory (MB): peak = 1724.191 ; gain = 0.000 ; free physical = 115 ; free virtual = 1067

Starting Connectivity Check Task

Time (s): cpu = 00:00:00 ; elapsed = 00:00:00 . Memory (MB): peak = 1724.191 ; gain = 0.000 ; free physical = 115 ; free virtual = 1067
Ending Logic Optimization Task | Checksum: 17a9e6a90

Time (s): cpu = 00:00:01 ; elapsed = 00:00:00.96 . Memory (MB): peak = 1724.191 ; gain = 0.000 ; free physical = 115 ; free virtual = 1067

Starting Power Optimization Task
INFO: [Pwropt 34-132] Skipping clock gating for clocks with a period < 2.00 ns.
INFO: [Timing 38-35] Done setting XDC timing constraints.
Running Vector-less Activity Propagation...

Finished Running Vector-less Activity Propagation
INFO: [Pwropt 34-9] Applying IDT optimizations ...
INFO: [Pwropt 34-10] Applying ODC optimizations ...


Starting PowerOpt Patch Enables Task
INFO: [Pwropt 34-162] WRITE_MODE attribute of 32 BRAM(s) out of a total of 32 has been updated to save power. Run report_power_opt to get a complete listing of the BRAMs updated.
INFO: [Pwropt 34-201] Structural ODC has moved 0 WE to EN ports
Number of BRAM Ports augmented: 32 newly gated: 0 Total Ports: 64
Ending PowerOpt Patch Enables Task | Checksum: 1d63296f1

Time (s): cpu = 00:00:00.07 ; elapsed = 00:00:00.10 . Memory (MB): peak = 2000.312 ; gain = 0.000 ; free physical = 143 ; free virtual = 950
Ending Power Optimization Task | Checksum: 1d63296f1

Time (s): cpu = 00:00:03 ; elapsed = 00:00:03 . Memory (MB): peak = 2000.312 ; gain = 276.121 ; free physical = 143 ; free virtual = 950
INFO: [Common 17-83] Releasing license: Implementation
25 Infos, 0 Warnings, 0 Critical Warnings and 0 Errors encountered.
opt_design completed successfully
opt_design: Time (s): cpu = 00:00:12 ; elapsed = 00:00:12 . Memory (MB): peak = 2000.312 ; gain = 751.648 ; free physical = 143 ; free virtual = 950
Writing placer database...
Writing XDEF routing.
Writing XDEF routing logical nets.
Writing XDEF routing special nets.
Write XDEF Complete: Time (s): cpu = 00:00:00.18 ; elapsed = 00:00:00.07 . Memory (MB): peak = 2000.312 ; gain = 0.000 ; free physical = 140 ; free virtual = 951
INFO: [DRC 23-27] Running DRC with 8 threads
INFO: [Coretcl 2-168] The results of DRC are in file /home/iq/Documents/marketinternational_filter/Example_reference/Zynq7000AP_SoC_Ethernet_Packet_Redirection_Design/HW/project/project.runs/impl_1/design_1_wrapper_drc_opted.rpt.
Command: place_design
Attempting to get a license for feature 'Implementation' and/or device 'xc7z020'
INFO: [Common 17-349] Got license for feature 'Implementation' and/or device 'xc7z020'
INFO: [DRC 23-27] Running DRC with 8 threads
INFO: [Vivado_Tcl 4-198] DRC finished with 0 Errors
INFO: [Vivado_Tcl 4-199] Please refer to the DRC report (report_drc) for more information.
Running DRC as a precondition to command place_design
INFO: [DRC 23-27] Running DRC with 8 threads
INFO: [Vivado_Tcl 4-198] DRC finished with 0 Errors
INFO: [Vivado_Tcl 4-199] Please refer to the DRC report (report_drc) for more information.

Starting Placer Task
INFO: [Place 30-611] Multithreading enabled for place_design using a maximum of 8 CPUs

Phase 1 Placer Initialization
Netlist sorting complete. Time (s): cpu = 00:00:00 ; elapsed = 00:00:00.01 . Memory (MB): peak = 2000.312 ; gain = 0.000 ; free physical = 130 ; free virtual = 943
INFO: [Timing 38-35] Done setting XDC timing constraints.
INFO: [Opt 31-138] Pushed 0 inverter(s) to 0 load pin(s).
Netlist sorting complete. Time (s): cpu = 00:00:00.01 ; elapsed = 00:00:00.01 . Memory (MB): peak = 2000.312 ; gain = 0.000 ; free physical = 129 ; free virtual = 943

Phase 1.1 IO Placement/ Clock Placement/ Build Placer Device

Phase 1.1.1 Pre-Place Cells
Phase 1.1.1 Pre-Place Cells | Checksum: 98566580

Time (s): cpu = 00:00:00.29 ; elapsed = 00:00:00.28 . Memory (MB): peak = 2000.312 ; gain = 0.000 ; free physical = 129 ; free virtual = 943
WARNING: [Place 30-12] An IO Bus FIXED_IO_mio with more than one IO standard is found. Components associated with this bus are: 
	FIXED_IO_mio[53] of IOStandard LVCMOS18
	FIXED_IO_mio[52] of IOStandard LVCMOS18
	FIXED_IO_mio[51] of IOStandard LVCMOS18
	FIXED_IO_mio[50] of IOStandard LVCMOS18
	FIXED_IO_mio[49] of IOStandard LVCMOS18
	FIXED_IO_mio[48] of IOStandard LVCMOS18
	FIXED_IO_mio[47] of IOStandard LVCMOS18
	FIXED_IO_mio[46] of IOStandard LVCMOS18
	FIXED_IO_mio[45] of IOStandard LVCMOS18
	FIXED_IO_mio[44] of IOStandard LVCMOS18
	FIXED_IO_mio[43] of IOStandard LVCMOS18
	FIXED_IO_mio[42] of IOStandard LVCMOS18
	FIXED_IO_mio[41] of IOStandard LVCMOS18
	FIXED_IO_mio[40] of IOStandard LVCMOS18
	FIXED_IO_mio[39] of IOStandard LVCMOS18
	FIXED_IO_mio[38] of IOStandard LVCMOS18
	FIXED_IO_mio[37] of IOStandard LVCMOS18
	FIXED_IO_mio[36] of IOStandard LVCMOS18
	FIXED_IO_mio[35] of IOStandard LVCMOS18
	FIXED_IO_mio[34] of IOStandard LVCMOS18
	FIXED_IO_mio[33] of IOStandard LVCMOS18
	FIXED_IO_mio[32] of IOStandard LVCMOS18
	FIXED_IO_mio[31] of IOStandard LVCMOS18
	FIXED_IO_mio[30] of IOStandard LVCMOS18
	FIXED_IO_mio[29] of IOStandard LVCMOS18
	FIXED_IO_mio[28] of IOStandard LVCMOS18
	FIXED_IO_mio[27] of IOStandard LVCMOS18
	FIXED_IO_mio[26] of IOStandard LVCMOS18
	FIXED_IO_mio[25] of IOStandard LVCMOS18
	FIXED_IO_mio[24] of IOStandard LVCMOS18
	FIXED_IO_mio[23] of IOStandard LVCMOS18
	FIXED_IO_mio[22] of IOStandard LVCMOS18
	FIXED_IO_mio[21] of IOStandard LVCMOS18
	FIXED_IO_mio[20] of IOStandard LVCMOS18
	FIXED_IO_mio[19] of IOStandard LVCMOS18
	FIXED_IO_mio[18] of IOStandard LVCMOS18
	FIXED_IO_mio[17] of IOStandard LVCMOS18
	FIXED_IO_mio[16] of IOStandard LVCMOS18
	FIXED_IO_mio[15] of IOStandard LVCMOS33
	FIXED_IO_mio[14] of IOStandard LVCMOS33
	FIXED_IO_mio[13] of IOStandard LVCMOS33
	FIXED_IO_mio[12] of IOStandard LVCMOS33
	FIXED_IO_mio[11] of IOStandard LVCMOS33
	FIXED_IO_mio[10] of IOStandard LVCMOS33
	FIXED_IO_mio[9] of IOStandard LVCMOS33
	FIXED_IO_mio[8] of IOStandard LVCMOS33
	FIXED_IO_mio[7] of IOStandard LVCMOS33
	FIXED_IO_mio[6] of IOStandard LVCMOS33
	FIXED_IO_mio[5] of IOStandard LVCMOS33
	FIXED_IO_mio[4] of IOStandard LVCMOS33
	FIXED_IO_mio[3] of IOStandard LVCMOS33
	FIXED_IO_mio[2] of IOStandard LVCMOS33
	FIXED_IO_mio[1] of IOStandard LVCMOS33
	FIXED_IO_mio[0] of IOStandard LVCMOS33
INFO: [Timing 38-35] Done setting XDC timing constraints.

Phase 1.1.2 IO and Clk Clean Up
Phase 1.1.2 IO and Clk Clean Up | Checksum: 98566580

Time (s): cpu = 00:00:01 ; elapsed = 00:00:01 . Memory (MB): peak = 2000.312 ; gain = 0.000 ; free physical = 125 ; free virtual = 942

Phase 1.1.3 Implementation Feasibility check On IDelay
Phase 1.1.3 Implementation Feasibility check On IDelay | Checksum: 98566580

Time (s): cpu = 00:00:01 ; elapsed = 00:00:01 . Memory (MB): peak = 2000.312 ; gain = 0.000 ; free physical = 125 ; free virtual = 942

Phase 1.1.4 Commit IO Placement
Phase 1.1.4 Commit IO Placement | Checksum: 15cdf3a3

Time (s): cpu = 00:00:01 ; elapsed = 00:00:01 . Memory (MB): peak = 2000.312 ; gain = 0.000 ; free physical = 125 ; free virtual = 942
Phase 1.1 IO Placement/ Clock Placement/ Build Placer Device | Checksum: caf009fb

Time (s): cpu = 00:00:01 ; elapsed = 00:00:01 . Memory (MB): peak = 2000.312 ; gain = 0.000 ; free physical = 125 ; free virtual = 942

Phase 1.2 Build Placer Netlist Model

Phase 1.2.1 Place Init Design

Phase 1.2.1.1 Init Lut Pin Assignment
Phase 1.2.1.1 Init Lut Pin Assignment | Checksum: d5bc6e6e

Time (s): cpu = 00:00:02 ; elapsed = 00:00:01 . Memory (MB): peak = 2000.312 ; gain = 0.000 ; free physical = 123 ; free virtual = 941
Phase 1.2.1 Place Init Design | Checksum: 77140979

Time (s): cpu = 00:00:02 ; elapsed = 00:00:02 . Memory (MB): peak = 2000.312 ; gain = 0.000 ; free physical = 122 ; free virtual = 941
Phase 1.2 Build Placer Netlist Model | Checksum: 77140979

Time (s): cpu = 00:00:02 ; elapsed = 00:00:02 . Memory (MB): peak = 2000.312 ; gain = 0.000 ; free physical = 122 ; free virtual = 941

Phase 1.3 Constrain Clocks/Macros

Phase 1.3.1 Constrain Global/Regional Clocks
Phase 1.3.1 Constrain Global/Regional Clocks | Checksum: 77140979

Time (s): cpu = 00:00:02 ; elapsed = 00:00:02 . Memory (MB): peak = 2000.312 ; gain = 0.000 ; free physical = 121 ; free virtual = 941
Phase 1.3 Constrain Clocks/Macros | Checksum: 77140979

Time (s): cpu = 00:00:02 ; elapsed = 00:00:02 . Memory (MB): peak = 2000.312 ; gain = 0.000 ; free physical = 121 ; free virtual = 941
Phase 1 Placer Initialization | Checksum: 77140979

Time (s): cpu = 00:00:02 ; elapsed = 00:00:02 . Memory (MB): peak = 2000.312 ; gain = 0.000 ; free physical = 121 ; free virtual = 941

Phase 2 Global Placement
SimPL: WL = 106570 (2214, 104356)
SimPL: WL = 108127 (2073, 106054)
SimPL: WL = 106923 (2269, 104654)
SimPL: WL = 109199 (2328, 106871)
SimPL: WL = 107486 (2286, 105200)
Phase 2 Global Placement | Checksum: 7ca358df

Time (s): cpu = 00:00:08 ; elapsed = 00:00:03 . Memory (MB): peak = 2023.348 ; gain = 23.035 ; free physical = 152 ; free virtual = 933

Phase 3 Detail Placement

Phase 3.1 Commit Multi Column Macros
Phase 3.1 Commit Multi Column Macros | Checksum: 7ca358df

Time (s): cpu = 00:00:08 ; elapsed = 00:00:03 . Memory (MB): peak = 2023.348 ; gain = 23.035 ; free physical = 152 ; free virtual = 934

Phase 3.2 Commit Most Macros & LUTRAMs
Phase 3.2 Commit Most Macros & LUTRAMs | Checksum: 161f7214d

Time (s): cpu = 00:00:09 ; elapsed = 00:00:04 . Memory (MB): peak = 2023.348 ; gain = 23.035 ; free physical = 152 ; free virtual = 933

Phase 3.3 Area Swap Optimization
Phase 3.3 Area Swap Optimization | Checksum: 16e6b889b

Time (s): cpu = 00:00:09 ; elapsed = 00:00:04 . Memory (MB): peak = 2023.348 ; gain = 23.035 ; free physical = 152 ; free virtual = 933

Phase 3.4 updateClock Trees: DP
Phase 3.4 updateClock Trees: DP | Checksum: 16e6b889b

Time (s): cpu = 00:00:09 ; elapsed = 00:00:04 . Memory (MB): peak = 2023.348 ; gain = 23.035 ; free physical = 152 ; free virtual = 933

Phase 3.5 Timing Path Optimizer
Phase 3.5 Timing Path Optimizer | Checksum: 8b2428ee

Time (s): cpu = 00:00:09 ; elapsed = 00:00:04 . Memory (MB): peak = 2023.348 ; gain = 23.035 ; free physical = 152 ; free virtual = 933

Phase 3.6 Fast Optimization
Phase 3.6 Fast Optimization | Checksum: 8b2428ee

Time (s): cpu = 00:00:09 ; elapsed = 00:00:04 . Memory (MB): peak = 2023.348 ; gain = 23.035 ; free physical = 152 ; free virtual = 933

Phase 3.7 Small Shape Detail Placement

Phase 3.7.1 Commit Small Macros and Core Logic

Phase 3.7.1.1 Commit Slice Clusters
Phase 3.7.1.1 Commit Slice Clusters | Checksum: 1039c5b9a

Time (s): cpu = 00:00:10 ; elapsed = 00:00:04 . Memory (MB): peak = 2023.348 ; gain = 23.035 ; free physical = 151 ; free virtual = 933
Phase 3.7.1 Commit Small Macros and Core Logic | Checksum: 1039c5b9a

Time (s): cpu = 00:00:10 ; elapsed = 00:00:04 . Memory (MB): peak = 2023.348 ; gain = 23.035 ; free physical = 151 ; free virtual = 933

Phase 3.7.2 Clock Restriction Legalization for Leaf Columns
Phase 3.7.2 Clock Restriction Legalization for Leaf Columns | Checksum: 1039c5b9a

Time (s): cpu = 00:00:10 ; elapsed = 00:00:04 . Memory (MB): peak = 2023.348 ; gain = 23.035 ; free physical = 151 ; free virtual = 933

Phase 3.7.3 Clock Restriction Legalization for Non-Clock Pins
Phase 3.7.3 Clock Restriction Legalization for Non-Clock Pins | Checksum: 1039c5b9a

Time (s): cpu = 00:00:10 ; elapsed = 00:00:04 . Memory (MB): peak = 2023.348 ; gain = 23.035 ; free physical = 151 ; free virtual = 933
Phase 3.7 Small Shape Detail Placement | Checksum: 1039c5b9a

Time (s): cpu = 00:00:10 ; elapsed = 00:00:04 . Memory (MB): peak = 2023.348 ; gain = 23.035 ; free physical = 151 ; free virtual = 933

Phase 3.8 Re-assign LUT pins
Phase 3.8 Re-assign LUT pins | Checksum: 903be9ab

Time (s): cpu = 00:00:10 ; elapsed = 00:00:04 . Memory (MB): peak = 2023.348 ; gain = 23.035 ; free physical = 151 ; free virtual = 933
Phase 3 Detail Placement | Checksum: 903be9ab

Time (s): cpu = 00:00:10 ; elapsed = 00:00:04 . Memory (MB): peak = 2023.348 ; gain = 23.035 ; free physical = 151 ; free virtual = 933

Phase 4 Post Placement Optimization and Clean-Up

Phase 4.1 Post Commit Optimization

Phase 4.1.1 callUpdateTimingBeforePCO
Phase 4.1.1 callUpdateTimingBeforePCO | Checksum: b53f5912

Time (s): cpu = 00:00:10 ; elapsed = 00:00:05 . Memory (MB): peak = 2023.348 ; gain = 23.035 ; free physical = 151 ; free virtual = 933

Phase 4.1.2 updateClock Trees: PCOPT
Phase 4.1.2 updateClock Trees: PCOPT | Checksum: b53f5912

Time (s): cpu = 00:00:10 ; elapsed = 00:00:05 . Memory (MB): peak = 2023.348 ; gain = 23.035 ; free physical = 151 ; free virtual = 933

Phase 4.1.3 Post Placement Optimization

Phase 4.1.3.1 PCOPT Shape updates

Phase 4.1.3.1.1 removeOptionalFFsFromShapes
Phase 4.1.3.1.1 removeOptionalFFsFromShapes | Checksum: b53f5912

Time (s): cpu = 00:00:10 ; elapsed = 00:00:05 . Memory (MB): peak = 2023.348 ; gain = 23.035 ; free physical = 151 ; free virtual = 933

Phase 4.1.3.1.2 deleteLutnmShapes

Phase 4.1.3.1.2.1 deleteShapes
Phase 4.1.3.1.2.1 deleteShapes | Checksum: 196b5f379

Time (s): cpu = 00:00:11 ; elapsed = 00:00:05 . Memory (MB): peak = 2023.348 ; gain = 23.035 ; free physical = 151 ; free virtual = 933
Phase 4.1.3.1.2 deleteLutnmShapes | Checksum: 196b5f379

Time (s): cpu = 00:00:11 ; elapsed = 00:00:05 . Memory (MB): peak = 2023.348 ; gain = 23.035 ; free physical = 151 ; free virtual = 933
Phase 4.1.3.1 PCOPT Shape updates | Checksum: 196b5f379

Time (s): cpu = 00:00:11 ; elapsed = 00:00:05 . Memory (MB): peak = 2023.348 ; gain = 23.035 ; free physical = 151 ; free virtual = 933

Phase 4.1.3.2 Post Placement Timing Optimization
INFO: [Place 30-746] Post Placement Timing Summary WNS=2.381. For the most accurate timing information please run report_timing.
Phase 4.1.3.2 Post Placement Timing Optimization | Checksum: 162a6eea9

Time (s): cpu = 00:00:11 ; elapsed = 00:00:05 . Memory (MB): peak = 2023.348 ; gain = 23.035 ; free physical = 151 ; free virtual = 933
Phase 4.1.3 Post Placement Optimization | Checksum: 162a6eea9

Time (s): cpu = 00:00:11 ; elapsed = 00:00:05 . Memory (MB): peak = 2023.348 ; gain = 23.035 ; free physical = 151 ; free virtual = 933
Phase 4.1 Post Commit Optimization | Checksum: 162a6eea9

Time (s): cpu = 00:00:11 ; elapsed = 00:00:05 . Memory (MB): peak = 2023.348 ; gain = 23.035 ; free physical = 151 ; free virtual = 933

Phase 4.2 Sweep Clock Roots: Post-Placement
Phase 4.2 Sweep Clock Roots: Post-Placement | Checksum: 162a6eea9

Time (s): cpu = 00:00:11 ; elapsed = 00:00:05 . Memory (MB): peak = 2023.348 ; gain = 23.035 ; free physical = 151 ; free virtual = 933

Phase 4.3 Post Placement Cleanup
Phase 4.3 Post Placement Cleanup | Checksum: 162a6eea9

Time (s): cpu = 00:00:11 ; elapsed = 00:00:05 . Memory (MB): peak = 2023.348 ; gain = 23.035 ; free physical = 151 ; free virtual = 933

Phase 4.4 Placer Reporting

Phase 4.4.1 Restore STA
Phase 4.4.1 Restore STA | Checksum: 162a6eea9

Time (s): cpu = 00:00:11 ; elapsed = 00:00:05 . Memory (MB): peak = 2023.348 ; gain = 23.035 ; free physical = 151 ; free virtual = 933
Phase 4.4 Placer Reporting | Checksum: 162a6eea9

Time (s): cpu = 00:00:11 ; elapsed = 00:00:05 . Memory (MB): peak = 2023.348 ; gain = 23.035 ; free physical = 151 ; free virtual = 933

Phase 4.5 Final Placement Cleanup
Phase 4.5 Final Placement Cleanup | Checksum: 115c9f807

Time (s): cpu = 00:00:11 ; elapsed = 00:00:05 . Memory (MB): peak = 2023.348 ; gain = 23.035 ; free physical = 151 ; free virtual = 933
Phase 4 Post Placement Optimization and Clean-Up | Checksum: 115c9f807

Time (s): cpu = 00:00:11 ; elapsed = 00:00:05 . Memory (MB): peak = 2023.348 ; gain = 23.035 ; free physical = 151 ; free virtual = 933
Ending Placer Task | Checksum: ab8cfd3d

Time (s): cpu = 00:00:11 ; elapsed = 00:00:05 . Memory (MB): peak = 2023.348 ; gain = 23.035 ; free physical = 151 ; free virtual = 933
INFO: [Common 17-83] Releasing license: Implementation
40 Infos, 1 Warnings, 0 Critical Warnings and 0 Errors encountered.
place_design completed successfully
place_design: Time (s): cpu = 00:00:11 ; elapsed = 00:00:05 . Memory (MB): peak = 2023.348 ; gain = 23.035 ; free physical = 151 ; free virtual = 933
Writing placer database...
Writing XDEF routing.
Writing XDEF routing logical nets.
Writing XDEF routing special nets.
Write XDEF Complete: Time (s): cpu = 00:00:00.34 ; elapsed = 00:00:00.11 . Memory (MB): peak = 2023.348 ; gain = 0.000 ; free physical = 147 ; free virtual = 933
report_io: Time (s): cpu = 00:00:00.10 ; elapsed = 00:00:00.11 . Memory (MB): peak = 2023.348 ; gain = 0.000 ; free physical = 149 ; free virtual = 932
report_utilization: Time (s): cpu = 00:00:00.02 ; elapsed = 00:00:00.02 . Memory (MB): peak = 2023.348 ; gain = 0.000 ; free physical = 149 ; free virtual = 932
report_control_sets: Time (s): cpu = 00:00:00.01 ; elapsed = 00:00:00.01 . Memory (MB): peak = 2023.348 ; gain = 0.000 ; free physical = 149 ; free virtual = 932
Command: route_design
Attempting to get a license for feature 'Implementation' and/or device 'xc7z020'
INFO: [Common 17-349] Got license for feature 'Implementation' and/or device 'xc7z020'
Running DRC as a precondition to command route_design
INFO: [DRC 23-27] Running DRC with 8 threads
WARNING: [DRC 23-20] Rule violation (PLIO-7) Placement Constraints Check for IO constraints - An IO Bus FIXED_IO_mio[53:0] with more than one IO standard is found. Components associated with this bus are: LVCMOS18 (FIXED_IO_mio[53], FIXED_IO_mio[52], FIXED_IO_mio[51], FIXED_IO_mio[50], FIXED_IO_mio[49], FIXED_IO_mio[48], FIXED_IO_mio[47], FIXED_IO_mio[46], FIXED_IO_mio[45], FIXED_IO_mio[44], FIXED_IO_mio[43], FIXED_IO_mio[42], FIXED_IO_mio[41], FIXED_IO_mio[40], FIXED_IO_mio[39] (the first 15 of 38 listed)); LVCMOS33 (FIXED_IO_mio[15], FIXED_IO_mio[14], FIXED_IO_mio[13], FIXED_IO_mio[12], FIXED_IO_mio[11], FIXED_IO_mio[10], FIXED_IO_mio[9], FIXED_IO_mio[8], FIXED_IO_mio[7], FIXED_IO_mio[6], FIXED_IO_mio[5], FIXED_IO_mio[4], FIXED_IO_mio[3], FIXED_IO_mio[2], FIXED_IO_mio[1] (the first 15 of 16 listed)); 
INFO: [Vivado_Tcl 4-198] DRC finished with 0 Errors, 1 Warnings
INFO: [Vivado_Tcl 4-199] Please refer to the DRC report (report_drc) for more information.


Starting Routing Task
INFO: [Route 35-254] Multithreading enabled for route_design using a maximum of 8 CPUs
Checksum: PlaceDB: 2c371fa6 ConstDB: 0 ShapeSum: 7f55dd97 RouteDB: 0

Phase 1 Build RT Design
Phase 1 Build RT Design | Checksum: d2993f12

Time (s): cpu = 00:00:17 ; elapsed = 00:00:14 . Memory (MB): peak = 2023.348 ; gain = 0.000 ; free physical = 127 ; free virtual = 902

Phase 2 Router Initialization

Phase 2.1 Create Timer
Phase 2.1 Create Timer | Checksum: d2993f12

Time (s): cpu = 00:00:17 ; elapsed = 00:00:14 . Memory (MB): peak = 2023.348 ; gain = 0.000 ; free physical = 135 ; free virtual = 902

Phase 2.2 Pre Route Cleanup
Phase 2.2 Pre Route Cleanup | Checksum: d2993f12

Time (s): cpu = 00:00:17 ; elapsed = 00:00:14 . Memory (MB): peak = 2023.348 ; gain = 0.000 ; free physical = 123 ; free virtual = 872
 Number of Nodes with overlaps = 0

Phase 2.3 Update Timing
Phase 2.3 Update Timing | Checksum: 23cc8d4e7

Time (s): cpu = 00:00:18 ; elapsed = 00:00:15 . Memory (MB): peak = 2023.348 ; gain = 0.000 ; free physical = 110 ; free virtual = 860
INFO: [Route 35-416] Intermediate Timing Summary | WNS=2.390  | TNS=0.000  | WHS=-0.344 | THS=-31.238|

Phase 2 Router Initialization | Checksum: 291bfaeda

Time (s): cpu = 00:00:19 ; elapsed = 00:00:15 . Memory (MB): peak = 2023.348 ; gain = 0.000 ; free physical = 109 ; free virtual = 859

Phase 3 Initial Routing
Phase 3 Initial Routing | Checksum: 1252717d2

Time (s): cpu = 00:00:21 ; elapsed = 00:00:15 . Memory (MB): peak = 2023.348 ; gain = 0.000 ; free physical = 109 ; free virtual = 859

Phase 4 Rip-up And Reroute

Phase 4.1 Global Iteration 0
 Number of Nodes with overlaps = 170
 Number of Nodes with overlaps = 3
 Number of Nodes with overlaps = 0

Phase 4.1.1 Update Timing
Phase 4.1.1 Update Timing | Checksum: 1d89343f7

Time (s): cpu = 00:00:23 ; elapsed = 00:00:16 . Memory (MB): peak = 2023.348 ; gain = 0.000 ; free physical = 108 ; free virtual = 858
INFO: [Route 35-416] Intermediate Timing Summary | WNS=1.972  | TNS=0.000  | WHS=N/A    | THS=N/A    |

Phase 4.1 Global Iteration 0 | Checksum: 1e3310ef3

Time (s): cpu = 00:00:23 ; elapsed = 00:00:16 . Memory (MB): peak = 2023.348 ; gain = 0.000 ; free physical = 108 ; free virtual = 858
Phase 4 Rip-up And Reroute | Checksum: 1e3310ef3

Time (s): cpu = 00:00:23 ; elapsed = 00:00:16 . Memory (MB): peak = 2023.348 ; gain = 0.000 ; free physical = 108 ; free virtual = 858

Phase 5 Delay and Skew Optimization

Phase 5.1 Delay CleanUp

Phase 5.1.1 Update Timing
Phase 5.1.1 Update Timing | Checksum: 1dfdac982

Time (s): cpu = 00:00:23 ; elapsed = 00:00:16 . Memory (MB): peak = 2023.348 ; gain = 0.000 ; free physical = 108 ; free virtual = 858
INFO: [Route 35-416] Intermediate Timing Summary | WNS=1.972  | TNS=0.000  | WHS=N/A    | THS=N/A    |

Phase 5.1 Delay CleanUp | Checksum: 1dfdac982

Time (s): cpu = 00:00:23 ; elapsed = 00:00:16 . Memory (MB): peak = 2023.348 ; gain = 0.000 ; free physical = 108 ; free virtual = 858

Phase 5.2 Clock Skew Optimization
Phase 5.2 Clock Skew Optimization | Checksum: 1dfdac982

Time (s): cpu = 00:00:23 ; elapsed = 00:00:16 . Memory (MB): peak = 2023.348 ; gain = 0.000 ; free physical = 108 ; free virtual = 858
Phase 5 Delay and Skew Optimization | Checksum: 1dfdac982

Time (s): cpu = 00:00:23 ; elapsed = 00:00:16 . Memory (MB): peak = 2023.348 ; gain = 0.000 ; free physical = 108 ; free virtual = 858

Phase 6 Post Hold Fix

Phase 6.1 Update Timing
Phase 6.1 Update Timing | Checksum: 18ded07f6

Time (s): cpu = 00:00:24 ; elapsed = 00:00:16 . Memory (MB): peak = 2023.348 ; gain = 0.000 ; free physical = 108 ; free virtual = 858
INFO: [Route 35-416] Intermediate Timing Summary | WNS=1.972  | TNS=0.000  | WHS=0.085  | THS=0.000  |

Phase 6 Post Hold Fix | Checksum: 168a5267e

Time (s): cpu = 00:00:24 ; elapsed = 00:00:16 . Memory (MB): peak = 2023.348 ; gain = 0.000 ; free physical = 108 ; free virtual = 858

Phase 7 Route finalize

Router Utilization Summary
  Global Vertical Routing Utilization    = 0.619136 %
  Global Horizontal Routing Utilization  = 0.591109 %
  Routable Net Status*
  *Does not include unroutable nets such as driverless and loadless.
  Run report_route_status for detailed report.
  Number of Failed Nets               = 0
  Number of Unrouted Nets             = 0
  Number of Partially Routed Nets     = 0
  Number of Node Overlaps             = 0

Phase 7 Route finalize | Checksum: 1ecbe3373

Time (s): cpu = 00:00:24 ; elapsed = 00:00:16 . Memory (MB): peak = 2023.348 ; gain = 0.000 ; free physical = 108 ; free virtual = 858

Phase 8 Verifying routed nets

 Verification completed successfully
Phase 8 Verifying routed nets | Checksum: 1ecbe3373

Time (s): cpu = 00:00:24 ; elapsed = 00:00:16 . Memory (MB): peak = 2023.348 ; gain = 0.000 ; free physical = 108 ; free virtual = 858

Phase 9 Depositing Routes
Phase 9 Depositing Routes | Checksum: 189557f1e

Time (s): cpu = 00:00:24 ; elapsed = 00:00:16 . Memory (MB): peak = 2023.348 ; gain = 0.000 ; free physical = 108 ; free virtual = 858

Phase 10 Post Router Timing
INFO: [Route 35-57] Estimated Timing Summary | WNS=1.972  | TNS=0.000  | WHS=0.085  | THS=0.000  |

INFO: [Route 35-327] The final timing numbers are based on the router estimated timing analysis. For a complete and accurate timing signoff, please run report_timing_summary.
Phase 10 Post Router Timing | Checksum: 189557f1e

Time (s): cpu = 00:00:24 ; elapsed = 00:00:16 . Memory (MB): peak = 2023.348 ; gain = 0.000 ; free physical = 108 ; free virtual = 858
INFO: [Route 35-16] Router Completed Successfully

Time (s): cpu = 00:00:24 ; elapsed = 00:00:16 . Memory (MB): peak = 2023.348 ; gain = 0.000 ; free physical = 108 ; free virtual = 858

Routing Is Done.
INFO: [Common 17-83] Releasing license: Implementation
53 Infos, 2 Warnings, 0 Critical Warnings and 0 Errors encountered.
route_design completed successfully
route_design: Time (s): cpu = 00:00:24 ; elapsed = 00:00:17 . Memory (MB): peak = 2023.348 ; gain = 0.000 ; free physical = 107 ; free virtual = 857
Writing placer database...
Writing XDEF routing.
Writing XDEF routing logical nets.
Writing XDEF routing special nets.
Write XDEF Complete: Time (s): cpu = 00:00:00.49 ; elapsed = 00:00:00.16 . Memory (MB): peak = 2023.348 ; gain = 0.000 ; free physical = 102 ; free virtual = 857
INFO: [DRC 23-27] Running DRC with 8 threads
INFO: [Coretcl 2-168] The results of DRC are in file /home/iq/Documents/marketinternational_filter/Example_reference/Zynq7000AP_SoC_Ethernet_Packet_Redirection_Design/HW/project/project.runs/impl_1/design_1_wrapper_drc_routed.rpt.
INFO: [Timing 38-91] UpdateTimingParams: Speed grade: -1, Delay Type: min_max.
INFO: [Timing 38-191] Multithreading enabled for timing update using a maximum of 8 CPUs
Running Vector-less Activity Propagation...

Finished Running Vector-less Activity Propagation
INFO: [Common 17-206] Exiting Vivado at Mon Aug  7 12:14:09 2017...

*** Running vivado
    with args -log design_1_wrapper.vdi -applog -m64 -messageDb vivado.pb -mode batch -source design_1_wrapper.tcl -notrace


****** Vivado v2015.3 (64-bit)
  **** SW Build 1368829 on Mon Sep 28 20:06:39 MDT 2015
  **** IP Build 1367837 on Mon Sep 28 08:56:14 MDT 2015
    ** Copyright 1986-2015 Xilinx, Inc. All Rights Reserved.

source design_1_wrapper.tcl -notrace
Command: open_checkpoint design_1_wrapper_routed.dcp
INFO: [Netlist 29-17] Analyzing 2 Unisim elements for replacement
INFO: [Netlist 29-28] Unisim Transformation completed in 0 CPU seconds
INFO: [Project 1-479] Netlist was created with Vivado 2015.3
INFO: [Device 21-403] Loading part xc7z020clg484-1
INFO: [Project 1-570] Preparing netlist for logic optimization
Parsing XDC File [/home/iq/Documents/marketinternational_filter/Example_reference/Zynq7000AP_SoC_Ethernet_Packet_Redirection_Design/HW/project/project.runs/impl_1/.Xil/Vivado-17403-iq-OptiPlex-9010/dcp/design_1_wrapper_early.xdc]
Finished Parsing XDC File [/home/iq/Documents/marketinternational_filter/Example_reference/Zynq7000AP_SoC_Ethernet_Packet_Redirection_Design/HW/project/project.runs/impl_1/.Xil/Vivado-17403-iq-OptiPlex-9010/dcp/design_1_wrapper_early.xdc]
Reading XDEF placement.
Reading placer database...
Reading XDEF routing.
Read XDEF File: Time (s): cpu = 00:00:00.26 ; elapsed = 00:00:00.27 . Memory (MB): peak = 1185.641 ; gain = 3.000 ; free physical = 537 ; free virtual = 1397
Restored from archive | CPU: 0.260000 secs | Memory: 2.193512 MB |
Finished XDEF File Restore: Time (s): cpu = 00:00:00.26 ; elapsed = 00:00:00.27 . Memory (MB): peak = 1185.641 ; gain = 3.000 ; free physical = 537 ; free virtual = 1397

INFO: [Project 1-111] Unisim Transformation Summary:
No Unisim elements were transformed.

INFO: [Project 1-604] Checkpoint was created with Vivado v2015.3 (64-bit) build 1368829
open_checkpoint: Time (s): cpu = 00:00:06 ; elapsed = 00:00:06 . Memory (MB): peak = 1186.641 ; gain = 256.270 ; free physical = 542 ; free virtual = 1396
Attempting to get a license for feature 'Implementation' and/or device 'xc7z020'
INFO: [Common 17-349] Got license for feature 'Implementation' and/or device 'xc7z020'
Running DRC as a precondition to command write_bitstream
INFO: [DRC 23-27] Running DRC with 8 threads
INFO: [Vivado 12-3199] DRC finished with 0 Errors
INFO: [Vivado 12-3200] Please refer to the DRC report (report_drc) for more information.
Loading data files...
Loading site data...
Loading route data...
Processing options...
Creating bitmap...
Creating bitstream...
Writing bitstream ./design_1_wrapper.bit...
INFO: [Vivado 12-1842] Bitgen Completed Successfully.
INFO: [Common 17-83] Releasing license: Implementation
write_bitstream: Time (s): cpu = 00:00:17 ; elapsed = 00:00:16 . Memory (MB): peak = 1578.738 ; gain = 392.098 ; free physical = 172 ; free virtual = 1053
INFO: [Common 17-206] Exiting Vivado at Mon Aug  7 12:39:22 2017...
