#-----------------------------------------------------------
# Vivado v2015.3 (64-bit)
# SW Build 1368829 on Mon Sep 28 20:06:43 MDT 2015
# IP Build 1367837 on Mon Sep 28 08:56:14 MDT 2015
# Start of session at: Sun Aug 06 21:53:21 2017
# Process ID: 6944
# Current directory: I:/Zynq7000AP_SoC_Ethernet_Packet_Redirection_Design/HW/project
# Command line: vivado.exe -gui_launcher_event rodinguilauncherevent6824 I:\Zynq7000AP_SoC_Ethernet_Packet_Redirection_Design\HW\project\project.xpr
# Log file: I:/Zynq7000AP_SoC_Ethernet_Packet_Redirection_Design/HW/project/vivado.log
# Journal file: I:/Zynq7000AP_SoC_Ethernet_Packet_Redirection_Design/HW/project\vivado.jou
#-----------------------------------------------------------
start_gui
open_project I:/Zynq7000AP_SoC_Ethernet_Packet_Redirection_Design/HW/project/project.xpr
Scanning sources...
Finished scanning sources
INFO: [IP_Flow 19-234] Refreshing IP repositories
INFO: [IP_Flow 19-1704] No user IP repositories specified
INFO: [IP_Flow 19-2313] Loaded Vivado IP repository 'C:/Xilinx/Vivado/2015.3/data/ip'.
open_project: Time (s): cpu = 00:00:42 ; elapsed = 00:00:57 . Memory (MB): peak = 830.402 ; gain = 194.473
reset_run impl_1 -prev_step 
WARNING: [Vivado 12-1017] Problems encountered:
1. Couldn't access process for termination

launch_runs impl_1 -to_step write_bitstream -jobs 4
[Sun Aug 06 21:56:17 2017] Launched impl_1...
Run output will be captured here: I:/Zynq7000AP_SoC_Ethernet_Packet_Redirection_Design/HW/project/project.runs/impl_1/runme.log
launch_runs: Time (s): cpu = 00:00:01 ; elapsed = 00:00:06 . Memory (MB): peak = 830.402 ; gain = 0.000
