#-----------------------------------------------------------
# Vivado v2015.3 (64-bit)
# SW Build 1368829 on Mon Sep 28 20:06:43 MDT 2015
# IP Build 1367837 on Mon Sep 28 08:56:14 MDT 2015
# Start of session at: Sun Aug 06 21:35:43 2017
# Process ID: 748
# Current directory: I:/Zynq7000AP_SoC_Ethernet_Packet_Redirection_Design/HW/project
# Command line: vivado.exe -gui_launcher_event rodinguilauncherevent7336 I:\Zynq7000AP_SoC_Ethernet_Packet_Redirection_Design\HW\project\project.xpr
# Log file: I:/Zynq7000AP_SoC_Ethernet_Packet_Redirection_Design/HW/project/vivado.log
# Journal file: I:/Zynq7000AP_SoC_Ethernet_Packet_Redirection_Design/HW/project\vivado.jou
#-----------------------------------------------------------
start_gui
open_project I:/Zynq7000AP_SoC_Ethernet_Packet_Redirection_Design/HW/project/project.xpr
INFO: [Project 1-313] Project file moved from '/home/iq/Documents/marketinternational_filter/Example_reference/Zynq7000AP_SoC_Ethernet_Packet_Redirection_Design/HW/project' since last save.
Scanning sources...
Finished scanning sources
INFO: [IP_Flow 19-234] Refreshing IP repositories
INFO: [IP_Flow 19-1704] No user IP repositories specified
INFO: [IP_Flow 19-2313] Loaded Vivado IP repository 'C:/Xilinx/Vivado/2015.3/data/ip'.
open_project: Time (s): cpu = 00:00:31 ; elapsed = 00:00:52 . Memory (MB): peak = 724.246 ; gain = 128.574
reset_run synth_1
launch_runs synth_1 -jobs 4
INFO: [HDL 9-2216] Analyzing Verilog file "I:/Zynq7000AP_SoC_Ethernet_Packet_Redirection_Design/HW/project/project.srcs/sources_1/bd/design_1/hdl/design_1_wrapper.v" into library work [I:/Zynq7000AP_SoC_Ethernet_Packet_Redirection_Design/HW/project/project.srcs/sources_1/bd/design_1/hdl/design_1_wrapper.v:1]
INFO: [HDL 9-2216] Analyzing Verilog file "I:/Zynq7000AP_SoC_Ethernet_Packet_Redirection_Design/HW/project/project.srcs/sources_1/bd/design_1/hdl/design_1.v" into library work [I:/Zynq7000AP_SoC_Ethernet_Packet_Redirection_Design/HW/project/project.srcs/sources_1/bd/design_1/hdl/design_1.v:1]
[Sun Aug 06 21:40:46 2017] Launched synth_1...
Run output will be captured here: I:/Zynq7000AP_SoC_Ethernet_Packet_Redirection_Design/HW/project/project.runs/synth_1/runme.log
launch_runs: Time (s): cpu = 00:00:01 ; elapsed = 00:00:06 . Memory (MB): peak = 728.391 ; gain = 0.000
launch_runs impl_1 -jobs 4
[Sun Aug 06 21:47:31 2017] Launched impl_1...
Run output will be captured here: I:/Zynq7000AP_SoC_Ethernet_Packet_Redirection_Design/HW/project/project.runs/impl_1/runme.log
