@I [HLS-0] Workspace /home/iq/Documents/marketinternational_filter/HLS_IPs/Packet_Parser/Packet_lo_pl/solution1 opened at Sat Aug 26 11:22:04 PKT 2017
@I [HLS-100] Command "config_clock -quiet -name default -period 10 -default=false "
@I [SYN-201] Setting up clock 'default' with a period of 10ns.
@I [HLS-100] Command 'config_clock' returned 0; elapsed 3.4e-05Total elapsed time: 0.192 sec.
@I [HLS-100] Command "open_platform DefaultPlatform "
@I [HLS-100] Command 'open_platform' returned 0; elapsed 2.8e-05Total elapsed time: 0.193 sec.
@I [HLS-100] Command "import_lib /opt/Xilinx/Vivado_HLS/2015.3/common/technology/xilinx/zynq/zynq "
@I [HLS-100] Command "source /opt/Xilinx/Vivado_HLS/2015.3/common/technology/xilinx/common/xilinx.lib "
@I [HLS-100] Command "source /opt/Xilinx/Vivado_HLS/2015.3/common/technology/xilinx/interface/xilinx_interface.lib "
@I [HLS-100] Command "source /opt/Xilinx/Vivado_HLS/2015.3/common/technology/xilinx/interface/plb46.lib "
@I [HLS-100] Command 'ap_source' returned 0; elapsed 0.000182Total elapsed time: 0.193 sec.
@I [HLS-100] Command "source /opt/Xilinx/Vivado_HLS/2015.3/common/technology/xilinx/interface/fsl.lib "
@I [HLS-100] Command 'ap_source' returned 0; elapsed 8.2e-05Total elapsed time: 0.193 sec.
@I [HLS-100] Command "source /opt/Xilinx/Vivado_HLS/2015.3/common/technology/xilinx/interface/axi4.lib "
@I [HLS-100] Command 'ap_source' returned 0; elapsed 0.000123Total elapsed time: 0.193 sec.
@I [HLS-100] Command "source /opt/Xilinx/Vivado_HLS/2015.3/common/technology/xilinx/interface/maxi.lib "
@I [HLS-100] Command 'ap_source' returned 0; elapsed 0.000102Total elapsed time: 0.194 sec.
@I [HLS-100] Command "source /opt/Xilinx/Vivado_HLS/2015.3/common/technology/xilinx/interface/saxilite.lib "
@I [HLS-100] Command 'ap_source' returned 0; elapsed 6.7e-05Total elapsed time: 0.194 sec.
@I [HLS-100] Command 'ap_source' returned 0; elapsed 0.000753Total elapsed time: 0.194 sec.
@I [HLS-100] Command "source /opt/Xilinx/Vivado_HLS/2015.3/common/technology/xilinx/common/dsp48.lib "
@I [HLS-100] Command 'ap_source' returned 0; elapsed 7.7e-05Total elapsed time: 0.194 sec.
@I [HLS-100] Command "source /opt/Xilinx/Vivado_HLS/2015.3/common/technology/xilinx/ip/xfft.lib "
@I [HLS-100] Command 'ap_source' returned 0; elapsed 4.6e-05Total elapsed time: 0.194 sec.
@I [HLS-100] Command "source /opt/Xilinx/Vivado_HLS/2015.3/common/technology/xilinx/ip/dds_compiler.lib "
@I [HLS-100] Command 'ap_source' returned 0; elapsed 4e-05Total elapsed time: 0.194 sec.
@I [HLS-100] Command "source /opt/Xilinx/Vivado_HLS/2015.3/common/technology/xilinx/ip/xfir.lib "
@I [HLS-100] Command 'ap_source' returned 0; elapsed 4e-05Total elapsed time: 0.194 sec.
@I [HLS-100] Command 'ap_source' returned 0; elapsed 0.00289Total elapsed time: 0.196 sec.
@I [HLS-100] Command "source /opt/Xilinx/Vivado_HLS/2015.3/common/technology/xilinx/common/xilinx_old.lib "
@I [HLS-100] Command 'ap_source' returned 0; elapsed 0.000513Total elapsed time: 0.198 sec.
@I [HLS-100] Command "source /opt/Xilinx/Vivado_HLS/2015.3/common/technology/xilinx/common/xilinx_vivado.lib "
@I [HLS-100] Command 'ap_source' returned 0; elapsed 0.000403Total elapsed time: 0.198 sec.
@I [HLS-100] Command "source /opt/Xilinx/Vivado_HLS/2015.3/common/technology/xilinx/common/xilinx.hlp "
@I [HLS-100] Command "source /opt/Xilinx/Vivado_HLS/2015.3/common/technology/xilinx/common/target_info.tcl "
@I [HLS-100] Command 'ap_source' returned 0; elapsed 8.3e-05Total elapsed time: 0.200 sec.
@I [HLS-100] Command "source /opt/Xilinx/Vivado_HLS/2015.3/common/technology/xilinx/interface/xilinx_interface.hlp "
@I [HLS-100] Command "source /opt/Xilinx/Vivado_HLS/2015.3/common/technology/xilinx/interface/maxi.hlp "
@I [HLS-100] Command 'ap_source' returned 0; elapsed 5.3e-05Total elapsed time: 0.200 sec.
@I [HLS-100] Command "source /opt/Xilinx/Vivado_HLS/2015.3/common/technology/xilinx/interface/saxilite.hlp "
@I [HLS-100] Command 'ap_source' returned 0; elapsed 5.4e-05Total elapsed time: 0.200 sec.
@I [HLS-100] Command 'ap_source' returned 0; elapsed 0.000181Total elapsed time: 0.200 sec.
@I [HLS-100] Command "source /opt/Xilinx/Vivado_HLS/2015.3/common/technology/xilinx/common/dsp48.hlp "
@I [HLS-100] Command 'ap_source' returned 0; elapsed 0.000417Total elapsed time: 0.200 sec.
@I [HLS-100] Command 'ap_source' returned 0; elapsed 0.001436Total elapsed time: 0.201 sec.
@I [HLS-100] Command "source /opt/Xilinx/Vivado_HLS/2015.3/common/technology/xilinx/zynq/dsp48e1.hlp "
@I [HLS-100] Command 'ap_source' returned 0; elapsed 5.3e-05Total elapsed time: 0.201 sec.
@I [HLS-100] Command "get_default_platform "
@I [HLS-100] Command 'get_default_platform' returned 0; elapsed 9e-06Total elapsed time: 0.201 sec.
@I [HLS-100] Command "config_chip_info -quiet -resource  {SLICE 13300}  {LUT 53200}     {FF 106400} {DSP48E 220}   {BRAM 280}  "
@I [HLS-100] Command 'config_chip_info' returned 0; elapsed 1.9e-05Total elapsed time: 0.201 sec.
@I [HLS-100] Command "config_chip_info -quiet -speed medium "
@I [HLS-100] Command 'config_chip_info' returned 0; elapsed 3e-06Total elapsed time: 0.201 sec.
@I [HLS-100] Command 'import_lib' returned 0; elapsed 0.009351Total elapsed time: 0.202 sec.
@I [HLS-100] Command "source /opt/Xilinx/Vivado_HLS/2015.3/common/technology/xilinx/zynq/zynq.gen "
@I [HLS-100] Command "source /opt/Xilinx/Vivado_HLS/2015.3/common/technology/xilinx/common/virtex.gen "
@I [HLS-100] Command "source /opt/Xilinx/Vivado_HLS/2015.3/common/technology/xilinx/common/xilinx.gen "
@I [HLS-100] Command "source /opt/Xilinx/Vivado_HLS/2015.3/common/technology/xilinx/interface/plb46.gen "
@I [HLS-100] Command 'ap_source' returned 0; elapsed 0.000656Total elapsed time: 0.203 sec.
@I [HLS-100] Command "source /opt/Xilinx/Vivado_HLS/2015.3/common/technology/xilinx/interface/fsl.gen "
@I [HLS-100] Command 'ap_source' returned 0; elapsed 0.000254Total elapsed time: 0.203 sec.
@I [HLS-100] Command "source /opt/Xilinx/Vivado_HLS/2015.3/common/technology/xilinx/interface/axi4.gen "
@I [HLS-100] Command 'ap_source' returned 0; elapsed 0.001257Total elapsed time: 0.205 sec.
@I [HLS-100] Command "source /opt/Xilinx/Vivado_HLS/2015.3/common/technology/xilinx/interface/nativeAXI4.gen "
@I [HLS-100] Command "source /opt/Xilinx/Vivado_HLS/2015.3/common/technology/xilinx/interface/saxilite.gen "
@I [HLS-100] Command 'ap_source' returned 0; elapsed 0.002199Total elapsed time: 0.207 sec.
@I [HLS-100] Command "source /opt/Xilinx/Vivado_HLS/2015.3/common/technology/xilinx/interface/maxi.gen "
@I [HLS-100] Command 'ap_source' returned 0; elapsed 0.004469Total elapsed time: 0.211 sec.
@I [HLS-100] Command 'ap_source' returned 0; elapsed 0.006754Total elapsed time: 0.212 sec.
@I [HLS-100] Command "source /opt/Xilinx/Vivado_HLS/2015.3/common/technology/xilinx/scripts/xilinxcoregen.gen "
@I [HLS-100] Command 'ap_source' returned 0; elapsed 0.005258Total elapsed time: 0.217 sec.
@I [HLS-100] Command "source /opt/Xilinx/Vivado_HLS/2015.3/common/technology/xilinx/interface/XilEDKCoreGen.gen "
@I [HLS-100] Command 'ap_source' returned 0; elapsed 0.004899Total elapsed time: 0.222 sec.
@I [HLS-100] Command "source /opt/Xilinx/Vivado_HLS/2015.3/common/technology/xilinx/ip/util.gen "
@I [HLS-100] Command 'ap_source' returned 0; elapsed 7.6e-05Total elapsed time: 0.222 sec.
@I [HLS-100] Command "source /opt/Xilinx/Vivado_HLS/2015.3/common/technology/xilinx/ip/xfir.gen "
@I [HLS-100] Command "source /opt/Xilinx/Vivado_HLS/2015.3/tps/tcl/tcllib1.11.1/struct/list.tcl "
@I [HLS-100] Command "source /opt/Xilinx/Vivado_HLS/2015.3/tps/tcl/tcllib1.11.1/cmdline/cmdline.tcl "
@I [HLS-100] Command 'ap_source' returned 0; elapsed 0.00047Total elapsed time: 0.231 sec.
@I [HLS-100] Command 'ap_source' returned 0; elapsed 0.001087Total elapsed time: 0.232 sec.
@I [HLS-100] Command "source /opt/Xilinx/Vivado_HLS/2015.3/tps/tcl/tcllib1.11.1/math/bignum.tcl "
@I [HLS-100] Command 'ap_source' returned 0; elapsed 0.000354Total elapsed time: 0.239 sec.
@I [HLS-100] Command 'ap_source' returned 0; elapsed 0.021171Total elapsed time: 0.243 sec.
@I [HLS-100] Command "source /opt/Xilinx/Vivado_HLS/2015.3/common/technology/xilinx/ip/xfft.gen "
@I [HLS-100] Command 'ap_source' returned 0; elapsed 0.07006Total elapsed time: 0.313 sec.
@I [HLS-100] Command "source /opt/Xilinx/Vivado_HLS/2015.3/common/technology/xilinx/ip/dds_compiler.gen "
@I [HLS-100] Command 'ap_source' returned 0; elapsed 0.002048Total elapsed time: 0.315 sec.
@I [HLS-100] Command 'ap_source' returned 0; elapsed 0.11285Total elapsed time: 0.315 sec.
@I [HLS-100] Command "source /opt/Xilinx/Vivado_HLS/2015.3/common/technology/xilinx/common/dsp48.gen "
@I [HLS-100] Command 'ap_source' returned 0; elapsed 7.3e-05Total elapsed time: 0.316 sec.
@I [HLS-100] Command 'ap_source' returned 0; elapsed 0.114004Total elapsed time: 0.316 sec.
@I [HLS-100] Command 'ap_source' returned 0; elapsed 0.114075Total elapsed time: 0.316 sec.
@I [HLS-100] Command "open_platform DefaultPlatform "
@I [HLS-100] Command 'open_platform' returned 0; elapsed 5e-06Total elapsed time: 0.316 sec.
@I [HLS-100] Command "import_lib /opt/Xilinx/Vivado_HLS/2015.3/common/technology/xilinx/zynq/zynq_fpv6 "
@I [HLS-100] Command "source /opt/Xilinx/Vivado_HLS/2015.3/common/technology/xilinx/common/xilinx_fpv7.lib "
@I [HLS-100] Command "source /opt/Xilinx/Vivado_HLS/2015.3/common/technology/xilinx/common/xilinx_hp.lib "
@I [HLS-100] Command 'ap_source' returned 0; elapsed 0.000421Total elapsed time: 0.317 sec.
@I [HLS-100] Command 'ap_source' returned 0; elapsed 0.002193Total elapsed time: 0.319 sec.
@I [HLS-100] Command "source /opt/Xilinx/Vivado_HLS/2015.3/common/technology/xilinx/common/xilinx_fpv.hlp "
@I [HLS-100] Command "source /opt/Xilinx/Vivado_HLS/2015.3/common/technology/xilinx/common/xilinx.hlp "
@I [HLS-100] Command "source /opt/Xilinx/Vivado_HLS/2015.3/common/technology/xilinx/common/target_info.tcl "
@I [HLS-100] Command 'ap_source' returned 0; elapsed 9.6e-05Total elapsed time: 0.322 sec.
@I [HLS-100] Command "source /opt/Xilinx/Vivado_HLS/2015.3/common/technology/xilinx/interface/xilinx_interface.hlp "
@I [HLS-100] Command "source /opt/Xilinx/Vivado_HLS/2015.3/common/technology/xilinx/interface/maxi.hlp "
@I [HLS-100] Command 'ap_source' returned 0; elapsed 5.3e-05Total elapsed time: 0.322 sec.
@I [HLS-100] Command "source /opt/Xilinx/Vivado_HLS/2015.3/common/technology/xilinx/interface/saxilite.hlp "
@I [HLS-100] Command 'ap_source' returned 0; elapsed 5.2e-05Total elapsed time: 0.323 sec.
@I [HLS-100] Command 'ap_source' returned 0; elapsed 0.000177Total elapsed time: 0.323 sec.
@I [HLS-100] Command "source /opt/Xilinx/Vivado_HLS/2015.3/common/technology/xilinx/common/dsp48.hlp "
@I [HLS-100] Command 'ap_source' returned 0; elapsed 0.000346Total elapsed time: 0.323 sec.
@I [HLS-100] Command 'ap_source' returned 0; elapsed 0.001291Total elapsed time: 0.323 sec.
@I [HLS-100] Command 'ap_source' returned 0; elapsed 0.001605Total elapsed time: 0.324 sec.
@I [HLS-100] Command "source /opt/Xilinx/Vivado_HLS/2015.3/common/technology/xilinx/zynq/zynq_hp.hlp "
@I [HLS-100] Command 'ap_source' returned 0; elapsed 0.000501Total elapsed time: 0.324 sec.
@I [HLS-100] Command 'import_lib' returned 0; elapsed 0.010298Total elapsed time: 0.327 sec.
@I [HLS-100] Command "source /opt/Xilinx/Vivado_HLS/2015.3/common/technology/xilinx/zynq/zynq_fpv6.gen "
@I [HLS-100] Command "source /opt/Xilinx/Vivado_HLS/2015.3/common/technology/xilinx/common/xilinx_fpv6.gen "
@I [HLS-100] Command 'ap_source' returned 0; elapsed 0.000895Total elapsed time: 0.328 sec.
@I [HLS-100] Command 'ap_source' returned 0; elapsed 0.000961Total elapsed time: 0.328 sec.
@I [HLS-100] Command "set_part xc7z020clg400-1 "
@I [HLS-100] Command "add_library xilinx/zynq/zynq:xc7z020:clg400:-1 "
@I [HLS-100] Command "get_default_platform "
@I [HLS-100] Command 'get_default_platform' returned 0; elapsed 4e-06Total elapsed time: 0.330 sec.
@I [HLS-100] Command "license_exists VIVADO_HLS "
@I [HLS-100] Command 'license_exists' returned 0; elapsed 5e-06Total elapsed time: 0.330 sec.
@I [HLS-100] Command "get_default_platform "
@I [HLS-100] Command 'get_default_platform' returned 0; elapsed 3e-06Total elapsed time: 0.331 sec.
@I [HLS-100] Command "config_chip_info -quiet -resource  {SLICE 13300}  {LUT 53200}     {FF 106400} {DSP48E 220}   {BRAM 280}  "
@I [HLS-100] Command 'config_chip_info' returned 0; elapsed 1e-05Total elapsed time: 0.331 sec.
@I [HLS-100] Command "config_chip_info -quiet -speed slow "
@I [HLS-100] Command 'config_chip_info' returned 0; elapsed 3e-06Total elapsed time: 0.331 sec.
@I [HLS-100] Command 'add_library' returned 0; elapsed 0.001847Total elapsed time: 0.332 sec.
@I [HLS-100] Command "add_library xilinx/zynq/zynq_fpv6 "
@I [HLS-100] Command "get_default_platform "
@I [HLS-100] Command 'get_default_platform' returned 0; elapsed 3e-06Total elapsed time: 0.332 sec.
@I [HLS-100] Command "license_exists VIVADO_HLS "
@I [HLS-100] Command 'license_exists' returned 0; elapsed 3e-06Total elapsed time: 0.332 sec.
@I [HLS-100] Command 'add_library' returned 0; elapsed 0.001008Total elapsed time: 0.333 sec.
@I [HLS-10] Setting target device to 'xc7z020clg400-1'
@I [HLS-100] Command 'set_part' returned 0; elapsed 0.004555Total elapsed time: 0.333 sec.
@I [HLS-100] Command "get_default_platform "
@I [HLS-100] Command 'get_default_platform' returned 0; elapsed 2e-06Total elapsed time: 0.333 sec.
@I [HLS-100] Command "config_chip_info -quiet -resource  {SLICE 13300}  {LUT 53200}     {FF 106400} {DSP48E 220}   {BRAM 280}  "
@I [HLS-100] Command 'config_chip_info' returned 0; elapsed 6e-06Total elapsed time: 0.333 sec.
@I [HLS-100] Command "config_chip_info -quiet -speed slow "
@I [HLS-100] Command 'config_chip_info' returned 0; elapsed 2e-06Total elapsed time: 0.333 sec.
@I [HLS-100] Command 'open_solution' returned 0; elapsed 0.144212Total elapsed time: 0.333 sec.
@I [HLS-100] Command "set_part xc7z020clg400-1 "
@I [HLS-100] Command "add_library xilinx/zynq/zynq:xc7z020:clg400:-1 "
@I [HLS-100] Command "get_default_platform "
@I [HLS-100] Command 'get_default_platform' returned 0; elapsed 3e-06Total elapsed time: 0.334 sec.
@I [HLS-100] Command "license_exists VIVADO_HLS "
@I [HLS-100] Command 'license_exists' returned 0; elapsed 4e-06Total elapsed time: 0.335 sec.
@I [HLS-100] Command "get_default_platform "
@I [HLS-100] Command 'get_default_platform' returned 0; elapsed 3e-06Total elapsed time: 0.335 sec.
@I [HLS-100] Command "config_chip_info -quiet -resource  {SLICE 13300}  {LUT 53200}     {FF 106400} {DSP48E 220}   {BRAM 280}  "
@I [HLS-100] Command 'config_chip_info' returned 0; elapsed 7e-06Total elapsed time: 0.335 sec.
@I [HLS-100] Command "config_chip_info -quiet -speed slow "
@I [HLS-100] Command 'config_chip_info' returned 0; elapsed 2e-06Total elapsed time: 0.335 sec.
@I [HLS-100] Command 'add_library' returned 0; elapsed 0.001608Total elapsed time: 0.336 sec.
@I [HLS-100] Command "add_library xilinx/zynq/zynq_fpv6 "
@I [HLS-100] Command "get_default_platform "
@I [HLS-100] Command 'get_default_platform' returned 0; elapsed 3e-06Total elapsed time: 0.337 sec.
@I [HLS-100] Command "license_exists VIVADO_HLS "
@I [HLS-100] Command 'license_exists' returned 0; elapsed 3e-06Total elapsed time: 0.337 sec.
@I [HLS-100] Command 'add_library' returned 0; elapsed 0.001043Total elapsed time: 0.337 sec.
@I [HLS-100] Command 'set_part' returned 0; elapsed 0.003664Total elapsed time: 0.337 sec.
@I [HLS-100] Command "create_clock -period 10 -name default "
@I [HLS-100] Command 'create_clock' returned 0; elapsed 0.000648Total elapsed time: 0.338 sec.
@I [HLS-100] Command "csynth_design "
@I [HLS-100] Command "elaborate -effort=medium -skip_syncheck=0 -keep_printf=0 -lm=0 -skip_cdt=0 -skip_transform=0 -ng=0 -g=0 -opt_fp=0 "
@I [HLS-10] Analyzing design file 'Packet_lo_pl/sources/packet_filter.cpp' ... 
@0 [HLS-0] Analyzing design file 'Packet_lo_pl/sources/packet_filter.cpp' ... 
@I [HLS-0] Compiling one TU...
@I [HLS-0] 
Checking before pre-process: exec clang -fno-limit-debug-info -gcc-toolchain "/opt/Xilinx/Vivado_HLS/2015.3/lnx64/tools/gcc" -hls    -fno-math-errno -c -emit-llvm -O0  -mllvm -disable-llvm-optzns -fno-threadsafe-statics  -fno-use-cxa-atexit  -fno-threadsafe-statics -fno-use-cxa-atexit   -I "/opt/Xilinx/Vivado_HLS/2015.3/lnx64/tools/systemc/include" -I "/opt/Xilinx/Vivado_HLS/2015.3/include" -I "/opt/Xilinx/Vivado_HLS/2015.3/include/ap_sysc" -fexceptions -I "/opt/Xilinx/Vivado_HLS/2015.3/common/technology/autopilot" -include etc/autopilot_ssdm_op.h "Packet_lo_pl/sources/packet_filter.cpp"  -o "/home/iq/Documents/marketinternational_filter/HLS_IPs/Packet_Parser/Packet_lo_pl/solution1/.autopilot/db/packet_filter.pp.00.o"

@I [HLS-100] Command "is_encrypted /home/iq/Documents/marketinternational_filter/HLS_IPs/Packet_Parser/Packet_lo_pl/solution1/.autopilot/db/packet_filter.pp.00.o "
@I [HLS-100] Command 'is_encrypted' returned 0; elapsed 7e-05Total elapsed time: 1.187 sec.
@I [HLS-0] Syntax Checker time: 0 seconds per iteration
@I [HLS-0] 
Source preprocessing: exec clang -fno-limit-debug-info -gcc-toolchain "/opt/Xilinx/Vivado_HLS/2015.3/lnx64/tools/gcc" -hls -fno-exceptions  -D__llvm__  -CC -E "Packet_lo_pl/sources/packet_filter.cpp"     -fno-math-errno -c -emit-llvm -O0  -mllvm -disable-llvm-optzns -fno-threadsafe-statics  -fno-use-cxa-atexit  -fno-threadsafe-statics -fno-use-cxa-atexit -DAESL_SYN -D__SYNTHESIS__ -D__HLS_SYN__ -I "/opt/Xilinx/Vivado_HLS/2015.3/common/technology/autopilot" -I "/opt/Xilinx/Vivado_HLS/2015.3/common/technology/autopilot/ap_sysc" -include etc/autopilot_ssdm_op.h  -o "/home/iq/Documents/marketinternational_filter/HLS_IPs/Packet_Parser/Packet_lo_pl/solution1/.autopilot/db/packet_filter.pp.0.cpp"

@I [HLS-0] GCC PP time: 0 seconds per iteration
@I [HLS-100] Command "list_core -type functional_unit "
@I [HLS-100] Command 'list_core' returned 0; elapsed 9.2e-05Total elapsed time: 1.360 sec.
@I [HLS-0] Marker-Pragma convertor: /home/iq/Documents/marketinternational_filter/HLS_IPs/Packet_Parser/Packet_lo_pl/solution1/.autopilot/db/packet_filter.pp.0.cpp /home/iq/Documents/marketinternational_filter/HLS_IPs/Packet_Parser/Packet_lo_pl/solution1/.autopilot/db/packet_filter.pp.0.cpp.ap-line.cpp /home/iq/Documents/marketinternational_filter/HLS_IPs/Packet_Parser/Packet_lo_pl/solution1/.autopilot/db/packet_filter.pp.0.cpp.ap-line.cpp.CXX 1
@I [HLS-0] 
Source processor: exec /opt/Xilinx/Vivado_HLS/2015.3/tps/lnx64/jre/bin/java -Xmx512m -classpath   "/opt/Xilinx/Vivado_HLS/2015.3/lib/classes/autopilot.sourceprocessor.jar:/opt/Xilinx/Vivado_HLS/2015.3/lib/classes/org.eclipse.cdt.core_5.3.0.xilinx_patch.jar:/opt/Xilinx/Vivado_HLS/2015.3/lib/classes/org.eclipse.core.runtime_3.7.0.v20110110.jar:/opt/Xilinx/Vivado_HLS/2015.3/lib/classes/org.eclipse.equinox.common_3.6.0.v20110523.jar:/opt/Xilinx/Vivado_HLS/2015.3/lib/classes/com.ibm.icu_4.4.2.v20110208.jar:/opt/Xilinx/Vivado_HLS/2015.3/lib/classes/jargs.jar:/opt/Xilinx/Vivado_HLS/2015.3/lnx64/tools/eclipse/plugins/org.eclipse.emf.common_2.10.1.v20150123-0348.jar:/opt/Xilinx/Vivado_HLS/2015.3/lnx64/tools/eclipse/plugins/org.eclipse.emf.ecore_2.10.2.v20150123-0348.jar:/opt/Xilinx/Vivado_HLS/2015.3/lnx64/tools/eclipse/plugins/org.eclipse.emf.ecore.xmi_2.10.2.v20150123-0348.jar:/opt/Xilinx/Vivado_HLS/2015.3/lnx64/tools/eclipse/plugins/com.autoesl.autopilot.ui.directiveFileModel_1.0.0.jar:/opt/Xilinx/Vivado_HLS/2015.3/lnx64/tools/eclipse/plugins/com.autoesl.autopilot.ui.common_1.0.0.jar"  autopilot.sourceprocessor.CParser  "/home/iq/Documents/marketinternational_filter/HLS_IPs/Packet_Parser/Packet_lo_pl/solution1/.autopilot/db/packet_filter.pp.0.cpp.ap-line.cpp"  -m "hlsDPI" -o "/home/iq/Documents/marketinternational_filter/HLS_IPs/Packet_Parser/Packet_lo_pl/solution1/.autopilot/db/packet_filter.pp.0.cpp.ap-cdt.cpp" --pp --directive /home/iq/Documents/marketinternational_filter/HLS_IPs/Packet_Parser/Packet_lo_pl/solution1/solution1.directive --source /home/iq/Documents/marketinternational_filter/HLS_IPs/Packet_Parser/Packet_lo_pl/sources/packet_filter.cpp --error /home/iq/Documents/marketinternational_filter/HLS_IPs/Packet_Parser/Packet_lo_pl/solution1/.autopilot/db --funcunit "AddSub AddSub_DSP AddSubnS DAddSub_fulldsp DAddSub_nodsp DDiv DExp_fulldsp DExp_meddsp DExp_nodsp DLog_fulldsp DLog_meddsp DLog_nodsp DMul_fulldsp DMul_maxdsp DMul_meddsp DMul_nodsp DRSqrt DRecip DSqrt DivnS FAddSub_fulldsp FAddSub_nodsp FDiv FExp_fulldsp FExp_meddsp FExp_nodsp FLog_fulldsp FLog_meddsp FLog_nodsp FMul_fulldsp FMul_maxdsp FMul_meddsp FMul_nodsp FRSqrt_fulldsp FRSqrt_nodsp FRecip_fulldsp FRecip_nodsp FSqrt HAddSub_nodsp HDiv HMul_fulldsp HMul_maxdsp HMul_nodsp HSqrt Mul Mul2S Mul3S Mul4S Mul5S Mul6S Mul_LUT MulnS MuxnS" --ve --vetcl /home/iq/Documents/marketinternational_filter/HLS_IPs/Packet_Parser/Packet_lo_pl/solution1/.autopilot/db --ca --es --gf --df --pd --p2d /home/iq/Documents/marketinternational_filter/HLS_IPs/Packet_Parser/Packet_lo_pl/solution1/.autopilot/db --sd --scff /home/iq/Documents/marketinternational_filter/HLS_IPs/Packet_Parser/Packet_lo_pl/solution1/.autopilot/db/.systemc_flag --ad

@I [HLS-0] Error:Syntax error in source:for (__decltype(__n + 0) __niter = __n;
Error:Missing ; in source:t
Error:Syntax error in source:)
 *__first = __value;
Error:Syntax error in source:for (__decltype(__n + 0) __niter = __n;
Error:Missing ; in source:t
Error:Syntax error in source:)
 *__first = __tmp;
@I [HLS-0] Marker-Pragma convertor: /home/iq/Documents/marketinternational_filter/HLS_IPs/Packet_Parser/Packet_lo_pl/solution1/.autopilot/db/packet_filter.pp.0.cpp.ap-cdt.cpp /home/iq/Documents/marketinternational_filter/HLS_IPs/Packet_Parser/Packet_lo_pl/solution1/.autopilot/db/packet_filter.pragma.0.cpp /home/iq/Documents/marketinternational_filter/HLS_IPs/Packet_Parser/Packet_lo_pl/solution1/.autopilot/db/packet_filter.pragma.0.cpp.ap-line.CXX 0
@I [HLS-100] Command "source /home/iq/Documents/marketinternational_filter/HLS_IPs/Packet_Parser/Packet_lo_pl/solution1/.autopilot/db/pragma.status.tcl "
@I [HLS-100] Command 'ap_source' returned 0; elapsed 6.1e-05Total elapsed time: 8.32 sec.
@I [HLS-0] CDT processor time: 6 seconds per iteration
@I [HLS-0] Pragma handling time: 0 seconds per iteration
@I [HLS-0] 
Source preprocessing: exec clang -fno-limit-debug-info -gcc-toolchain "/opt/Xilinx/Vivado_HLS/2015.3/lnx64/tools/gcc" -hls -fno-exceptions  -D__llvm__  -CC -E "/home/iq/Documents/marketinternational_filter/HLS_IPs/Packet_Parser/Packet_lo_pl/solution1/.autopilot/db/packet_filter.pragma.1.cpp"     -fno-math-errno -c -emit-llvm -O0  -mllvm -disable-llvm-optzns -fno-threadsafe-statics  -fno-use-cxa-atexit  -fno-threadsafe-statics -fno-use-cxa-atexit -DAESL_SYN -D__SYNTHESIS__ -D__HLS_SYN__ -I "/opt/Xilinx/Vivado_HLS/2015.3/common/technology/autopilot" -I "/opt/Xilinx/Vivado_HLS/2015.3/common/technology/autopilot/ap_sysc" -include etc/autopilot_ssdm_op.h  -o "/home/iq/Documents/marketinternational_filter/HLS_IPs/Packet_Parser/Packet_lo_pl/solution1/.autopilot/db/packet_filter.pragma.2.cpp"

@I [HLS-0] exec clang -fno-limit-debug-info -gcc-toolchain /opt/Xilinx/Vivado_HLS/2015.3/lnx64/tools/gcc -hls -hls-analyze-label -hls-analyze-pragma -fno-exceptions  -D__llvm__  -w  "/home/iq/Documents/marketinternational_filter/HLS_IPs/Packet_Parser/Packet_lo_pl/solution1/.autopilot/db/packet_filter.pragma.2.cpp"    -fno-math-errno -c -emit-llvm -O0  -mllvm -disable-llvm-optzns -fno-threadsafe-statics  -fno-use-cxa-atexit -DAESL_SYN -D__SYNTHESIS__ -D__HLS_SYN__ -I "/opt/Xilinx/Vivado_HLS/2015.3/common/technology/autopilot" -I "/opt/Xilinx/Vivado_HLS/2015.3/common/technology/autopilot/ap_sysc" -include etc/autopilot_ssdm_op.h -g -o "/home/iq/Documents/marketinternational_filter/HLS_IPs/Packet_Parser/Packet_lo_pl/solution1/.autopilot/db/packet_filter.g.bc"
@I [HLS-10] Analyzing design file 'Packet_lo_pl/sources/ip_handler.cpp' ... 
@0 [HLS-0] Analyzing design file 'Packet_lo_pl/sources/ip_handler.cpp' ... 
@I [HLS-0] Compiling one TU...
@I [HLS-0] 
Checking before pre-process: exec clang -fno-limit-debug-info -gcc-toolchain "/opt/Xilinx/Vivado_HLS/2015.3/lnx64/tools/gcc" -hls    -fno-math-errno -c -emit-llvm -O0  -mllvm -disable-llvm-optzns -fno-threadsafe-statics  -fno-use-cxa-atexit  -fno-threadsafe-statics -fno-use-cxa-atexit   -I "/opt/Xilinx/Vivado_HLS/2015.3/lnx64/tools/systemc/include" -I "/opt/Xilinx/Vivado_HLS/2015.3/include" -I "/opt/Xilinx/Vivado_HLS/2015.3/include/ap_sysc" -fexceptions -I "/opt/Xilinx/Vivado_HLS/2015.3/common/technology/autopilot" -include etc/autopilot_ssdm_op.h "Packet_lo_pl/sources/ip_handler.cpp"  -o "/home/iq/Documents/marketinternational_filter/HLS_IPs/Packet_Parser/Packet_lo_pl/solution1/.autopilot/db/ip_handler.pp.00.o"

@I [HLS-100] Command "is_encrypted /home/iq/Documents/marketinternational_filter/HLS_IPs/Packet_Parser/Packet_lo_pl/solution1/.autopilot/db/ip_handler.pp.00.o "
@I [HLS-100] Command 'is_encrypted' returned 0; elapsed 7.5e-05Total elapsed time: 10.341 sec.
@I [HLS-0] Syntax Checker time: 0 seconds per iteration
@I [HLS-0] 
Source preprocessing: exec clang -fno-limit-debug-info -gcc-toolchain "/opt/Xilinx/Vivado_HLS/2015.3/lnx64/tools/gcc" -hls -fno-exceptions  -D__llvm__  -CC -E "Packet_lo_pl/sources/ip_handler.cpp"     -fno-math-errno -c -emit-llvm -O0  -mllvm -disable-llvm-optzns -fno-threadsafe-statics  -fno-use-cxa-atexit  -fno-threadsafe-statics -fno-use-cxa-atexit -DAESL_SYN -D__SYNTHESIS__ -D__HLS_SYN__ -I "/opt/Xilinx/Vivado_HLS/2015.3/common/technology/autopilot" -I "/opt/Xilinx/Vivado_HLS/2015.3/common/technology/autopilot/ap_sysc" -include etc/autopilot_ssdm_op.h  -o "/home/iq/Documents/marketinternational_filter/HLS_IPs/Packet_Parser/Packet_lo_pl/solution1/.autopilot/db/ip_handler.pp.0.cpp"

@I [HLS-0] GCC PP time: 0 seconds per iteration
@I [HLS-100] Command "list_core -type functional_unit "
@I [HLS-100] Command 'list_core' returned 0; elapsed 0.000102Total elapsed time: 10.509 sec.
@I [HLS-0] Marker-Pragma convertor: /home/iq/Documents/marketinternational_filter/HLS_IPs/Packet_Parser/Packet_lo_pl/solution1/.autopilot/db/ip_handler.pp.0.cpp /home/iq/Documents/marketinternational_filter/HLS_IPs/Packet_Parser/Packet_lo_pl/solution1/.autopilot/db/ip_handler.pp.0.cpp.ap-line.cpp /home/iq/Documents/marketinternational_filter/HLS_IPs/Packet_Parser/Packet_lo_pl/solution1/.autopilot/db/ip_handler.pp.0.cpp.ap-line.cpp.CXX 1
@I [HLS-0] 
Source processor: exec /opt/Xilinx/Vivado_HLS/2015.3/tps/lnx64/jre/bin/java -Xmx512m -classpath   "/opt/Xilinx/Vivado_HLS/2015.3/lib/classes/autopilot.sourceprocessor.jar:/opt/Xilinx/Vivado_HLS/2015.3/lib/classes/org.eclipse.cdt.core_5.3.0.xilinx_patch.jar:/opt/Xilinx/Vivado_HLS/2015.3/lib/classes/org.eclipse.core.runtime_3.7.0.v20110110.jar:/opt/Xilinx/Vivado_HLS/2015.3/lib/classes/org.eclipse.equinox.common_3.6.0.v20110523.jar:/opt/Xilinx/Vivado_HLS/2015.3/lib/classes/com.ibm.icu_4.4.2.v20110208.jar:/opt/Xilinx/Vivado_HLS/2015.3/lib/classes/jargs.jar:/opt/Xilinx/Vivado_HLS/2015.3/lnx64/tools/eclipse/plugins/org.eclipse.emf.common_2.10.1.v20150123-0348.jar:/opt/Xilinx/Vivado_HLS/2015.3/lnx64/tools/eclipse/plugins/org.eclipse.emf.ecore_2.10.2.v20150123-0348.jar:/opt/Xilinx/Vivado_HLS/2015.3/lnx64/tools/eclipse/plugins/org.eclipse.emf.ecore.xmi_2.10.2.v20150123-0348.jar:/opt/Xilinx/Vivado_HLS/2015.3/lnx64/tools/eclipse/plugins/com.autoesl.autopilot.ui.directiveFileModel_1.0.0.jar:/opt/Xilinx/Vivado_HLS/2015.3/lnx64/tools/eclipse/plugins/com.autoesl.autopilot.ui.common_1.0.0.jar"  autopilot.sourceprocessor.CParser  "/home/iq/Documents/marketinternational_filter/HLS_IPs/Packet_Parser/Packet_lo_pl/solution1/.autopilot/db/ip_handler.pp.0.cpp.ap-line.cpp"  -m "hlsDPI" -o "/home/iq/Documents/marketinternational_filter/HLS_IPs/Packet_Parser/Packet_lo_pl/solution1/.autopilot/db/ip_handler.pp.0.cpp.ap-cdt.cpp" --pp --directive /home/iq/Documents/marketinternational_filter/HLS_IPs/Packet_Parser/Packet_lo_pl/solution1/solution1.directive --source /home/iq/Documents/marketinternational_filter/HLS_IPs/Packet_Parser/Packet_lo_pl/sources/ip_handler.cpp --error /home/iq/Documents/marketinternational_filter/HLS_IPs/Packet_Parser/Packet_lo_pl/solution1/.autopilot/db --funcunit "AddSub AddSub_DSP AddSubnS DAddSub_fulldsp DAddSub_nodsp DDiv DExp_fulldsp DExp_meddsp DExp_nodsp DLog_fulldsp DLog_meddsp DLog_nodsp DMul_fulldsp DMul_maxdsp DMul_meddsp DMul_nodsp DRSqrt DRecip DSqrt DivnS FAddSub_fulldsp FAddSub_nodsp FDiv FExp_fulldsp FExp_meddsp FExp_nodsp FLog_fulldsp FLog_meddsp FLog_nodsp FMul_fulldsp FMul_maxdsp FMul_meddsp FMul_nodsp FRSqrt_fulldsp FRSqrt_nodsp FRecip_fulldsp FRecip_nodsp FSqrt HAddSub_nodsp HDiv HMul_fulldsp HMul_maxdsp HMul_nodsp HSqrt Mul Mul2S Mul3S Mul4S Mul5S Mul6S Mul_LUT MulnS MuxnS" --ve --vetcl /home/iq/Documents/marketinternational_filter/HLS_IPs/Packet_Parser/Packet_lo_pl/solution1/.autopilot/db --ca --es --gf --df --pd --p2d /home/iq/Documents/marketinternational_filter/HLS_IPs/Packet_Parser/Packet_lo_pl/solution1/.autopilot/db --sd --scff /home/iq/Documents/marketinternational_filter/HLS_IPs/Packet_Parser/Packet_lo_pl/solution1/.autopilot/db/.systemc_flag --ad

@I [HLS-0] Error:Syntax error in source:for (__decltype(__n + 0) __niter = __n;
Error:Missing ; in source:t
Error:Syntax error in source:)
 *__first = __value;
Error:Syntax error in source:for (__decltype(__n + 0) __niter = __n;
Error:Missing ; in source:t
Error:Syntax error in source:)
 *__first = __tmp;
@I [HLS-0] Marker-Pragma convertor: /home/iq/Documents/marketinternational_filter/HLS_IPs/Packet_Parser/Packet_lo_pl/solution1/.autopilot/db/ip_handler.pp.0.cpp.ap-cdt.cpp /home/iq/Documents/marketinternational_filter/HLS_IPs/Packet_Parser/Packet_lo_pl/solution1/.autopilot/db/ip_handler.pragma.0.cpp /home/iq/Documents/marketinternational_filter/HLS_IPs/Packet_Parser/Packet_lo_pl/solution1/.autopilot/db/ip_handler.pragma.0.cpp.ap-line.CXX 0
@I [HLS-100] Command "source /home/iq/Documents/marketinternational_filter/HLS_IPs/Packet_Parser/Packet_lo_pl/solution1/.autopilot/db/pragma.status.tcl "
@I [HLS-100] Command 'ap_source' returned 0; elapsed 5.1e-05Total elapsed time: 17.349 sec.
@I [HLS-0] CDT processor time: 6 seconds per iteration
@I [HLS-0] Pragma handling time: 0 seconds per iteration
@I [HLS-0] 
Source preprocessing: exec clang -fno-limit-debug-info -gcc-toolchain "/opt/Xilinx/Vivado_HLS/2015.3/lnx64/tools/gcc" -hls -fno-exceptions  -D__llvm__  -CC -E "/home/iq/Documents/marketinternational_filter/HLS_IPs/Packet_Parser/Packet_lo_pl/solution1/.autopilot/db/ip_handler.pragma.1.cpp"     -fno-math-errno -c -emit-llvm -O0  -mllvm -disable-llvm-optzns -fno-threadsafe-statics  -fno-use-cxa-atexit  -fno-threadsafe-statics -fno-use-cxa-atexit -DAESL_SYN -D__SYNTHESIS__ -D__HLS_SYN__ -I "/opt/Xilinx/Vivado_HLS/2015.3/common/technology/autopilot" -I "/opt/Xilinx/Vivado_HLS/2015.3/common/technology/autopilot/ap_sysc" -include etc/autopilot_ssdm_op.h  -o "/home/iq/Documents/marketinternational_filter/HLS_IPs/Packet_Parser/Packet_lo_pl/solution1/.autopilot/db/ip_handler.pragma.2.cpp"

@I [HLS-0] exec clang -fno-limit-debug-info -gcc-toolchain /opt/Xilinx/Vivado_HLS/2015.3/lnx64/tools/gcc -hls -hls-analyze-label -hls-analyze-pragma -fno-exceptions  -D__llvm__  -w  "/home/iq/Documents/marketinternational_filter/HLS_IPs/Packet_Parser/Packet_lo_pl/solution1/.autopilot/db/ip_handler.pragma.2.cpp"    -fno-math-errno -c -emit-llvm -O0  -mllvm -disable-llvm-optzns -fno-threadsafe-statics  -fno-use-cxa-atexit -DAESL_SYN -D__SYNTHESIS__ -D__HLS_SYN__ -I "/opt/Xilinx/Vivado_HLS/2015.3/common/technology/autopilot" -I "/opt/Xilinx/Vivado_HLS/2015.3/common/technology/autopilot/ap_sysc" -include etc/autopilot_ssdm_op.h -g -o "/home/iq/Documents/marketinternational_filter/HLS_IPs/Packet_Parser/Packet_lo_pl/solution1/.autopilot/db/ip_handler.g.bc"
@I [HLS-10] Analyzing design file 'Packet_lo_pl/sources/hlsDPI_IP.cpp' ... 
@0 [HLS-0] Analyzing design file 'Packet_lo_pl/sources/hlsDPI_IP.cpp' ... 
@I [HLS-0] Compiling one TU...
@I [HLS-0] 
Checking before pre-process: exec clang -fno-limit-debug-info -gcc-toolchain "/opt/Xilinx/Vivado_HLS/2015.3/lnx64/tools/gcc" -hls    -fno-math-errno -c -emit-llvm -O0  -mllvm -disable-llvm-optzns -fno-threadsafe-statics  -fno-use-cxa-atexit  -fno-threadsafe-statics -fno-use-cxa-atexit   -I "/opt/Xilinx/Vivado_HLS/2015.3/lnx64/tools/systemc/include" -I "/opt/Xilinx/Vivado_HLS/2015.3/include" -I "/opt/Xilinx/Vivado_HLS/2015.3/include/ap_sysc" -fexceptions -I "/opt/Xilinx/Vivado_HLS/2015.3/common/technology/autopilot" -include etc/autopilot_ssdm_op.h "Packet_lo_pl/sources/hlsDPI_IP.cpp"  -o "/home/iq/Documents/marketinternational_filter/HLS_IPs/Packet_Parser/Packet_lo_pl/solution1/.autopilot/db/hlsDPI_IP.pp.00.o"

@I [HLS-100] Command "is_encrypted /home/iq/Documents/marketinternational_filter/HLS_IPs/Packet_Parser/Packet_lo_pl/solution1/.autopilot/db/hlsDPI_IP.pp.00.o "
@I [HLS-100] Command 'is_encrypted' returned 0; elapsed 7.1e-05Total elapsed time: 19.616 sec.
@I [HLS-0] Syntax Checker time: 0 seconds per iteration
@I [HLS-0] 
Source preprocessing: exec clang -fno-limit-debug-info -gcc-toolchain "/opt/Xilinx/Vivado_HLS/2015.3/lnx64/tools/gcc" -hls -fno-exceptions  -D__llvm__  -CC -E "Packet_lo_pl/sources/hlsDPI_IP.cpp"     -fno-math-errno -c -emit-llvm -O0  -mllvm -disable-llvm-optzns -fno-threadsafe-statics  -fno-use-cxa-atexit  -fno-threadsafe-statics -fno-use-cxa-atexit -DAESL_SYN -D__SYNTHESIS__ -D__HLS_SYN__ -I "/opt/Xilinx/Vivado_HLS/2015.3/common/technology/autopilot" -I "/opt/Xilinx/Vivado_HLS/2015.3/common/technology/autopilot/ap_sysc" -include etc/autopilot_ssdm_op.h  -o "/home/iq/Documents/marketinternational_filter/HLS_IPs/Packet_Parser/Packet_lo_pl/solution1/.autopilot/db/hlsDPI_IP.pp.0.cpp"

@I [HLS-0] GCC PP time: 0 seconds per iteration
@I [HLS-100] Command "list_core -type functional_unit "
@I [HLS-100] Command 'list_core' returned 0; elapsed 0.000127Total elapsed time: 19.767 sec.
@I [HLS-0] Marker-Pragma convertor: /home/iq/Documents/marketinternational_filter/HLS_IPs/Packet_Parser/Packet_lo_pl/solution1/.autopilot/db/hlsDPI_IP.pp.0.cpp /home/iq/Documents/marketinternational_filter/HLS_IPs/Packet_Parser/Packet_lo_pl/solution1/.autopilot/db/hlsDPI_IP.pp.0.cpp.ap-line.cpp /home/iq/Documents/marketinternational_filter/HLS_IPs/Packet_Parser/Packet_lo_pl/solution1/.autopilot/db/hlsDPI_IP.pp.0.cpp.ap-line.cpp.CXX 1
@I [HLS-0] 
Source processor: exec /opt/Xilinx/Vivado_HLS/2015.3/tps/lnx64/jre/bin/java -Xmx512m -classpath   "/opt/Xilinx/Vivado_HLS/2015.3/lib/classes/autopilot.sourceprocessor.jar:/opt/Xilinx/Vivado_HLS/2015.3/lib/classes/org.eclipse.cdt.core_5.3.0.xilinx_patch.jar:/opt/Xilinx/Vivado_HLS/2015.3/lib/classes/org.eclipse.core.runtime_3.7.0.v20110110.jar:/opt/Xilinx/Vivado_HLS/2015.3/lib/classes/org.eclipse.equinox.common_3.6.0.v20110523.jar:/opt/Xilinx/Vivado_HLS/2015.3/lib/classes/com.ibm.icu_4.4.2.v20110208.jar:/opt/Xilinx/Vivado_HLS/2015.3/lib/classes/jargs.jar:/opt/Xilinx/Vivado_HLS/2015.3/lnx64/tools/eclipse/plugins/org.eclipse.emf.common_2.10.1.v20150123-0348.jar:/opt/Xilinx/Vivado_HLS/2015.3/lnx64/tools/eclipse/plugins/org.eclipse.emf.ecore_2.10.2.v20150123-0348.jar:/opt/Xilinx/Vivado_HLS/2015.3/lnx64/tools/eclipse/plugins/org.eclipse.emf.ecore.xmi_2.10.2.v20150123-0348.jar:/opt/Xilinx/Vivado_HLS/2015.3/lnx64/tools/eclipse/plugins/com.autoesl.autopilot.ui.directiveFileModel_1.0.0.jar:/opt/Xilinx/Vivado_HLS/2015.3/lnx64/tools/eclipse/plugins/com.autoesl.autopilot.ui.common_1.0.0.jar"  autopilot.sourceprocessor.CParser  "/home/iq/Documents/marketinternational_filter/HLS_IPs/Packet_Parser/Packet_lo_pl/solution1/.autopilot/db/hlsDPI_IP.pp.0.cpp.ap-line.cpp"  -m "hlsDPI" -o "/home/iq/Documents/marketinternational_filter/HLS_IPs/Packet_Parser/Packet_lo_pl/solution1/.autopilot/db/hlsDPI_IP.pp.0.cpp.ap-cdt.cpp" --pp --directive /home/iq/Documents/marketinternational_filter/HLS_IPs/Packet_Parser/Packet_lo_pl/solution1/solution1.directive --source /home/iq/Documents/marketinternational_filter/HLS_IPs/Packet_Parser/Packet_lo_pl/sources/hlsDPI_IP.cpp --error /home/iq/Documents/marketinternational_filter/HLS_IPs/Packet_Parser/Packet_lo_pl/solution1/.autopilot/db --funcunit "AddSub AddSub_DSP AddSubnS DAddSub_fulldsp DAddSub_nodsp DDiv DExp_fulldsp DExp_meddsp DExp_nodsp DLog_fulldsp DLog_meddsp DLog_nodsp DMul_fulldsp DMul_maxdsp DMul_meddsp DMul_nodsp DRSqrt DRecip DSqrt DivnS FAddSub_fulldsp FAddSub_nodsp FDiv FExp_fulldsp FExp_meddsp FExp_nodsp FLog_fulldsp FLog_meddsp FLog_nodsp FMul_fulldsp FMul_maxdsp FMul_meddsp FMul_nodsp FRSqrt_fulldsp FRSqrt_nodsp FRecip_fulldsp FRecip_nodsp FSqrt HAddSub_nodsp HDiv HMul_fulldsp HMul_maxdsp HMul_nodsp HSqrt Mul Mul2S Mul3S Mul4S Mul5S Mul6S Mul_LUT MulnS MuxnS" --ve --vetcl /home/iq/Documents/marketinternational_filter/HLS_IPs/Packet_Parser/Packet_lo_pl/solution1/.autopilot/db --ca --es --gf --df --pd --p2d /home/iq/Documents/marketinternational_filter/HLS_IPs/Packet_Parser/Packet_lo_pl/solution1/.autopilot/db --sd --scff /home/iq/Documents/marketinternational_filter/HLS_IPs/Packet_Parser/Packet_lo_pl/solution1/.autopilot/db/.systemc_flag --ad

@I [HLS-0] Error:Syntax error in source:for (__decltype(__n + 0) __niter = __n;
Error:Missing ; in source:t
Error:Syntax error in source:)
 *__first = __value;
Error:Syntax error in source:for (__decltype(__n + 0) __niter = __n;
Error:Missing ; in source:t
Error:Syntax error in source:)
 *__first = __tmp;
@I [HLS-0] Marker-Pragma convertor: /home/iq/Documents/marketinternational_filter/HLS_IPs/Packet_Parser/Packet_lo_pl/solution1/.autopilot/db/hlsDPI_IP.pp.0.cpp.ap-cdt.cpp /home/iq/Documents/marketinternational_filter/HLS_IPs/Packet_Parser/Packet_lo_pl/solution1/.autopilot/db/hlsDPI_IP.pragma.0.cpp /home/iq/Documents/marketinternational_filter/HLS_IPs/Packet_Parser/Packet_lo_pl/solution1/.autopilot/db/hlsDPI_IP.pragma.0.cpp.ap-line.CXX 0
@I [HLS-100] Command "source /home/iq/Documents/marketinternational_filter/HLS_IPs/Packet_Parser/Packet_lo_pl/solution1/.autopilot/db/pragma.status.tcl "
@I [HLS-100] Command 'ap_source' returned 0; elapsed 5e-05Total elapsed time: 26.941 sec.
@I [HLS-0] CDT processor time: 7 seconds per iteration
@I [HLS-0] Pragma handling time: 0 seconds per iteration
@I [HLS-0] 
Source preprocessing: exec clang -fno-limit-debug-info -gcc-toolchain "/opt/Xilinx/Vivado_HLS/2015.3/lnx64/tools/gcc" -hls -fno-exceptions  -D__llvm__  -CC -E "/home/iq/Documents/marketinternational_filter/HLS_IPs/Packet_Parser/Packet_lo_pl/solution1/.autopilot/db/hlsDPI_IP.pragma.1.cpp"     -fno-math-errno -c -emit-llvm -O0  -mllvm -disable-llvm-optzns -fno-threadsafe-statics  -fno-use-cxa-atexit  -fno-threadsafe-statics -fno-use-cxa-atexit -DAESL_SYN -D__SYNTHESIS__ -D__HLS_SYN__ -I "/opt/Xilinx/Vivado_HLS/2015.3/common/technology/autopilot" -I "/opt/Xilinx/Vivado_HLS/2015.3/common/technology/autopilot/ap_sysc" -include etc/autopilot_ssdm_op.h  -o "/home/iq/Documents/marketinternational_filter/HLS_IPs/Packet_Parser/Packet_lo_pl/solution1/.autopilot/db/hlsDPI_IP.pragma.2.cpp"

@I [HLS-0] exec clang -fno-limit-debug-info -gcc-toolchain /opt/Xilinx/Vivado_HLS/2015.3/lnx64/tools/gcc -hls -hls-analyze-label -hls-analyze-pragma -fno-exceptions  -D__llvm__  -w  "/home/iq/Documents/marketinternational_filter/HLS_IPs/Packet_Parser/Packet_lo_pl/solution1/.autopilot/db/hlsDPI_IP.pragma.2.cpp"    -fno-math-errno -c -emit-llvm -O0  -mllvm -disable-llvm-optzns -fno-threadsafe-statics  -fno-use-cxa-atexit -DAESL_SYN -D__SYNTHESIS__ -D__HLS_SYN__ -I "/opt/Xilinx/Vivado_HLS/2015.3/common/technology/autopilot" -I "/opt/Xilinx/Vivado_HLS/2015.3/common/technology/autopilot/ap_sysc" -include etc/autopilot_ssdm_op.h -g -o "/home/iq/Documents/marketinternational_filter/HLS_IPs/Packet_Parser/Packet_lo_pl/solution1/.autopilot/db/hlsDPI_IP.g.bc"
@I [HLS-100] Command "source /home/iq/Documents/marketinternational_filter/HLS_IPs/Packet_Parser/Packet_lo_pl/solution1/.autopilot/db/ve_warning.tcl "
@I [HLS-100] Command 'ap_source' returned 0; elapsed 0.000111Total elapsed time: 28.457 sec.
@I [HLS-10] Validating synthesis directives ...
@0 [HLS-0] Validating synthesis directives ...
@I [HLS-100] Command "source /home/iq/Documents/marketinternational_filter/HLS_IPs/Packet_Parser/Packet_lo_pl/solution1/.autopilot/db/pragma.status.tcl "
@I [HLS-100] Command 'ap_source' returned 0; elapsed 6e-05Total elapsed time: 28.458 sec.
@I [HLS-0] Linking all ...
@I [HLS-0] exec llvm-ld  "/home/iq/Documents/marketinternational_filter/HLS_IPs/Packet_Parser/Packet_lo_pl/solution1/.autopilot/db/packet_filter.bc" "/home/iq/Documents/marketinternational_filter/HLS_IPs/Packet_Parser/Packet_lo_pl/solution1/.autopilot/db/ip_handler.bc" "/home/iq/Documents/marketinternational_filter/HLS_IPs/Packet_Parser/Packet_lo_pl/solution1/.autopilot/db/hlsDPI_IP.bc"  -disable-opt  -L/opt/Xilinx/Vivado_HLS/2015.3/lnx64/lib -lm_basic -o "/home/iq/Documents/marketinternational_filter/HLS_IPs/Packet_Parser/Packet_lo_pl/solution1/.autopilot/db/a.o.pre"
@I [HLS-0] Link time: 0 seconds per iteration
@I [HLS-0] Linking all ...
@I [HLS-0] exec llvm-ld  "/home/iq/Documents/marketinternational_filter/HLS_IPs/Packet_Parser/Packet_lo_pl/solution1/.autopilot/db/packet_filter.g.bc" "/home/iq/Documents/marketinternational_filter/HLS_IPs/Packet_Parser/Packet_lo_pl/solution1/.autopilot/db/ip_handler.g.bc" "/home/iq/Documents/marketinternational_filter/HLS_IPs/Packet_Parser/Packet_lo_pl/solution1/.autopilot/db/hlsDPI_IP.g.bc"  -disable-opt  -L/opt/Xilinx/Vivado_HLS/2015.3/lnx64/lib -lm_basic -o "/home/iq/Documents/marketinternational_filter/HLS_IPs/Packet_Parser/Packet_lo_pl/solution1/.autopilot/db/a.g.pre"
@I [HLS-0] Link time: 0 seconds per iteration
@I [HLS-100] Command "opt_and_import_c a -opt_level=2 -skip_syncheck=0 -ng=0 -keep_printf=0 "
@I [HLS-100] Command "cleanup_all_models "
@I [HLS-100] Command 'cleanup_all_models' returned 0; elapsed 1e-05Total elapsed time: 29.406 sec.
@I [HLS-10] Starting code transformations ...
@0 [HLS-0] Starting code transformations ...
@I [HLS-0] std xform: transform -hls -share-std-xform -always-inline -promote-dbg-pointer  -interface-preproc  -scalarrepl -mem2reg -keep-read-access -instcombine -dce  -promote-dbg-pointer  -bitop-raise  -indvars -loop-simplify -xunroll  -constprop -instcombine -simplifycfg -indvars  -simplifycfg -dce -globaldce  -basicaa  -simplifycfg -mem2reg -globalopt  -global-constprop -deadargelim -instcombine -simplifycfg  -prune-eh -simplifycfg  -scalarrepl -instcombine -reassociate -licm  -simplifycfg -loop-simplify -indvars -instcombine  -simplifycfg -mem2reg -loop-simplify -indvars -instcombine  -gvn -gvn -instcombine -adce  -break-crit-edges  -simplifycfg -loop-delete  -global-array-opt -dce -dse -adce  -find-syn-modules -top hlsDPI  -deadargelim  -mem2reg -instcombine -dce  -presyn-prepare -auto-rom-infer  -interface-preproc  -syn-check -check-rec-only  -find-region -simplifycfg -func-extr -function-inline  -globaldce -mem2reg -instcombine -dce   -gvn -globaldce -adce -adse  -constprop -instcombine -bit-constprop  -instcombine -dce -simplifycfg -bitop-raise  -simplifycfg -dce -loop-delete -reassociate  -globalopt -global-privatize -mem2reg -dce  -global-constprop -pointer-simplify -constprop -dce  -func-inst -deadargelim  -promote-dbg-pointer  -norm-name   /home/iq/Documents/marketinternational_filter/HLS_IPs/Packet_Parser/Packet_lo_pl/solution1/.autopilot/db/a.g.0.bc -o /home/iq/Documents/marketinternational_filter/HLS_IPs/Packet_Parser/Packet_lo_pl/solution1/.autopilot/db/a.g.1.bc -f  -phase std-opt
@I [XFORM-603] Inlining function 'parser' into 'hlsDPI' (Packet_lo_pl/sources/hlsDPI_IP.cpp:17).
@I [XFORM-603] Inlining function 'cam_filter::compare' into 'dpi' (Packet_lo_pl/sources/packet_filter.cpp:207).
@I [XFORM-603] Inlining function 'cam_filter::write' into 'dpi' (Packet_lo_pl/sources/packet_filter.cpp:211).
@I [XFORM-603] Inlining function 'cam_filter::compare' into 'dpi' (Packet_lo_pl/sources/packet_filter.cpp:220).
@I [XFORM-603] Inlining function 'cam_filter::clear' into 'dpi' (Packet_lo_pl/sources/packet_filter.cpp:223).
@I [HLS-0] Std xform time: 0 seconds per iteration
@I [HLS-100] Command "is_encrypted /home/iq/Documents/marketinternational_filter/HLS_IPs/Packet_Parser/Packet_lo_pl/solution1/.autopilot/db/a.g.1.bc "
@I [HLS-100] Command 'is_encrypted' returned 0; elapsed 6.9e-05Total elapsed time: 29.929 sec.
@I [HLS-10] Checking synthesizability ...
@0 [HLS-0] Checking synthesizability ...
@I [HLS-0] syn check 1/2: transform -hls -syn-check -check-rec-only -disaggr -scalarrepl -norm-name -dce  -mem2reg -instcombine  -function-uniquify -directive-preproc -mem2reg -dse -dce -auto-rom-infer -dce  -array-normalize -instcombine -dce  -array-seg-normalize -instcombine -dce  -array-flatten -instcombine -dce  -array-burst -dce  -deadargelim -promote-global-argument  -function-inline -globaldce -dce  -doublePtrSimplify -doublePtrElim -dce  -doublePtrSimplify -promote-dbg-pointer  -dce -scalarrepl -dse -adse -instcombine  -ptrLegalization  -simplifycfg -dce -instcombine  -pointer-simplify -ptrArgReplace -dce -instcombine   -disaggr -scalarrepl -norm-name -dce  -mem2reg -instcombine -ptrLegalization   -simplifycfg -deadargelim  -instcombine -dce -inst-simplify  -function-uniquify -directive-preproc -mem2reg -dse -dce  -globaldce    /home/iq/Documents/marketinternational_filter/HLS_IPs/Packet_Parser/Packet_lo_pl/solution1/.autopilot/db/a.g.1.bc -o /home/iq/Documents/marketinternational_filter/HLS_IPs/Packet_Parser/Packet_lo_pl/solution1/.autopilot/db/a.g.2.prechk.bc -f
@I [HLS-0] Syn check 1/2 time: 0 seconds per iteration
@I [HLS-0] syn check 2/2: transform -syn-check   /home/iq/Documents/marketinternational_filter/HLS_IPs/Packet_Parser/Packet_lo_pl/solution1/.autopilot/db/a.g.2.prechk.bc -o /home/iq/Documents/marketinternational_filter/HLS_IPs/Packet_Parser/Packet_lo_pl/solution1/.autopilot/db/a.g.2.bc -f  -phase syn-check
@I [HLS-0] Syn check 2/2 time: 0 seconds per iteration
@I [HLS-0] Compiler optimizing ...
@I [HLS-0] Share syncheck's 1.bc for syn flow: copy /home/iq/Documents/marketinternational_filter/HLS_IPs/Packet_Parser/Packet_lo_pl/solution1/.autopilot/db/a.g.1.bc to /home/iq/Documents/marketinternational_filter/HLS_IPs/Packet_Parser/Packet_lo_pl/solution1/.autopilot/db/a.o.1.bc
@I [HLS-0] presyn 1: transform -hls -tmp /home/iq/Documents/marketinternational_filter/HLS_IPs/Packet_Parser/Packet_lo_pl/solution1/.autopilot/db -type-info  -function-uniquify -directive-preproc -mem2reg -dse -dce  -disaggr -scalarrepl -norm-name -deadargelim  -mem2reg -instcombine -dce -auto-rom-infer -dce -function-uniquify  -clib-intrinsic-prepare -dce  -func-buffer -dce -array-normalize  -func-legal -instcombine -gvn -constprop -dce   -ptrArgReplace -mem2reg -instcombine -dce  -array-seg-normalize -deadargelim  -instcombine -dce  -pointer-simplify -dce  -port-alignment -dce  -interface-preproc  -data-pack -instcombine -dce   -basicaa -aggr-aa -aggrmodref-aa -aggr-aa -gvn -gvn  -basicaa -aggr-aa -aggrmodref-aa -aggr-aa -dse -adse -adce  -loop-simplify -indvars -instcombine  -gvn -loop-simplify -mem2reg -dce -simplifycfg  -find-region -instcombine  -auto-loop-pipeline  -inst-simplify  -interface-preproc  -indvars -auto-loop-unroll -loop-simplify -loop-bound -xunroll  -constprop -instcombine -simplifycfg -indvars  -simplifycfg -dce -globaldce  -attach-range  -gvn -disable-agg-range -inst-simplify  -constprop -simplifycfg -dce  -pointer-simplify -dce  -globalopt -constprop -dce  -array-promote -constprop -instcombine -dce  -ptrArgReplace -mem2reg  -instcombine -simplifycfg -dce  -auto-par -instcombine -dce  -array-transform-check  -array-reshape -instcombine -simplifycfg -dce  -ptrArgReplace -deadargelim -mem2reg  -instcombine -simplifycfg -dce   -duplicate-dataflow-processes -globaldce  -array-partition -instcombine -simplifycfg -dce  -ptrArgReplace -global-constprop -deadargelim -mem2reg  -func-legal -instcombine -dce -global-constprop -deadargelim -mem2reg  -instcombine -simplifycfg -dce   -globalopt -constprop -dce  -array-promote -constprop -instcombine -dce  -ptrArgReplace -mem2reg  -instcombine -simplifycfg -dce   -mem-intrinsic-preproc -dce  -global-privatize  -mem2reg -globaldce  -promote-global-argument  -ptrArgReplace -mem2reg -instcombine -dce  -globalopt -mergereturn -simplify-global-access -mem2reg -dce  -pointer-simplify -dce  -functionattrs  -basicaa -aggr-aa -aggrmodref-aa -aggr-aa -gvn -gvn  -basicaa -aggr-aa -aggrmodref-aa -aggr-aa -dse -adse -adce  -inst-simplify -dce -norm-name  -function-inline -globaldce  -func-inst -constprop -instcombine -simplifycfg -dce  -func-legal -dce   -loop-bound  -arraycheck -bitwidthmin -on-by-dataflow  -loop-delete -instcombine -simplifycfg -dce -loop-simplify -clean-region -simplifycfg -loop-stream -instcombine -simplifycfg -dce -globaldce  -stream-intrinsic-preproc -dce  -check-ap-stream -loop-simplify -eliminate-keepreads   -extract-dataflow-in-loop -loop-simplify -dce -gvn -deadargelim  -check-dataflow-syntax  -legalize-stream-variable -legalize-global -legalize-global-1  -extract-subproc -dce -dead-channel-elimination  -canonicalize-gep -globaldce -dce -gvn -deadargelim  -scalar-propagation -deadargelim -globaldce -mem2reg  -check-dataflow-channels -function-stream -dce -globaldce  -prop-fifo-spec -internal-stream-gen  -canonicalize-gep -globaldce -dce -gvn -deadargelim   -mergereturn -indvars -loop-simplify  -array-stream -instcombine -simplifycfg -dce  -bundle-memfifo-ops -deadargelim    -function-uniquify -directive-preproc -mem2reg -dse -dce  -group-axi-access    -licm -simplifycfg -dce -loop-delete  -norm-name  /home/iq/Documents/marketinternational_filter/HLS_IPs/Packet_Parser/Packet_lo_pl/solution1/.autopilot/db/a.o.1.bc -o /home/iq/Documents/marketinternational_filter/HLS_IPs/Packet_Parser/Packet_lo_pl/solution1/.autopilot/db/a.o.1.tmp.bc -f
@I [XFORM-502] Unrolling all loops for pipelining in function 'dpi' (Packet_lo_pl/sources/packet_filter.cpp:64).
@I [XFORM-501] Unrolling loop 'Loop-1' (Packet_lo_pl/sources/packet_filter.cpp:50) in function 'dpi' completely.
@I [XFORM-501] Unrolling loop 'Loop-2' (Packet_lo_pl/sources/packet_filter.cpp:17) in function 'dpi' completely.
@I [XFORM-501] Unrolling loop 'Loop-3' (Packet_lo_pl/sources/packet_filter.cpp:50) in function 'dpi' completely.
@I [XFORM-501] Unrolling loop 'Loop-4' (Packet_lo_pl/sources/packet_filter.cpp:35) in function 'dpi' completely.
@I [XFORM-101] Partitioning array 'filterTable.filterEntries.ipAddress.V'  in dimension 1 completely.
@I [XFORM-101] Partitioning array 'filterTable.filterEntries.macAddress.V'  in dimension 1 completely.
@I [XFORM-101] Partitioning array 'filterTable.filterEntries.Port.V'  in dimension 1 completely.
@I [XFORM-101] Partitioning array 'filterTable.filterEntries.valid.V'  in dimension 1 completely.
@I [XFORM-712] Applying dataflow to function 'hlsDPI' (Packet_lo_pl/sources/hlsDPI_IP.cpp:4), detected/extracted 2 process function(s):
	 'ethernetDetection'
	 'dpi'.
@I [HLS-0] Presyn 1 time: 0 seconds per iteration
@I [HLS-0] presyn 2: transform -hls -keep-callgraph -scalarrepl -mem2reg  -port-alignment -attach-range -dce  -pipe-mux-gen  -indvars -loop-bound  -inst-simplify -instcombine -dce  -merge-array-access -mem2reg -dce  -clean-region -mergereturn -if-conv  -instcombine -dce -constprop  -basicaa -aggr-aa -aggrmodref-aa -aggr-aa -gvn -gvn  -basicaa -aggr-aa -aggrmodref-aa -aggr-aa -dse -adse -adce  -scalarrepl -mem2reg  -global-constprop -deadargelim -deadargelim  -instcombine -dce -simplifycfg    -ptrArgReplace -mem2reg -function-inline  -globaldce -mem2reg -instcombine -dce -expr-balance  -instcombine -dce  -bitwidthmin  -directive-preproc  -inst-rectify -instcombine -dce  -functionattrs  -constprop -instcombine -bit-constprop  -simplify-global-access  -globalopt -globaldce  -inst-simplify -instcombine -elimdeaddata -dce  -loop-delete -simplifycfg   -norm-name /home/iq/Documents/marketinternational_filter/HLS_IPs/Packet_Parser/Packet_lo_pl/solution1/.autopilot/db/a.o.1.tmp.bc -o /home/iq/Documents/marketinternational_filter/HLS_IPs/Packet_Parser/Packet_lo_pl/solution1/.autopilot/db/a.o.2.bc -f  -phase presyn
@I [XFORM-401] Performing if-conversion on hyperblock from (Packet_lo_pl/sources/packet_filter.cpp:188:10) to (Packet_lo_pl/sources/packet_filter.cpp:197:15) in function 'dpi'... converting 4 basic blocks.
@I [HLS-0] Presyn 2 time: 0 seconds per iteration
@I [HLS-100] Command "is_encrypted /home/iq/Documents/marketinternational_filter/HLS_IPs/Packet_Parser/Packet_lo_pl/solution1/.autopilot/db/a.o.2.bc "
@I [HLS-100] Command 'is_encrypted' returned 0; elapsed 6.3e-05Total elapsed time: 31.742 sec.
@I [HLS-0] build ssdm: transform -hls  -function-uniquify -auto-function-inline -globaldce  -ptrArgReplace -mem2reg -instcombine -dce  -array-flatten -gvn -instcombine -dce  -loop-simplify -indvars -licm -loop-dep  -loop-bound -licm -loop-simplify -flattenloopnest  -array-map -dce -func-legal  -gvn -adce -instcombine -cfgopt -simplifycfg -loop-simplify   -array-burst -promote-global-argument -dce  -axi4-lower -array-seg-normalize  -basicaa -aggrmodref-aa -globalsmodref-aa -aggr-aa -gvn -gvn  -basicaa -aggrmodref-aa -globalsmodref-aa -aggr-aa -dse -adse -adce -licm  -inst-simplify -dce  -globaldce -array-stream -eliminate-keepreads -instcombine  -dce   -deadargelim -doublePtrSimplify  -doublePtrElim -dce -doublePtrSimplify -promote-dbg-pointer  -dce -scalarrepl -mem2reg -disaggr -norm-name -mem2reg  -instcombine  -dse -adse -adce -ptrLegalization -dce -auto-rom-infer -array-flatten -dce -instcombine  -loop-rot -constprop -cfgopt -simplifycfg -loop-simplify -indvars -pointer-simplify -dce -loop-bound  -loop-simplify -loop-preproc  -constprop -global-constprop -gvn -mem2reg -instcombine -dce  -loop-merge -dce  -bitwidthmin  -deadargelim -dce  -scalar-propagation -deadargelim -globaldce -mem2reg  -interface-preproc -interface-gen  -deadargelim -directive-preproc -inst-simplify -dce  -gvn -mem2reg -instcombine -dce -adse  -loop-bound  -instcombine -cfgopt -simplifycfg -loop-simplify  -clean-region -io-protocol  -find-region -mem2reg  -bitop-raise  -inst-simplify -inst-rectify -instcombine -adce -deadargelim  -loop-simplify -phi-opt -bitop-raise  -cfgopt -simplifycfg -strip-dead-prototypes  -interface-lower -bitop-lower -intrinsic-lower -auto-function-inline  -basicaa -aggrmodref-aa -globalsmodref-aa -aggr-aa  -inst-simplify -simplifycfg   -mergereturn -inst-simplify -inst-rectify  -dce -bitop-lower  -loop-rewind -pointer-simplify -dce -cfgopt  -read-loop-dep -dce -bitwidth -norm-name -legalize    -cdfg-build  /home/iq/Documents/marketinternational_filter/HLS_IPs/Packet_Parser/Packet_lo_pl/solution1/.autopilot/db/a.o.2.bc -o /home/iq/Documents/marketinternational_filter/HLS_IPs/Packet_Parser/Packet_lo_pl/solution1/.autopilot/db/a.o.3.bc -f  -phase build-ssdm
@I [HLS-0] Build ssdm time: 0 seconds per iteration
@I [HLS-100] Command "is_encrypted /home/iq/Documents/marketinternational_filter/HLS_IPs/Packet_Parser/Packet_lo_pl/solution1/.autopilot/db/a.o.3.bc "
@I [HLS-100] Command 'is_encrypted' returned 0; elapsed 6.2e-05Total elapsed time: 32.614 sec.
@I [HLS-0] Finish building internal data model.
@I [HLS-100] Command 'opt_and_import_c' returned 0; elapsed 2.69611Total elapsed time: 32.720 sec.
@I [HLS-111] Elapsed time: 8.21119 seconds; current memory usage: 149 MB.
@I [HLS-100] Command 'elaborate' returned 0; elapsed 7.89113Total elapsed time: 32.721 sec.
@I [HLS-100] Command "autosyn "
@I [HLS-10] Starting hardware synthesis ...
@0 [HLS-0] Starting hardware synthesis ...
@I [HLS-0] Synthesizing C/C++ design ...
@I [HLS-10] Synthesizing 'hlsDPI' ...
@0 [HLS-0] Synthesizing 'hlsDPI' ...
@I [HLS-100] Command "ap_set_top_model hlsDPI "
@I [HLS-100] Command 'ap_set_top_model' returned 0; elapsed 9.2e-05Total elapsed time: 32.722 sec.
@I [HLS-100] Command "get_model_list hlsDPI -filter all-wo-channel -topdown "
@I [HLS-100] Command 'get_model_list' returned 0; elapsed 5.1e-05Total elapsed time: 32.722 sec.
@I [HLS-100] Command "preproc_iomode -model hlsDPI "
@I [HLS-100] Command 'preproc_iomode' returned 0; elapsed 0.000962Total elapsed time: 32.723 sec.
@I [HLS-100] Command "preproc_iomode -model hlsDPI_dpi "
@I [HLS-100] Command 'preproc_iomode' returned 0; elapsed 0.000593Total elapsed time: 32.724 sec.
@I [HLS-100] Command "preproc_iomode -model hlsDPI_ethernetDetection "
@I [HLS-100] Command 'preproc_iomode' returned 0; elapsed 0.000155Total elapsed time: 32.724 sec.
@I [HLS-100] Command "get_model_list hlsDPI -filter all-wo-channel "
@I [HLS-100] Command 'get_model_list' returned 0; elapsed 2.6e-05Total elapsed time: 32.725 sec.
@I [HLS-0] Model list for configure: hlsDPI_ethernetDetection hlsDPI_dpi hlsDPI
@I [HLS-0] Configuring Module : hlsDPI_ethernetDetection ...
@I [HLS-100] Command "set_default_model hlsDPI_ethernetDetection "
@I [HLS-100] Command 'set_default_model' returned 0; elapsed 0.000154Total elapsed time: 32.725 sec.
@I [HLS-100] Command "apply_spec_resource_limit hlsDPI_ethernetDetection "
@I [HLS-100] Command 'apply_spec_resource_limit' returned 0; elapsed 2.3e-05Total elapsed time: 32.725 sec.
@I [HLS-0] Configuring Module : hlsDPI_dpi ...
@I [HLS-100] Command "set_default_model hlsDPI_dpi "
@I [HLS-100] Command 'set_default_model' returned 0; elapsed 0.000152Total elapsed time: 32.725 sec.
@I [HLS-100] Command "apply_spec_resource_limit hlsDPI_dpi "
@I [HLS-100] Command 'apply_spec_resource_limit' returned 0; elapsed 5e-05Total elapsed time: 32.725 sec.
@I [HLS-0] Configuring Module : hlsDPI ...
@I [HLS-100] Command "set_default_model hlsDPI "
@I [HLS-100] Command 'set_default_model' returned 0; elapsed 0.000259Total elapsed time: 32.726 sec.
@I [HLS-100] Command "apply_spec_resource_limit hlsDPI "
@I [HLS-100] Command 'apply_spec_resource_limit' returned 0; elapsed 9e-06Total elapsed time: 32.726 sec.
@I [HLS-0] Model list for preprocess: hlsDPI_ethernetDetection hlsDPI_dpi hlsDPI
@I [HLS-0] Preprocessing Module: hlsDPI_ethernetDetection ...
@I [HLS-100] Command "set_default_model hlsDPI_ethernetDetection "
@I [HLS-100] Command 'set_default_model' returned 0; elapsed 0.000139Total elapsed time: 32.726 sec.
@I [HLS-100] Command "cdfg_preprocess -model hlsDPI_ethernetDetection "
@I [HLS-100] Command 'cdfg_preprocess' returned 0; elapsed 0.002725Total elapsed time: 32.729 sec.
@I [HLS-100] Command "rtl_gen_preprocess hlsDPI_ethernetDetection "
@I [HLS-100] Command 'rtl_gen_preprocess' returned 0; elapsed 0.001112Total elapsed time: 32.730 sec.
@I [HLS-0] Preprocessing Module: hlsDPI_dpi ...
@I [HLS-100] Command "set_default_model hlsDPI_dpi "
@I [HLS-100] Command 'set_default_model' returned 0; elapsed 0.000145Total elapsed time: 32.730 sec.
@I [HLS-100] Command "cdfg_preprocess -model hlsDPI_dpi "
@I [HLS-100] Command 'cdfg_preprocess' returned 0; elapsed 0.006315Total elapsed time: 32.737 sec.
@I [HLS-100] Command "rtl_gen_preprocess hlsDPI_dpi "
@I [HLS-100] Command 'rtl_gen_preprocess' returned 0; elapsed 0.001086Total elapsed time: 32.738 sec.
@I [HLS-0] Preprocessing Module: hlsDPI ...
@I [HLS-100] Command "set_default_model hlsDPI "
@I [HLS-100] Command 'set_default_model' returned 0; elapsed 0.000233Total elapsed time: 32.738 sec.
@I [HLS-100] Command "cdfg_preprocess -model hlsDPI "
@I [HLS-100] Command 'cdfg_preprocess' returned 0; elapsed 0.000429Total elapsed time: 32.739 sec.
@I [HLS-100] Command "rtl_gen_preprocess hlsDPI "
@I [HLS-100] Command 'rtl_gen_preprocess' returned 0; elapsed 0.001187Total elapsed time: 32.740 sec.
@I [HLS-0] Model list for synthesis: hlsDPI_ethernetDetection hlsDPI_dpi hlsDPI
@I [HLS-10] ----------------------------------------------------------------
@0 [HLS-0] ----------------------------------------------------------------
@I [HLS-10] -- Scheduling module 'hlsDPI_ethernetDetection' 
@0 [HLS-0] -- Scheduling module 'hlsDPI_ethernetDetection' 
@I [HLS-10] ----------------------------------------------------------------
@0 [HLS-0] ----------------------------------------------------------------
@I [HLS-100] Command "set_default_model hlsDPI_ethernetDetection "
@I [HLS-100] Command 'set_default_model' returned 0; elapsed 0.000106Total elapsed time: 32.740 sec.
@I [HLS-100] Command "schedule -model hlsDPI_ethernetDetection "
@I [SCHED-11] Starting scheduling ...
@I [SCHED-61] Pipelining function 'hlsDPI_ethernetDetection'.
@I [SCHED-61] Pipelining result: Target II: 1, Final II: 1, Depth: 2.
@I [SCHED-11] Finished scheduling.
@I [HLS-100] Command 'schedule' returned 0; elapsed 0.102746Total elapsed time: 32.843 sec.
@I [HLS-111] Elapsed time: 0.122436 seconds; current memory usage: 150 MB.
@I [HLS-100] Command "report -o /home/iq/Documents/marketinternational_filter/HLS_IPs/Packet_Parser/Packet_lo_pl/solution1/.autopilot/db/hlsDPI_ethernetDetection.verbose.sched.rpt -verbose -f "
@I [HLS-100] Command 'report' returned 0; elapsed 0.003622Total elapsed time: 32.847 sec.
@I [HLS-100] Command "db_write -o /home/iq/Documents/marketinternational_filter/HLS_IPs/Packet_Parser/Packet_lo_pl/solution1/.autopilot/db/hlsDPI_ethernetDetection.sched.adb -f "
@I [HLS-100] Command 'db_write' returned 0; elapsed 0.006291Total elapsed time: 32.854 sec.
@I [HLS-0] Finish scheduling hlsDPI_ethernetDetection.
@I [HLS-10] ----------------------------------------------------------------
@0 [HLS-0] ----------------------------------------------------------------
@I [HLS-10] -- Exploring micro-architecture for module 'hlsDPI_ethernetDetection' 
@0 [HLS-0] -- Exploring micro-architecture for module 'hlsDPI_ethernetDetection' 
@I [HLS-10] ----------------------------------------------------------------
@0 [HLS-0] ----------------------------------------------------------------
@I [HLS-100] Command "set_default_model hlsDPI_ethernetDetection "
@I [HLS-100] Command 'set_default_model' returned 0; elapsed 9.5e-05Total elapsed time: 32.854 sec.
@I [HLS-100] Command "bind -model hlsDPI_ethernetDetection "
@I [BIND-110] clear=
@I [BIND-110] debug=
@I [BIND-110] drf=
@I [BIND-110] effort=
@I [BIND-110] fast_refine=
@I [BIND-110] fu_weight=[ 0.0 -- 1.0 ]
@I [BIND-110] global_opt=
@I [BIND-110] gsearch=
@I [BIND-110] help=
@I [BIND-110] help-hidden=
@I [BIND-110] min_mem_port=
@I [BIND-110] min_op=
@I [BIND-110] minreg=
@I [BIND-110] ml=
@I [BIND-110] model=hlsDPI_ethernetDetection
@I [BIND-110] no_false_path=
@I [BIND-110] no_min_op=
@I [BIND-110] normalize=
@I [BIND-110] quiet=
@I [BIND-110] refine=
@I [BIND-110] reg_weight=[ 0.0 -- 1.0 ]
@I [BIND-110] search=
@I [BIND-110] tight_delay=
@I [BIND-110] verbose=
@I [BIND-110] wFF=
@I [BIND-110] wFU=
@I [BIND-110] wMUX=
@I [BIND-110] wNET=
@I [BIND-100] Starting micro-architecture generation ...
@I [BIND-101] Performing variable lifetime analysis.
@I [BIND-101] Exploring resource sharing.
@I [BIND-101] Binding ...
@I [BIND-100] Finished micro-architecture generation.
@I [HLS-100] Command 'bind' returned 0; elapsed 0.004025Total elapsed time: 32.858 sec.
@I [HLS-111] Elapsed time: 0.014912 seconds; current memory usage: 150 MB.
@I [HLS-100] Command "report -o /home/iq/Documents/marketinternational_filter/HLS_IPs/Packet_Parser/Packet_lo_pl/solution1/.autopilot/db/hlsDPI_ethernetDetection.verbose.bind.rpt -verbose -f "
@I [HLS-100] Command 'report' returned 0; elapsed 0.007708Total elapsed time: 32.866 sec.
@I [HLS-100] Command "db_write -o /home/iq/Documents/marketinternational_filter/HLS_IPs/Packet_Parser/Packet_lo_pl/solution1/.autopilot/db/hlsDPI_ethernetDetection.bind.adb -f "
@I [HLS-100] Command 'db_write' returned 0; elapsed 0.006761Total elapsed time: 32.873 sec.
@I [HLS-0] Finish binding hlsDPI_ethernetDetection.
@I [HLS-10] ----------------------------------------------------------------
@0 [HLS-0] ----------------------------------------------------------------
@I [HLS-10] -- Scheduling module 'hlsDPI_dpi' 
@0 [HLS-0] -- Scheduling module 'hlsDPI_dpi' 
@I [HLS-10] ----------------------------------------------------------------
@0 [HLS-0] ----------------------------------------------------------------
@I [HLS-100] Command "set_default_model hlsDPI_dpi "
@I [HLS-100] Command 'set_default_model' returned 0; elapsed 0.000133Total elapsed time: 32.873 sec.
@I [HLS-100] Command "schedule -model hlsDPI_dpi "
@I [SCHED-11] Starting scheduling ...
@I [SCHED-61] Pipelining function 'hlsDPI_dpi'.
@I [SCHED-61] Pipelining result: Target II: 1, Final II: 1, Depth: 2.
@W [SCHED-21] Estimated clock period (16.9ns) exceeds the target (target clock period: 10ns, clock uncertainty: 1.25ns, effective delay budget: 8.75ns).
@W [SCHED-21] The critical path consists of the following:
	fifo read on port 'parser2dpi_V_data_V' (Packet_lo_pl/sources/packet_filter.cpp:138) (4.38 ns)
	'partset' operation ('__Result__', Packet_lo_pl/sources/packet_filter.cpp:172) (0 ns)
	multiplexor before 'phi' operation ('__Result__') with incoming values : ('__Val2__', Packet_lo_pl/sources/packet_filter.cpp:168) ('__Result__', Packet_lo_pl/sources/packet_filter.cpp:172) ('__Result__', Packet_lo_pl/sources/packet_filter.cpp:168) (1.57 ns)
	'icmp' operation ('tmp_2', Packet_lo_pl/sources/packet_filter.cpp:188) (2.52 ns)
	'and' operation ('or_cond_25', Packet_lo_pl/sources/packet_filter.cpp:188) (1.37 ns)
	'xor' operation ('tmp4', Packet_lo_pl/sources/packet_filter.cpp:188) (1.37 ns)
	'and' operation ('sel_tmp2', Packet_lo_pl/sources/packet_filter.cpp:188) (1.37 ns)
	'select' operation ('newSel', Packet_lo_pl/sources/packet_filter.cpp:188) (1.37 ns)
	'select' operation ('newSel7', Packet_lo_pl/sources/packet_filter.cpp:188) (1.37 ns)
	'store' operation (Packet_lo_pl/sources/packet_filter.cpp:189) of variable 'newSel7', Packet_lo_pl/sources/packet_filter.cpp:188 on static variable 'dpiState' (1.57 ns)
@I [SCHED-11] Finished scheduling.
@I [HLS-100] Command 'schedule' returned 0; elapsed 0.129644Total elapsed time: 33.3 sec.
@I [HLS-111] Elapsed time: 0.145195 seconds; current memory usage: 152 MB.
@I [HLS-100] Command "report -o /home/iq/Documents/marketinternational_filter/HLS_IPs/Packet_Parser/Packet_lo_pl/solution1/.autopilot/db/hlsDPI_dpi.verbose.sched.rpt -verbose -f "
@I [HLS-100] Command 'report' returned 0; elapsed 0.009235Total elapsed time: 33.13 sec.
@I [HLS-100] Command "db_write -o /home/iq/Documents/marketinternational_filter/HLS_IPs/Packet_Parser/Packet_lo_pl/solution1/.autopilot/db/hlsDPI_dpi.sched.adb -f "
@I [HLS-100] Command 'db_write' returned 0; elapsed 0.018773Total elapsed time: 33.32 sec.
@I [HLS-0] Finish scheduling hlsDPI_dpi.
@I [HLS-10] ----------------------------------------------------------------
@0 [HLS-0] ----------------------------------------------------------------
@I [HLS-10] -- Exploring micro-architecture for module 'hlsDPI_dpi' 
@0 [HLS-0] -- Exploring micro-architecture for module 'hlsDPI_dpi' 
@I [HLS-10] ----------------------------------------------------------------
@0 [HLS-0] ----------------------------------------------------------------
@I [HLS-100] Command "set_default_model hlsDPI_dpi "
@I [HLS-100] Command 'set_default_model' returned 0; elapsed 0.000152Total elapsed time: 33.32 sec.
@I [HLS-100] Command "bind -model hlsDPI_dpi "
@I [BIND-110] clear=
@I [BIND-110] debug=
@I [BIND-110] drf=
@I [BIND-110] effort=
@I [BIND-110] fast_refine=
@I [BIND-110] fu_weight=[ 0.0 -- 1.0 ]
@I [BIND-110] global_opt=
@I [BIND-110] gsearch=
@I [BIND-110] help=
@I [BIND-110] help-hidden=
@I [BIND-110] min_mem_port=
@I [BIND-110] min_op=
@I [BIND-110] minreg=
@I [BIND-110] ml=
@I [BIND-110] model=hlsDPI_dpi
@I [BIND-110] no_false_path=
@I [BIND-110] no_min_op=
@I [BIND-110] normalize=
@I [BIND-110] quiet=
@I [BIND-110] refine=
@I [BIND-110] reg_weight=[ 0.0 -- 1.0 ]
@I [BIND-110] search=
@I [BIND-110] tight_delay=
@I [BIND-110] verbose=
@I [BIND-110] wFF=
@I [BIND-110] wFU=
@I [BIND-110] wMUX=
@I [BIND-110] wNET=
@I [BIND-100] Starting micro-architecture generation ...
@I [BIND-101] Performing variable lifetime analysis.
@I [BIND-101] Exploring resource sharing.
@I [BIND-101] Binding ...
@I [BIND-100] Finished micro-architecture generation.
@I [HLS-100] Command 'bind' returned 0; elapsed 0.032142Total elapsed time: 33.65 sec.
@I [HLS-111] Elapsed time: 0.060933 seconds; current memory usage: 153 MB.
@I [HLS-100] Command "report -o /home/iq/Documents/marketinternational_filter/HLS_IPs/Packet_Parser/Packet_lo_pl/solution1/.autopilot/db/hlsDPI_dpi.verbose.bind.rpt -verbose -f "
@I [HLS-100] Command 'report' returned 0; elapsed 0.048328Total elapsed time: 33.113 sec.
@I [HLS-100] Command "db_write -o /home/iq/Documents/marketinternational_filter/HLS_IPs/Packet_Parser/Packet_lo_pl/solution1/.autopilot/db/hlsDPI_dpi.bind.adb -f "
@I [HLS-100] Command 'db_write' returned 0; elapsed 0.020349Total elapsed time: 33.133 sec.
@I [HLS-0] Finish binding hlsDPI_dpi.
@I [HLS-10] ----------------------------------------------------------------
@0 [HLS-0] ----------------------------------------------------------------
@I [HLS-10] -- Scheduling module 'hlsDPI' 
@0 [HLS-0] -- Scheduling module 'hlsDPI' 
@I [HLS-10] ----------------------------------------------------------------
@0 [HLS-0] ----------------------------------------------------------------
@I [HLS-100] Command "set_default_model hlsDPI "
@I [HLS-100] Command 'set_default_model' returned 0; elapsed 0.000186Total elapsed time: 33.134 sec.
@I [HLS-100] Command "schedule -model hlsDPI "
@I [SCHED-11] Starting scheduling ...
@W [SCHED-21] Estimated delay (16.9ns) of 'call' operation (Packet_lo_pl/sources/hlsDPI_IP.cpp:18) to 'hlsDPI_dpi' exceeds the target cycle time (target cycle time: 10ns, clock uncertainty: 1.25ns, effective cycle time: 8.75ns).
@I [SCHED-11] Finished scheduling.
@I [HLS-100] Command 'schedule' returned 0; elapsed 0.005143Total elapsed time: 33.139 sec.
@I [HLS-111] Elapsed time: 0.074484 seconds; current memory usage: 153 MB.
@I [HLS-100] Command "report -o /home/iq/Documents/marketinternational_filter/HLS_IPs/Packet_Parser/Packet_lo_pl/solution1/.autopilot/db/hlsDPI.verbose.sched.rpt -verbose -f "
@I [HLS-100] Command 'report' returned 0; elapsed 0.001342Total elapsed time: 33.141 sec.
@I [HLS-100] Command "db_write -o /home/iq/Documents/marketinternational_filter/HLS_IPs/Packet_Parser/Packet_lo_pl/solution1/.autopilot/db/hlsDPI.sched.adb -f "
@I [HLS-100] Command 'db_write' returned 0; elapsed 0.001667Total elapsed time: 33.142 sec.
@I [HLS-0] Finish scheduling hlsDPI.
@I [HLS-10] ----------------------------------------------------------------
@0 [HLS-0] ----------------------------------------------------------------
@I [HLS-10] -- Exploring micro-architecture for module 'hlsDPI' 
@0 [HLS-0] -- Exploring micro-architecture for module 'hlsDPI' 
@I [HLS-10] ----------------------------------------------------------------
@0 [HLS-0] ----------------------------------------------------------------
@I [HLS-100] Command "set_default_model hlsDPI "
@I [HLS-100] Command 'set_default_model' returned 0; elapsed 0.000163Total elapsed time: 33.143 sec.
@I [HLS-100] Command "bind -model hlsDPI "
@I [BIND-110] clear=
@I [BIND-110] debug=
@I [BIND-110] drf=
@I [BIND-110] effort=
@I [BIND-110] fast_refine=
@I [BIND-110] fu_weight=[ 0.0 -- 1.0 ]
@I [BIND-110] global_opt=
@I [BIND-110] gsearch=
@I [BIND-110] help=
@I [BIND-110] help-hidden=
@I [BIND-110] min_mem_port=
@I [BIND-110] min_op=
@I [BIND-110] minreg=
@I [BIND-110] ml=
@I [BIND-110] model=hlsDPI
@I [BIND-110] no_false_path=
@I [BIND-110] no_min_op=
@I [BIND-110] normalize=
@I [BIND-110] quiet=
@I [BIND-110] refine=
@I [BIND-110] reg_weight=[ 0.0 -- 1.0 ]
@I [BIND-110] search=
@I [BIND-110] tight_delay=
@I [BIND-110] verbose=
@I [BIND-110] wFF=
@I [BIND-110] wFU=
@I [BIND-110] wMUX=
@I [BIND-110] wNET=
@I [BIND-100] Starting micro-architecture generation ...
@I [BIND-101] Performing variable lifetime analysis.
@I [BIND-101] Exploring resource sharing.
@I [BIND-101] Binding ...
@I [BIND-100] Finished micro-architecture generation.
@I [HLS-100] Command 'bind' returned 0; elapsed 0.028441Total elapsed time: 33.171 sec.
@I [HLS-111] Elapsed time: 0.032131 seconds; current memory usage: 153 MB.
@I [HLS-100] Command "report -o /home/iq/Documents/marketinternational_filter/HLS_IPs/Packet_Parser/Packet_lo_pl/solution1/.autopilot/db/hlsDPI.verbose.bind.rpt -verbose -f "
@I [HLS-100] Command 'report' returned 0; elapsed 0.041608Total elapsed time: 33.213 sec.
@I [HLS-100] Command "db_write -o /home/iq/Documents/marketinternational_filter/HLS_IPs/Packet_Parser/Packet_lo_pl/solution1/.autopilot/db/hlsDPI.bind.adb -f "
@I [HLS-100] Command 'db_write' returned 0; elapsed 0.001943Total elapsed time: 33.215 sec.
@I [HLS-0] Finish binding hlsDPI.
@I [HLS-100] Command "get_model_list hlsDPI -filter all-wo-channel "
@I [HLS-100] Command 'get_model_list' returned 0; elapsed 2e-05Total elapsed time: 33.215 sec.
@I [HLS-0] Preprocessing for RTLGen ...
@I [HLS-100] Command "rtl_gen_preprocess hlsDPI_ethernetDetection "
@I [HLS-100] Command 'rtl_gen_preprocess' returned 0; elapsed 0.000391Total elapsed time: 33.215 sec.
@I [HLS-100] Command "rtl_gen_preprocess hlsDPI_dpi "
@I [HLS-100] Command 'rtl_gen_preprocess' returned 0; elapsed 0.000425Total elapsed time: 33.216 sec.
@I [HLS-100] Command "rtl_gen_preprocess hlsDPI "
@I [HLS-100] Command 'rtl_gen_preprocess' returned 0; elapsed 0.000449Total elapsed time: 33.216 sec.
@I [HLS-0] Model list for RTL generation: hlsDPI_ethernetDetection hlsDPI_dpi hlsDPI
@I [HLS-10] ----------------------------------------------------------------
@0 [HLS-0] ----------------------------------------------------------------
@I [HLS-10] -- Generating RTL for module 'hlsDPI_ethernetDetection' 
@0 [HLS-0] -- Generating RTL for module 'hlsDPI_ethernetDetection' 
@I [HLS-10] ----------------------------------------------------------------
@0 [HLS-0] ----------------------------------------------------------------
@I [HLS-100] Command "create_rtl_model hlsDPI_ethernetDetection -vendor xilinx -mg_file /home/iq/Documents/marketinternational_filter/HLS_IPs/Packet_Parser/Packet_lo_pl/solution1/.autopilot/db/hlsDPI_ethernetDetection.compgen.tcl "
@W [RTGEN-101] Register 'dpiDetectState' is power-on initialization.
@W [RTGEN-101] Register 'dmp_prevWord_data_V' is power-on initialization.
@W [RTGEN-101] Register 'dmp_prevWord_strb_V' is power-on initialization.
@W [RTGEN-101] Register 'dmp_prevWord_user_V' is power-on initialization.
@W [RTGEN-101] Register 'dmp_prevWord_last_V' is power-on initialization.
@W [RTGEN-101] Register 'dmp_macType_V' is power-on initialization.
@I [RTGEN-100] Finished creating RTL model for 'hlsDPI_ethernetDetection'.
@I [HLS-100] Command 'create_rtl_model' returned 0; elapsed 0.039251Total elapsed time: 33.265 sec.
@I [HLS-111] Elapsed time: 0.085091 seconds; current memory usage: 154 MB.
@I [HLS-100] Command "source /home/iq/Documents/marketinternational_filter/HLS_IPs/Packet_Parser/Packet_lo_pl/solution1/.autopilot/db/hlsDPI.rtl_wrap.cfg.tcl "
@I [HLS-100] Command 'ap_source' returned 0; elapsed 0.000384Total elapsed time: 33.266 sec.
@I [HLS-100] Command "gen_rtl hlsDPI_ethernetDetection -style xilinx -tracefl mytrace -tracefmt vcd -traceopt all -f -lang sc -o /home/iq/Documents/marketinternational_filter/HLS_IPs/Packet_Parser/Packet_lo_pl/solution1/syn/systemc/hlsDPI_ethernetDetection -synmodules hlsDPI_ethernetDetection hlsDPI_dpi hlsDPI "
@I [HLS-100] Command 'gen_rtl' returned 0; elapsed 0.001414Total elapsed time: 33.268 sec.
@I [HLS-100] Command "gen_rtl hlsDPI_ethernetDetection -style xilinx -f -lang vhdl -o /home/iq/Documents/marketinternational_filter/HLS_IPs/Packet_Parser/Packet_lo_pl/solution1/syn/vhdl/hlsDPI_ethernetDetection "
@I [HLS-100] Command 'gen_rtl' returned 0; elapsed 0.000762Total elapsed time: 33.269 sec.
@I [HLS-100] Command "gen_rtl hlsDPI_ethernetDetection -style xilinx -f -lang vlog -o /home/iq/Documents/marketinternational_filter/HLS_IPs/Packet_Parser/Packet_lo_pl/solution1/syn/verilog/hlsDPI_ethernetDetection "
@I [HLS-100] Command 'gen_rtl' returned 0; elapsed 0.000881Total elapsed time: 33.270 sec.
@I [HLS-100] Command "gen_tb_info hlsDPI_ethernetDetection -o /home/iq/Documents/marketinternational_filter/HLS_IPs/Packet_Parser/Packet_lo_pl/solution1/.autopilot/db/hlsDPI_ethernetDetection -p /home/iq/Documents/marketinternational_filter/HLS_IPs/Packet_Parser/Packet_lo_pl/solution1/.autopilot/db "
@I [HLS-100] Command 'gen_tb_info' returned 0; elapsed 0.004567Total elapsed time: 33.275 sec.
@I [HLS-100] Command "report -model hlsDPI_ethernetDetection -o /home/iq/Documents/marketinternational_filter/HLS_IPs/Packet_Parser/Packet_lo_pl/solution1/syn/report/hlsDPI_ethernetDetection_csynth.rpt -f "
@I [HLS-100] Command 'report' returned 0; elapsed 0.00535Total elapsed time: 33.280 sec.
@I [HLS-100] Command "report -model hlsDPI_ethernetDetection -o /home/iq/Documents/marketinternational_filter/HLS_IPs/Packet_Parser/Packet_lo_pl/solution1/syn/report/hlsDPI_ethernetDetection_csynth.xml -f -x "
@I [HLS-100] Command 'report' returned 0; elapsed 0.004458Total elapsed time: 33.285 sec.
@I [HLS-100] Command "report -model hlsDPI_ethernetDetection -o /home/iq/Documents/marketinternational_filter/HLS_IPs/Packet_Parser/Packet_lo_pl/solution1/.autopilot/db/hlsDPI_ethernetDetection.verbose.rpt -verbose -f "
@I [HLS-100] Command 'report' returned 0; elapsed 0.012045Total elapsed time: 33.297 sec.
@I [HLS-100] Command "db_write -model hlsDPI_ethernetDetection -o /home/iq/Documents/marketinternational_filter/HLS_IPs/Packet_Parser/Packet_lo_pl/solution1/.autopilot/db/hlsDPI_ethernetDetection.adb -f "
@I [HLS-100] Command 'db_write' returned 0; elapsed 0.009975Total elapsed time: 33.307 sec.
@I [HLS-10] ----------------------------------------------------------------
@0 [HLS-0] ----------------------------------------------------------------
@I [HLS-10] -- Generating RTL for module 'hlsDPI_dpi' 
@0 [HLS-0] -- Generating RTL for module 'hlsDPI_dpi' 
@I [HLS-10] ----------------------------------------------------------------
@0 [HLS-0] ----------------------------------------------------------------
@I [HLS-100] Command "create_rtl_model hlsDPI_dpi -vendor xilinx -mg_file /home/iq/Documents/marketinternational_filter/HLS_IPs/Packet_Parser/Packet_lo_pl/solution1/.autopilot/db/hlsDPI_dpi.compgen.tcl "
@W [RTGEN-101] Register 'dpiState' is power-on initialization.
@W [RTGEN-101] Register 'MAC_SRC_V' is power-on initialization.
@W [RTGEN-101] Register 'srcIP_V' is power-on initialization.
@W [RTGEN-101] Register 'newFilterIP_V' is power-on initialization.
@W [RTGEN-101] Register 'filterTable_filterEntries_vali_7' is power-on initialization.
@W [RTGEN-101] Register 'filterTable_filterEntries_ipAd_7' is power-on initialization.
@W [RTGEN-101] Register 'filterTable_filterEntries_vali_6' is power-on initialization.
@W [RTGEN-101] Register 'filterTable_filterEntries_ipAd_6' is power-on initialization.
@W [RTGEN-101] Register 'filterTable_filterEntries_vali_5' is power-on initialization.
@W [RTGEN-101] Register 'filterTable_filterEntries_ipAd_5' is power-on initialization.
@W [RTGEN-101] Register 'filterTable_filterEntries_vali_4' is power-on initialization.
@W [RTGEN-101] Register 'filterTable_filterEntries_ipAd_4' is power-on initialization.
@W [RTGEN-101] Register 'filterTable_filterEntries_vali_3' is power-on initialization.
@W [RTGEN-101] Register 'filterTable_filterEntries_ipAd_3' is power-on initialization.
@W [RTGEN-101] Register 'filterTable_filterEntries_vali_2' is power-on initialization.
@W [RTGEN-101] Register 'filterTable_filterEntries_ipAd_2' is power-on initialization.
@W [RTGEN-101] Register 'filterTable_filterEntries_vali_1' is power-on initialization.
@W [RTGEN-101] Register 'filterTable_filterEntries_ipAd_1' is power-on initialization.
@W [RTGEN-101] Register 'filterTable_filterEntries_vali' is power-on initialization.
@W [RTGEN-101] Register 'filterTable_filterEntries_ipAd' is power-on initialization.
@W [RTGEN-101] Register 'registeredFilters_V' is power-on initialization.
@W [RTGEN-101] Register 'sendCount' is power-on initialization.
@W [RTGEN-101] Register 'wordCount' is power-on initialization.
@W [RTGEN-101] Register 'dstIP_V' is power-on initialization.
@W [RTGEN-101] Register 'dpiCode_V' is power-on initialization.
@W [RTGEN-101] Register 'ethType_V' is power-on initialization.
@W [RTGEN-101] Register 'version_V' is power-on initialization.
@W [RTGEN-101] Register 'IHL_V' is power-on initialization.
@W [RTGEN-101] Register 'ECN_V' is power-on initialization.
@W [RTGEN-101] Register 'totalLength_V' is power-on initialization.
@W [RTGEN-101] Register 'ident_V' is power-on initialization.
@W [RTGEN-101] Register 'flags_V' is power-on initialization.
@W [RTGEN-101] Register 'fragOffset_V' is power-on initialization.
@W [RTGEN-101] Register 'TTL_V' is power-on initialization.
@W [RTGEN-101] Register 'protocol_V' is power-on initialization.
@W [RTGEN-101] Register 'headerCRC_V' is power-on initialization.
@I [RTGEN-100] Finished creating RTL model for 'hlsDPI_dpi'.
@I [HLS-100] Command 'create_rtl_model' returned 0; elapsed 0.096609Total elapsed time: 33.415 sec.
@I [HLS-111] Elapsed time: 0.149509 seconds; current memory usage: 156 MB.
@I [HLS-100] Command "source /home/iq/Documents/marketinternational_filter/HLS_IPs/Packet_Parser/Packet_lo_pl/solution1/.autopilot/db/hlsDPI.rtl_wrap.cfg.tcl "
@I [HLS-100] Command 'ap_source' returned 0; elapsed 0.000307Total elapsed time: 33.416 sec.
@I [HLS-100] Command "gen_rtl hlsDPI_dpi -style xilinx -tracefl mytrace -tracefmt vcd -traceopt all -f -lang sc -o /home/iq/Documents/marketinternational_filter/HLS_IPs/Packet_Parser/Packet_lo_pl/solution1/syn/systemc/hlsDPI_dpi -synmodules hlsDPI_ethernetDetection hlsDPI_dpi hlsDPI "
@I [HLS-100] Command 'gen_rtl' returned 0; elapsed 0.004Total elapsed time: 33.420 sec.
@I [HLS-100] Command "gen_rtl hlsDPI_dpi -style xilinx -f -lang vhdl -o /home/iq/Documents/marketinternational_filter/HLS_IPs/Packet_Parser/Packet_lo_pl/solution1/syn/vhdl/hlsDPI_dpi "
@I [HLS-100] Command 'gen_rtl' returned 0; elapsed 0.002408Total elapsed time: 33.423 sec.
@I [HLS-100] Command "gen_rtl hlsDPI_dpi -style xilinx -f -lang vlog -o /home/iq/Documents/marketinternational_filter/HLS_IPs/Packet_Parser/Packet_lo_pl/solution1/syn/verilog/hlsDPI_dpi "
@I [HLS-100] Command 'gen_rtl' returned 0; elapsed 0.003566Total elapsed time: 33.426 sec.
@I [HLS-100] Command "gen_tb_info hlsDPI_dpi -o /home/iq/Documents/marketinternational_filter/HLS_IPs/Packet_Parser/Packet_lo_pl/solution1/.autopilot/db/hlsDPI_dpi -p /home/iq/Documents/marketinternational_filter/HLS_IPs/Packet_Parser/Packet_lo_pl/solution1/.autopilot/db "
@I [HLS-100] Command 'gen_tb_info' returned 0; elapsed 0.030341Total elapsed time: 33.457 sec.
@I [HLS-100] Command "report -model hlsDPI_dpi -o /home/iq/Documents/marketinternational_filter/HLS_IPs/Packet_Parser/Packet_lo_pl/solution1/syn/report/hlsDPI_dpi_csynth.rpt -f "
@I [HLS-100] Command 'report' returned 0; elapsed 0.041078Total elapsed time: 33.498 sec.
@I [HLS-100] Command "report -model hlsDPI_dpi -o /home/iq/Documents/marketinternational_filter/HLS_IPs/Packet_Parser/Packet_lo_pl/solution1/syn/report/hlsDPI_dpi_csynth.xml -f -x "
@I [HLS-100] Command 'report' returned 0; elapsed 0.028499Total elapsed time: 33.527 sec.
@I [HLS-100] Command "report -model hlsDPI_dpi -o /home/iq/Documents/marketinternational_filter/HLS_IPs/Packet_Parser/Packet_lo_pl/solution1/.autopilot/db/hlsDPI_dpi.verbose.rpt -verbose -f "
@I [HLS-100] Command 'report' returned 0; elapsed 0.080218Total elapsed time: 33.607 sec.
@I [HLS-100] Command "db_write -model hlsDPI_dpi -o /home/iq/Documents/marketinternational_filter/HLS_IPs/Packet_Parser/Packet_lo_pl/solution1/.autopilot/db/hlsDPI_dpi.adb -f "
@I [HLS-100] Command 'db_write' returned 0; elapsed 0.050616Total elapsed time: 33.658 sec.
@I [HLS-10] ----------------------------------------------------------------
@0 [HLS-0] ----------------------------------------------------------------
@I [HLS-10] -- Generating RTL for module 'hlsDPI' 
@0 [HLS-0] -- Generating RTL for module 'hlsDPI' 
@I [HLS-10] ----------------------------------------------------------------
@0 [HLS-0] ----------------------------------------------------------------
@I [HLS-100] Command "create_rtl_model hlsDPI -vendor xilinx -mg_file /home/iq/Documents/marketinternational_filter/HLS_IPs/Packet_Parser/Packet_lo_pl/solution1/.autopilot/db/hlsDPI.compgen.tcl "
@I [RTGEN-500] Setting interface mode on port 'hlsDPI/inData_V_data_V' to 'axis'.
@I [RTGEN-500] Setting interface mode on port 'hlsDPI/inData_V_strb_V' to 'axis'.
@I [RTGEN-500] Setting interface mode on port 'hlsDPI/inData_V_user_V' to 'axis'.
@I [RTGEN-500] Setting interface mode on port 'hlsDPI/inData_V_last_V' to 'axis'.
@I [RTGEN-500] Setting interface mode on port 'hlsDPI/outData_V_data_V' to 'axis'.
@I [RTGEN-500] Setting interface mode on port 'hlsDPI/outData_V_strb_V' to 'axis'.
@I [RTGEN-500] Setting interface mode on port 'hlsDPI/outData_V_user_V' to 'axis'.
@I [RTGEN-500] Setting interface mode on port 'hlsDPI/outData_V_last_V' to 'axis'.
@I [RTGEN-500] Setting interface mode on function 'hlsDPI' to 'ap_ctrl_hs'.
@I [RTGEN-100] Finished creating RTL model for 'hlsDPI'.
@I [HLS-100] Command 'create_rtl_model' returned 0; elapsed 0.002751Total elapsed time: 33.707 sec.
@I [HLS-111] Elapsed time: 0.291904 seconds; current memory usage: 161 MB.
@I [HLS-100] Command "source /home/iq/Documents/marketinternational_filter/HLS_IPs/Packet_Parser/Packet_lo_pl/solution1/.autopilot/db/hlsDPI.rtl_wrap.cfg.tcl "
@I [HLS-100] Command 'ap_source' returned 0; elapsed 0.000337Total elapsed time: 33.708 sec.
@I [HLS-100] Command "gen_rtl hlsDPI -istop -style xilinx -tracefl mytrace -tracefmt vcd -traceopt all -f -lang sc -o /home/iq/Documents/marketinternational_filter/HLS_IPs/Packet_Parser/Packet_lo_pl/solution1/syn/systemc/hlsDPI -synmodules hlsDPI_ethernetDetection hlsDPI_dpi hlsDPI "
@I [HLS-100] Command 'gen_rtl' returned 0; elapsed 0.000569Total elapsed time: 33.709 sec.
@I [HLS-100] Command "gen_rtl hlsDPI -istop -style xilinx -f -lang vhdl -o /home/iq/Documents/marketinternational_filter/HLS_IPs/Packet_Parser/Packet_lo_pl/solution1/syn/vhdl/hlsDPI "
@I [HLS-100] Command 'gen_rtl' returned 0; elapsed 0.010008Total elapsed time: 33.719 sec.
@I [HLS-100] Command "gen_rtl hlsDPI -istop -style xilinx -f -lang vlog -o /home/iq/Documents/marketinternational_filter/HLS_IPs/Packet_Parser/Packet_lo_pl/solution1/syn/verilog/hlsDPI "
@I [HLS-100] Command 'gen_rtl' returned 0; elapsed 0.00516Total elapsed time: 33.724 sec.
@I [HLS-100] Command "export_constraint_db -o /home/iq/Documents/marketinternational_filter/HLS_IPs/Packet_Parser/Packet_lo_pl/solution1/.autopilot/db/hlsDPI.constraint.tcl -f -tool general "
@I [HLS-100] Command 'export_constraint_db' returned 0; elapsed 5.2e-05Total elapsed time: 33.724 sec.
@I [HLS-100] Command "report -model hlsDPI -o /home/iq/Documents/marketinternational_filter/HLS_IPs/Packet_Parser/Packet_lo_pl/solution1/.autopilot/db/hlsDPI.design.xml -verbose -f -dv "
@I [HLS-100] Command 'report' returned 0; elapsed 0.070982Total elapsed time: 33.795 sec.
@I [HLS-100] Command "report -model hlsDPI -o /home/iq/Documents/marketinternational_filter/HLS_IPs/Packet_Parser/Packet_lo_pl/solution1/.autopilot/db/hlsDPI.sdaccel.xml -verbose -f -sdaccel "
@I [HLS-100] Command 'report' returned 0; elapsed 0.01454Total elapsed time: 33.810 sec.
@I [HLS-100] Command "gen_tb_info hlsDPI -o /home/iq/Documents/marketinternational_filter/HLS_IPs/Packet_Parser/Packet_lo_pl/solution1/.autopilot/db/hlsDPI -p /home/iq/Documents/marketinternational_filter/HLS_IPs/Packet_Parser/Packet_lo_pl/solution1/.autopilot/db "
@I [HLS-100] Command 'gen_tb_info' returned 0; elapsed 0.000421Total elapsed time: 33.810 sec.
@I [HLS-100] Command "report -model hlsDPI -o /home/iq/Documents/marketinternational_filter/HLS_IPs/Packet_Parser/Packet_lo_pl/solution1/syn/report/hlsDPI_csynth.rpt -f "
@I [HLS-100] Command 'report' returned 0; elapsed 0.005754Total elapsed time: 33.816 sec.
@I [HLS-100] Command "report -model hlsDPI -o /home/iq/Documents/marketinternational_filter/HLS_IPs/Packet_Parser/Packet_lo_pl/solution1/syn/report/hlsDPI_csynth.xml -f -x "
@I [HLS-100] Command 'report' returned 0; elapsed 0.004838Total elapsed time: 33.821 sec.
@I [HLS-100] Command "report -model hlsDPI -o /home/iq/Documents/marketinternational_filter/HLS_IPs/Packet_Parser/Packet_lo_pl/solution1/.autopilot/db/hlsDPI.verbose.rpt -verbose -f "
@I [HLS-100] Command 'report' returned 0; elapsed 0.048796Total elapsed time: 33.870 sec.
@I [HLS-100] Command "db_write -model hlsDPI -o /home/iq/Documents/marketinternational_filter/HLS_IPs/Packet_Parser/Packet_lo_pl/solution1/.autopilot/db/hlsDPI.adb -f "
@I [HLS-100] Command 'db_write' returned 0; elapsed 0.006978Total elapsed time: 33.877 sec.
@I [HLS-100] Command "sc_get_clocks hlsDPI "
@I [HLS-100] Command 'sc_get_clocks' returned 0; elapsed 4e-06Total elapsed time: 33.880 sec.
@I [HLS-100] Command "sc_get_portdomain hlsDPI "
@I [HLS-100] Command 'sc_get_portdomain' returned 0; elapsed 2e-06Total elapsed time: 33.880 sec.
@I [HLS-0] Model list for RTL component generation: hlsDPI_ethernetDetection hlsDPI_dpi hlsDPI
@I [HLS-0] Handling components in module [hlsDPI_ethernetDetection] ... 
@I [HLS-100] Command "source /home/iq/Documents/marketinternational_filter/HLS_IPs/Packet_Parser/Packet_lo_pl/solution1/.autopilot/db/hlsDPI_ethernetDetection.compgen.tcl "
@I [HLS-100] Command 'ap_source' returned 0; elapsed 0.000121Total elapsed time: 33.881 sec.
@I [HLS-0] Handling components in module [hlsDPI_dpi] ... 
@I [HLS-100] Command "source /home/iq/Documents/marketinternational_filter/HLS_IPs/Packet_Parser/Packet_lo_pl/solution1/.autopilot/db/hlsDPI_dpi.compgen.tcl "
@I [HLS-100] Command 'ap_source' returned 0; elapsed 0.000108Total elapsed time: 33.882 sec.
@I [HLS-0] Handling components in module [hlsDPI] ... 
@I [HLS-100] Command "source /home/iq/Documents/marketinternational_filter/HLS_IPs/Packet_Parser/Packet_lo_pl/solution1/.autopilot/db/hlsDPI.compgen.tcl "
@I [HLS-0] Found component FIFO_hlsDPI_parser2dpi_V_data_V.
@I [HLS-0] Append model FIFO_hlsDPI_parser2dpi_V_data_V
@I [HLS-0] Found component FIFO_hlsDPI_parser2dpi_V_strb_V.
@I [HLS-0] Append model FIFO_hlsDPI_parser2dpi_V_strb_V
@I [HLS-0] Found component FIFO_hlsDPI_parser2dpi_V_user_V.
@I [HLS-0] Append model FIFO_hlsDPI_parser2dpi_V_user_V
@I [HLS-0] Found component FIFO_hlsDPI_parser2dpi_V_last_V.
@I [HLS-0] Append model FIFO_hlsDPI_parser2dpi_V_last_V
@I [HLS-100] Command 'ap_source' returned 0; elapsed 0.0004Total elapsed time: 33.882 sec.
@I [HLS-0] Append model hlsDPI_ethernetDetection
@I [HLS-0] Append model hlsDPI_dpi
@I [HLS-0] Append model hlsDPI
@I [HLS-0] Generating RTL model list ...
@I [HLS-0] All models in this session: FIFO_hlsDPI_parser2dpi_V_data_V FIFO_hlsDPI_parser2dpi_V_strb_V FIFO_hlsDPI_parser2dpi_V_user_V FIFO_hlsDPI_parser2dpi_V_last_V hlsDPI_ethernetDetection hlsDPI_dpi hlsDPI
@I [HLS-0] To file: write model FIFO_hlsDPI_parser2dpi_V_data_V
@I [HLS-0] To file: write model FIFO_hlsDPI_parser2dpi_V_strb_V
@I [HLS-0] To file: write model FIFO_hlsDPI_parser2dpi_V_user_V
@I [HLS-0] To file: write model FIFO_hlsDPI_parser2dpi_V_last_V
@I [HLS-0] To file: write model hlsDPI_ethernetDetection
@I [HLS-0] To file: write model hlsDPI_dpi
@I [HLS-0] To file: write model hlsDPI
@I [HLS-0] Finished generating RTL model list.


@I [HLS-0] RTL Generation done.
@I [HLS-0] CAS Generation done.
@I [HLS-0] CBC Generation done.
@I [HLS-100] Command "export_ssdm /home/iq/Documents/marketinternational_filter/HLS_IPs/Packet_Parser/Packet_lo_pl/solution1/.autopilot/db/a.export.ll "
@I [HLS-100] Command 'export_ssdm' returned 0; elapsed 0.000486Total elapsed time: 33.883 sec.
@I [HLS-100] Command "source /home/iq/Documents/marketinternational_filter/HLS_IPs/Packet_Parser/Packet_lo_pl/solution1/.autopilot/db/global.setting.tcl "
@I [HLS-100] Command 'ap_source' returned 0; elapsed 0.000107Total elapsed time: 33.885 sec.
@I [HLS-100] Command "source /opt/Xilinx/Vivado_HLS/2015.3/common/technology/generic/autopilot/common.gen "
@I [HLS-100] Command "source /opt/Xilinx/Vivado_HLS/2015.3/common/technology/generic/autopilot/APCoreGen.gen "
@I [HLS-100] Command 'ap_source' returned 0; elapsed 0.000351Total elapsed time: 33.886 sec.
@I [HLS-100] Command 'ap_source' returned 0; elapsed 0.000662Total elapsed time: 33.886 sec.
@I [HLS-100] Command "source /opt/Xilinx/Vivado_HLS/2015.3/common/technology/generic/autopilot/op.gen "
@I [HLS-100] Command 'ap_source' returned 0; elapsed 0.000186Total elapsed time: 33.886 sec.
@I [HLS-100] Command "source /opt/Xilinx/Vivado_HLS/2015.3/common/technology/generic/autopilot/op_simcore.gen "
@I [HLS-100] Command 'ap_source' returned 0; elapsed 0.00054Total elapsed time: 33.887 sec.
@I [HLS-100] Command "source /opt/Xilinx/Vivado_HLS/2015.3/common/technology/generic/autopilot/interface.gen "
@I [HLS-100] Command 'ap_source' returned 0; elapsed 4.2e-05Total elapsed time: 33.887 sec.
@I [HLS-100] Command "source /home/iq/Documents/marketinternational_filter/HLS_IPs/Packet_Parser/Packet_lo_pl/solution1/.autopilot/db/global.setting.tcl "
@I [HLS-100] Command 'ap_source' returned 0; elapsed 9e-05Total elapsed time: 33.887 sec.
@I [HLS-100] Command "source /opt/Xilinx/Vivado_HLS/2015.3/common/technology/xilinx/zynq/zynq.gen "
@I [HLS-100] Command "source /opt/Xilinx/Vivado_HLS/2015.3/common/technology/xilinx/common/virtex.gen "
@I [HLS-100] Command "source /opt/Xilinx/Vivado_HLS/2015.3/common/technology/xilinx/common/xilinx.gen "
@I [HLS-100] Command "source /opt/Xilinx/Vivado_HLS/2015.3/common/technology/xilinx/interface/plb46.gen "
@I [HLS-100] Command 'ap_source' returned 0; elapsed 0.000927Total elapsed time: 33.895 sec.
@I [HLS-100] Command "source /opt/Xilinx/Vivado_HLS/2015.3/common/technology/xilinx/interface/fsl.gen "
@I [HLS-100] Command 'ap_source' returned 0; elapsed 0.000307Total elapsed time: 33.895 sec.
@I [HLS-100] Command "source /opt/Xilinx/Vivado_HLS/2015.3/common/technology/xilinx/interface/axi4.gen "
@I [HLS-100] Command 'ap_source' returned 0; elapsed 0.001322Total elapsed time: 33.897 sec.
@I [HLS-100] Command "source /opt/Xilinx/Vivado_HLS/2015.3/common/technology/xilinx/interface/nativeAXI4.gen "
@I [HLS-100] Command "source /opt/Xilinx/Vivado_HLS/2015.3/common/technology/xilinx/interface/saxilite.gen "
@I [HLS-100] Command 'ap_source' returned 0; elapsed 0.0022Total elapsed time: 33.899 sec.
@I [HLS-100] Command "source /opt/Xilinx/Vivado_HLS/2015.3/common/technology/xilinx/interface/maxi.gen "
@I [HLS-100] Command 'ap_source' returned 0; elapsed 0.004431Total elapsed time: 33.904 sec.
@I [HLS-100] Command 'ap_source' returned 0; elapsed 0.006721Total elapsed time: 33.904 sec.
@I [HLS-100] Command "source /opt/Xilinx/Vivado_HLS/2015.3/common/technology/xilinx/scripts/xilinxcoregen.gen "
@I [HLS-100] Command 'ap_source' returned 0; elapsed 0.005479Total elapsed time: 33.914 sec.
@I [HLS-100] Command "source /opt/Xilinx/Vivado_HLS/2015.3/common/technology/xilinx/interface/XilEDKCoreGen.gen "
@I [HLS-100] Command 'ap_source' returned 0; elapsed 0.005028Total elapsed time: 33.919 sec.
@I [HLS-100] Command "source /opt/Xilinx/Vivado_HLS/2015.3/common/technology/xilinx/ip/util.gen "
@I [HLS-100] Command 'ap_source' returned 0; elapsed 8.3e-05Total elapsed time: 33.919 sec.
@I [HLS-100] Command "source /opt/Xilinx/Vivado_HLS/2015.3/common/technology/xilinx/ip/xfir.gen "
@I [HLS-100] Command 'ap_source' returned 0; elapsed 0.020521Total elapsed time: 33.939 sec.
@I [HLS-100] Command "source /opt/Xilinx/Vivado_HLS/2015.3/common/technology/xilinx/ip/xfft.gen "
@I [HLS-100] Command 'ap_source' returned 0; elapsed 0.066241Total elapsed time: 34.6 sec.
@I [HLS-100] Command "source /opt/Xilinx/Vivado_HLS/2015.3/common/technology/xilinx/ip/dds_compiler.gen "
@I [HLS-100] Command 'ap_source' returned 0; elapsed 0.00236Total elapsed time: 34.8 sec.
@I [HLS-100] Command 'ap_source' returned 0; elapsed 0.10946Total elapsed time: 34.8 sec.
@I [HLS-100] Command "source /opt/Xilinx/Vivado_HLS/2015.3/common/technology/xilinx/common/dsp48.gen "
@I [HLS-100] Command 'ap_source' returned 0; elapsed 8.2e-05Total elapsed time: 34.9 sec.
@I [HLS-100] Command 'ap_source' returned 0; elapsed 0.110679Total elapsed time: 34.9 sec.
@I [HLS-100] Command 'ap_source' returned 0; elapsed 0.110744Total elapsed time: 34.9 sec.
@I [HLS-100] Command "source /opt/Xilinx/Vivado_HLS/2015.3/common/technology/xilinx/zynq/zynq_fpv6.gen "
@I [HLS-100] Command "source /opt/Xilinx/Vivado_HLS/2015.3/common/technology/xilinx/common/xilinx_fpv6.gen "
@I [HLS-100] Command 'ap_source' returned 0; elapsed 0.000982Total elapsed time: 34.10 sec.
@I [HLS-100] Command 'ap_source' returned 0; elapsed 0.001048Total elapsed time: 34.10 sec.
@I [HLS-100] Command "source /home/iq/Documents/marketinternational_filter/HLS_IPs/Packet_Parser/Packet_lo_pl/solution1/.autopilot/db/global.setting.tcl "
@I [HLS-100] Command 'ap_source' returned 0; elapsed 0.0001Total elapsed time: 34.11 sec.
@I [HLS-100] Command "source /home/iq/Documents/marketinternational_filter/HLS_IPs/Packet_Parser/Packet_lo_pl/solution1/.autopilot/db/global.setting.tcl "
@I [HLS-100] Command 'ap_source' returned 0; elapsed 9.1e-05Total elapsed time: 34.11 sec.
@I [HLS-100] Command "source /home/iq/Documents/marketinternational_filter/HLS_IPs/Packet_Parser/Packet_lo_pl/solution1/.autopilot/db/global.setting.tcl "
@I [HLS-100] Command 'ap_source' returned 0; elapsed 0.00012Total elapsed time: 34.11 sec.
@I [HLS-100] Command "source /home/iq/Documents/marketinternational_filter/HLS_IPs/Packet_Parser/Packet_lo_pl/solution1/.autopilot/db/global.setting.tcl "
@I [HLS-100] Command 'ap_source' returned 0; elapsed 8.8e-05Total elapsed time: 34.12 sec.
@I [HLS-100] Command "source /home/iq/Documents/marketinternational_filter/HLS_IPs/Packet_Parser/Packet_lo_pl/solution1/.autopilot/db/hlsDPI_ethernetDetection.compgen.tcl "
@I [HLS-100] Command 'ap_source' returned 0; elapsed 0.000115Total elapsed time: 34.12 sec.
@I [HLS-100] Command "source /home/iq/Documents/marketinternational_filter/HLS_IPs/Packet_Parser/Packet_lo_pl/solution1/.autopilot/db/hlsDPI_dpi.compgen.tcl "
@I [HLS-100] Command 'ap_source' returned 0; elapsed 0.000107Total elapsed time: 34.12 sec.
@I [HLS-100] Command "source /home/iq/Documents/marketinternational_filter/HLS_IPs/Packet_Parser/Packet_lo_pl/solution1/.autopilot/db/hlsDPI.compgen.tcl "
@I [RTMG-285] Implementing FIFO 'FIFO_hlsDPI_parser2dpi_V_data_V' using Block RAMs.
@I [RTMG-285] Implementing FIFO 'FIFO_hlsDPI_parser2dpi_V_strb_V' using Shift Registers.
@I [RTMG-285] Implementing FIFO 'FIFO_hlsDPI_parser2dpi_V_user_V' using Block RAMs.
@I [RTMG-285] Implementing FIFO 'FIFO_hlsDPI_parser2dpi_V_last_V' using Shift Registers.
@I [HLS-100] Command 'ap_source' returned 0; elapsed 0.019009Total elapsed time: 34.31 sec.
@I [HLS-10] Finished generating all RTL models.
@0 [HLS-0] Finished generating all RTL models.
@I [WSYSC-301] Generating RTL SystemC for 'hlsDPI'.
@I [WVHDL-304] Generating RTL VHDL for 'hlsDPI'.
@I [WVLOG-307] Generating RTL Verilog for 'hlsDPI'.
@I [HLS-100] Command 'autosyn' returned 0; elapsed 1.29073Total elapsed time: 34.33 sec.
@I [HLS-100] Command 'csynth_design' returned 0; elapsed 9.18201Total elapsed time: 34.33 sec.
@I [HLS-100] Command 'ap_source' returned 0; elapsed 9.34646Total elapsed time: 34.33 sec.
@I [HLS-100] Command "cleanup_all "
@I [HLS-100] Command 'cleanup_all' returned 0; elapsed 0.011189Total elapsed time: 34.44 sec.
