

================================================================
== Vivado HLS Report for 'hlsDPI_dpi'
================================================================
* Date:           Sat Aug 26 11:22:36 2017

* Version:        2015.3 (Build 1368829 on Mon Sep 28 20:31:51 PM 2015)
* Project:        Packet_lo_pl
* Solution:       solution1
* Product family: zynq
* Target device:  xc7z020clg400-1


================================================================
== Performance Estimates
================================================================
+ Timing (ns): 
    * Summary: 
    +--------+-------+----------+------------+
    |  Clock | Target| Estimated| Uncertainty|
    +--------+-------+----------+------------+
    |ap_clk  |  10.00|     16.89|        1.25|
    +--------+-------+----------+------------+

+ Latency (clock cycles): 
    * Summary: 
    +-----+-----+-----+-----+----------+
    |  Latency  |  Interval | Pipeline |
    | min | max | min | max |   Type   |
    +-----+-----+-----+-----+----------+
    |    1|    1|    1|    1| function |
    +-----+-----+-----+-----+----------+

    + Detail: 
        * Instance: 
        N/A

        * Loop: 
        N/A

============================================================
+ Verbose Summary: Synthesis Manager
============================================================
InlineROM: 1
ExposeGlobal: 0
============================================================
+ Verbose Summary: CDFG Model
============================================================
IsTopModel: 0
ResetActiveHigh: 1
IsCombinational: 2
IsDatapathOnly: 0
HasWiredReturn: 1
HasMFsm: 1
HasVarLatency: 0
IsPipeline: 1
IsRtlPipelined: 1
IsInstanceOverlapped: 0
IsDontTouch: 0
HasImplIP: 0
IsGatedGlobalClock: 0

+ Individual pipeline summary: 
  * Pipeline-0: initiation interval (II) = 1, depth = 2


============================================================
+ Verbose Summary: Schedule
============================================================
* Number of FSM states: 2
* Pipeline: 1
  Pipeline-0: II = 1, D = 2, States = { 1 2 }
* Dataflow Pipeline: 0

* FSM state transitions: 
1 --> 
	2  / true
2 --> 
* FSM state operations: 

 <State 1>: 16.89ns
ST_1: dpiState_load [1/1] 0.00ns
codeRepl:6  %dpiState_load = load i3* @dpiState, align 1

ST_1: p_Val2_2 [1/1] 0.00ns
codeRepl:7  %p_Val2_2 = load i48* @MAC_SRC_V, align 8

ST_1: p_Val2_1 [1/1] 0.00ns
codeRepl:8  %p_Val2_1 = load i32* @srcIP_V, align 4

ST_1: tempEntry_ipAddress_V [1/1] 0.00ns
codeRepl:9  %tempEntry_ipAddress_V = load i32* @newFilterIP_V, align 4

ST_1: filterTable_filterEntries_vali [1/1] 0.00ns
codeRepl:10  %filterTable_filterEntries_vali = load i1* @filterTable_filterEntries_vali_7, align 1

ST_1: filterTable_filterEntries_ipAd [1/1] 0.00ns
codeRepl:11  %filterTable_filterEntries_ipAd = load i32* @filterTable_filterEntries_ipAd_7, align 4

ST_1: filterTable_filterEntries_vali_1 [1/1] 0.00ns
codeRepl:12  %filterTable_filterEntries_vali_1 = load i1* @filterTable_filterEntries_vali_6, align 1

ST_1: filterTable_filterEntries_ipAd_1 [1/1] 0.00ns
codeRepl:13  %filterTable_filterEntries_ipAd_1 = load i32* @filterTable_filterEntries_ipAd_6, align 4

ST_1: filterTable_filterEntries_vali_2 [1/1] 0.00ns
codeRepl:14  %filterTable_filterEntries_vali_2 = load i1* @filterTable_filterEntries_vali_5, align 1

ST_1: filterTable_filterEntries_ipAd_2 [1/1] 0.00ns
codeRepl:15  %filterTable_filterEntries_ipAd_2 = load i32* @filterTable_filterEntries_ipAd_5, align 4

ST_1: filterTable_filterEntries_vali_3 [1/1] 0.00ns
codeRepl:16  %filterTable_filterEntries_vali_3 = load i1* @filterTable_filterEntries_vali_4, align 1

ST_1: filterTable_filterEntries_ipAd_3 [1/1] 0.00ns
codeRepl:17  %filterTable_filterEntries_ipAd_3 = load i32* @filterTable_filterEntries_ipAd_4, align 4

ST_1: filterTable_filterEntries_vali_4 [1/1] 0.00ns
codeRepl:18  %filterTable_filterEntries_vali_4 = load i1* @filterTable_filterEntries_vali_3, align 1

ST_1: filterTable_filterEntries_ipAd_4 [1/1] 0.00ns
codeRepl:19  %filterTable_filterEntries_ipAd_4 = load i32* @filterTable_filterEntries_ipAd_3, align 4

ST_1: filterTable_filterEntries_vali_5 [1/1] 0.00ns
codeRepl:20  %filterTable_filterEntries_vali_5 = load i1* @filterTable_filterEntries_vali_2, align 1

ST_1: filterTable_filterEntries_ipAd_5 [1/1] 0.00ns
codeRepl:21  %filterTable_filterEntries_ipAd_5 = load i32* @filterTable_filterEntries_ipAd_2, align 4

ST_1: filterTable_filterEntries_vali_6 [1/1] 0.00ns
codeRepl:22  %filterTable_filterEntries_vali_6 = load i1* @filterTable_filterEntries_vali_1, align 1

ST_1: filterTable_filterEntries_ipAd_6 [1/1] 0.00ns
codeRepl:23  %filterTable_filterEntries_ipAd_6 = load i32* @filterTable_filterEntries_ipAd_1, align 4

ST_1: filterTable_filterEntries_vali_7 [1/1] 0.00ns
codeRepl:24  %filterTable_filterEntries_vali_7 = load i1* @filterTable_filterEntries_vali, align 1

ST_1: filterTable_filterEntries_ipAd_7 [1/1] 0.00ns
codeRepl:25  %filterTable_filterEntries_ipAd_7 = load i32* @filterTable_filterEntries_ipAd, align 4

ST_1: t_V [1/1] 0.00ns
codeRepl:26  %t_V = load i8* @registeredFilters_V, align 1

ST_1: stg_24 [1/1] 1.88ns
codeRepl:27  switch i3 %dpiState_load, label %._crit_edge1249 [
    i3 0, label %0
    i3 1, label %1
    i3 2, label %10
    i3 3, label %13
    i3 -4, label %15
  ]

ST_1: sendCount_load [1/1] 0.00ns
:0  %sendCount_load = load i16* @sendCount, align 2

ST_1: stg_26 [1/1] 1.94ns
:1  switch i16 %sendCount_load, label %._crit_edge1263 [
    i16 0, label %16
    i16 1, label %17
    i16 2, label %18
    i16 3, label %19
    i16 4, label %20
  ]

ST_1: p_Result_2 [1/1] 0.00ns
:0  %p_Result_2 = call i16 @_ssdm_op_PartSelect.i16.i32.i32.i32(i32 %p_Val2_1, i32 16, i32 31)

ST_1: p_Result_22 [1/1] 0.00ns
:1  %p_Result_22 = call i64 @_ssdm_op_BitConcatenate.i64.i24.i8.i16.i16(i24 0, i8 %t_V, i16 256, i16 %p_Result_2)

ST_1: stg_29 [1/1] 1.57ns
:2  store i3 0, i3* @dpiState, align 1

ST_1: stg_30 [1/1] 1.94ns
:3  br label %._crit_edge1263

ST_1: headerCRC_V_load [1/1] 0.00ns
:0  %headerCRC_V_load = load i16* @headerCRC_V, align 2

ST_1: tmp_14 [1/1] 0.00ns
:1  %tmp_14 = trunc i32 %p_Val2_1 to i16

ST_1: p_Result_21 [1/1] 0.00ns
:2  %p_Result_21 = call i64 @_ssdm_op_BitConcatenate.i64.i16.i32.i16(i16 %tmp_14, i32 16843009, i16 %headerCRC_V_load)

ST_1: stg_34 [1/1] 1.94ns
:3  br label %._crit_edge1263

ST_1: totalLength_V_load [1/1] 0.00ns
:0  %totalLength_V_load = load i16* @totalLength_V, align 2

ST_1: ident_V_load [1/1] 0.00ns
:1  %ident_V_load = load i16* @ident_V, align 2

ST_1: flags_V_load [1/1] 0.00ns
:2  %flags_V_load = load i3* @flags_V, align 1

ST_1: fragOffset_V_load [1/1] 0.00ns
:3  %fragOffset_V_load = load i13* @fragOffset_V, align 2

ST_1: tmp_13 [1/1] 0.00ns
:4  %tmp_13 = trunc i13 %fragOffset_V_load to i3

ST_1: tmp_4 [1/1] 0.00ns
:5  %tmp_4 = call i38 @_ssdm_op_BitConcatenate.i38.i3.i3.i16.i16(i3 %tmp_13, i3 %flags_V_load, i16 %ident_V_load, i16 %totalLength_V_load)

ST_1: TTL_V_load [1/1] 0.00ns
:6  %TTL_V_load = load i8* @TTL_V, align 1

ST_1: protocol_V_load [1/1] 0.00ns
:7  %protocol_V_load = load i8* @protocol_V, align 1

ST_1: tmp_5 [1/1] 0.00ns
:8  %tmp_5 = zext i38 %tmp_4 to i48

ST_1: p_Result_20 [1/1] 0.00ns
:9  %p_Result_20 = call i64 @_ssdm_op_BitConcatenate.i64.i8.i8.i48(i8 %protocol_V_load, i8 %TTL_V_load, i48 %tmp_5)

ST_1: stg_45 [1/1] 1.94ns
:10  br label %._crit_edge1263

ST_1: ethType_V_load [1/1] 0.00ns
:0  %ethType_V_load = load i16* @ethType_V, align 2

ST_1: version_V_load [1/1] 0.00ns
:1  %version_V_load = load i4* @version_V, align 1

ST_1: IHL_V_load [1/1] 0.00ns
:2  %IHL_V_load = load i4* @IHL_V, align 1

ST_1: ECN_V_load [1/1] 0.00ns
:3  %ECN_V_load = load i2* @ECN_V, align 1

ST_1: loc_V_29_trunc [1/1] 0.00ns
:4  %loc_V_29_trunc = zext i2 %ECN_V_load to i6

ST_1: p_Result_19 [1/1] 0.00ns
:5  %p_Result_19 = call i64 @_ssdm_op_BitConcatenate.i64.i2.i6.i4.i4.i16.i32(i2 0, i6 %loc_V_29_trunc, i4 %IHL_V_load, i4 %version_V_load, i16 %ethType_V_load, i32 -1416595370)

ST_1: stg_52 [1/1] 1.94ns
:6  br label %._crit_edge1263

ST_1: p_Result_18 [1/1] 0.00ns
:0  %p_Result_18 = call i64 @_ssdm_op_BitConcatenate.i64.i16.i48(i16 13330, i48 %p_Val2_2)

ST_1: stg_54 [1/1] 1.94ns
:1  br label %._crit_edge1263

ST_1: tmp_s [1/1] 1.96ns
._crit_edge1263:5  %tmp_s = add i16 %sendCount_load, 1

ST_1: stg_56 [1/1] 1.57ns
._crit_edge1263:6  store i16 %tmp_s, i16* @sendCount, align 2

ST_1: tmp_10 [1/1] 2.52ns
:0  %tmp_10 = icmp eq i32 %tempEntry_ipAddress_V, %filterTable_filterEntries_ipAd

ST_1: or_cond4 [1/1] 1.37ns
:1  %or_cond4 = and i1 %filterTable_filterEntries_vali, %tmp_10

ST_1: stg_59 [1/1] 1.94ns
:2  br i1 %or_cond4, label %.critedge104, label %._crit_edge10.i1295.0

ST_1: tmp_18_1 [1/1] 2.52ns
._crit_edge10.i1295.0:0  %tmp_18_1 = icmp eq i32 %tempEntry_ipAddress_V, %filterTable_filterEntries_ipAd_1

ST_1: or_cond6 [1/1] 1.37ns
._crit_edge10.i1295.0:1  %or_cond6 = and i1 %filterTable_filterEntries_vali_1, %tmp_18_1

ST_1: stg_62 [1/1] 1.94ns
._crit_edge10.i1295.0:2  br i1 %or_cond6, label %.critedge104, label %._crit_edge10.i1295.1

ST_1: tmp_18_2 [1/1] 2.52ns
._crit_edge10.i1295.1:0  %tmp_18_2 = icmp eq i32 %tempEntry_ipAddress_V, %filterTable_filterEntries_ipAd_2

ST_1: or_cond8 [1/1] 1.37ns
._crit_edge10.i1295.1:1  %or_cond8 = and i1 %filterTable_filterEntries_vali_2, %tmp_18_2

ST_1: stg_65 [1/1] 1.94ns
._crit_edge10.i1295.1:2  br i1 %or_cond8, label %.critedge104, label %._crit_edge10.i1295.2

ST_1: tmp_18_3 [1/1] 2.52ns
._crit_edge10.i1295.2:0  %tmp_18_3 = icmp eq i32 %tempEntry_ipAddress_V, %filterTable_filterEntries_ipAd_3

ST_1: or_cond1 [1/1] 1.37ns
._crit_edge10.i1295.2:1  %or_cond1 = and i1 %filterTable_filterEntries_vali_3, %tmp_18_3

ST_1: stg_68 [1/1] 1.94ns
._crit_edge10.i1295.2:2  br i1 %or_cond1, label %.critedge104, label %._crit_edge10.i1295.3

ST_1: tmp_18_4 [1/1] 2.52ns
._crit_edge10.i1295.3:0  %tmp_18_4 = icmp eq i32 %tempEntry_ipAddress_V, %filterTable_filterEntries_ipAd_4

ST_1: or_cond11 [1/1] 1.37ns
._crit_edge10.i1295.3:1  %or_cond11 = and i1 %filterTable_filterEntries_vali_4, %tmp_18_4

ST_1: stg_71 [1/1] 1.94ns
._crit_edge10.i1295.3:2  br i1 %or_cond11, label %.critedge104, label %._crit_edge10.i1295.4

ST_1: tmp_18_5 [1/1] 2.52ns
._crit_edge10.i1295.4:0  %tmp_18_5 = icmp eq i32 %tempEntry_ipAddress_V, %filterTable_filterEntries_ipAd_5

ST_1: or_cond13 [1/1] 1.37ns
._crit_edge10.i1295.4:1  %or_cond13 = and i1 %filterTable_filterEntries_vali_5, %tmp_18_5

ST_1: stg_74 [1/1] 1.94ns
._crit_edge10.i1295.4:2  br i1 %or_cond13, label %.critedge104, label %._crit_edge10.i1295.5

ST_1: tmp_18_6 [1/1] 2.52ns
._crit_edge10.i1295.5:0  %tmp_18_6 = icmp eq i32 %tempEntry_ipAddress_V, %filterTable_filterEntries_ipAd_6

ST_1: or_cond15 [1/1] 1.37ns
._crit_edge10.i1295.5:1  %or_cond15 = and i1 %filterTable_filterEntries_vali_6, %tmp_18_6

ST_1: stg_77 [1/1] 0.00ns
._crit_edge10.i1295.5:2  br i1 %or_cond15, label %compare.exit1297.6, label %._crit_edge10.i1295.6

ST_1: tmp_18_7 [1/1] 2.52ns
._crit_edge10.i1295.6:0  %tmp_18_7 = icmp eq i32 %tempEntry_ipAddress_V, %filterTable_filterEntries_ipAd_7

ST_1: or_cond17 [1/1] 1.37ns
._crit_edge10.i1295.6:1  %or_cond17 = and i1 %filterTable_filterEntries_vali_7, %tmp_18_7

ST_1: stg_80 [1/1] 0.00ns
._crit_edge10.i1295.6:2  br i1 %or_cond17, label %compare.exit1297.6, label %._crit_edge1262

ST_1: tmp_30_6 [1/1] 2.52ns
compare.exit1297.6:0  %tmp_30_6 = icmp eq i32 %tempEntry_ipAddress_V, %filterTable_filterEntries_ipAd_6

ST_1: or_cond18 [1/1] 1.37ns
compare.exit1297.6:1  %or_cond18 = and i1 %filterTable_filterEntries_vali_6, %tmp_30_6

ST_1: stg_83 [1/1] 1.94ns
compare.exit1297.6:2  br i1 %or_cond18, label %.critedge104, label %compare.exit1297.7

ST_1: tmp_30_7 [1/1] 2.52ns
compare.exit1297.7:0  %tmp_30_7 = icmp eq i32 %tempEntry_ipAddress_V, %filterTable_filterEntries_ipAd_7

ST_1: or_cond19 [1/1] 1.37ns
compare.exit1297.7:1  %or_cond19 = and i1 %filterTable_filterEntries_vali_7, %tmp_30_7

ST_1: stg_86 [1/1] 1.94ns
compare.exit1297.7:2  br i1 %or_cond19, label %.critedge104, label %clear.exit

ST_1: filterTable_filterEntries_vali_8 [1/1] 0.00ns
.critedge104:0  %filterTable_filterEntries_vali_8 = phi i3 [ -2, %compare.exit1297.6 ], [ -1, %compare.exit1297.7 ], [ 0, %13 ], [ 1, %._crit_edge10.i1295.0 ], [ 2, %._crit_edge10.i1295.1 ], [ 3, %._crit_edge10.i1295.2 ], [ -4, %._crit_edge10.i1295.3 ], [ -3, %._crit_edge10.i1295.4 ]

ST_1: stg_88 [1/1] 1.91ns
.critedge104:1  switch i3 %filterTable_filterEntries_vali_8, label %branch31 [
    i3 0, label %branch24
    i3 1, label %branch25
    i3 2, label %branch26
    i3 3, label %branch27
    i3 -4, label %branch28
    i3 -3, label %branch29
    i3 -2, label %branch30
  ]

ST_1: stg_89 [1/1] 1.57ns
branch30:0  store i1 false, i1* @filterTable_filterEntries_vali_1, align 2

ST_1: stg_90 [1/1] 0.00ns
branch30:1  br label %14

ST_1: stg_91 [1/1] 1.57ns
branch29:0  store i1 false, i1* @filterTable_filterEntries_vali_2, align 2

ST_1: stg_92 [1/1] 0.00ns
branch29:1  br label %14

ST_1: stg_93 [1/1] 1.57ns
branch28:0  store i1 false, i1* @filterTable_filterEntries_vali_3, align 2

ST_1: stg_94 [1/1] 0.00ns
branch28:1  br label %14

ST_1: stg_95 [1/1] 1.57ns
branch27:0  store i1 false, i1* @filterTable_filterEntries_vali_4, align 2

ST_1: stg_96 [1/1] 0.00ns
branch27:1  br label %14

ST_1: stg_97 [1/1] 1.57ns
branch26:0  store i1 false, i1* @filterTable_filterEntries_vali_5, align 2

ST_1: stg_98 [1/1] 0.00ns
branch26:1  br label %14

ST_1: stg_99 [1/1] 1.57ns
branch25:0  store i1 false, i1* @filterTable_filterEntries_vali_6, align 2

ST_1: stg_100 [1/1] 0.00ns
branch25:1  br label %14

ST_1: stg_101 [1/1] 1.57ns
branch24:0  store i1 false, i1* @filterTable_filterEntries_vali_7, align 2

ST_1: stg_102 [1/1] 0.00ns
branch24:1  br label %14

ST_1: stg_103 [1/1] 1.57ns
branch31:0  store i1 false, i1* @filterTable_filterEntries_vali, align 2

ST_1: stg_104 [1/1] 0.00ns
branch31:1  br label %14

ST_1: tmp_12 [1/1] 1.72ns
clear.exit:0  %tmp_12 = add i8 %t_V, -1

ST_1: stg_106 [1/1] 1.57ns
clear.exit:1  store i8 %tmp_12, i8* @registeredFilters_V, align 1

ST_1: stg_107 [1/1] 1.57ns
._crit_edge1262:0  store i3 0, i3* @dpiState, align 1

ST_1: tmp_9 [1/1] 2.52ns
:0  %tmp_9 = icmp eq i32 %tempEntry_ipAddress_V, %filterTable_filterEntries_ipAd

ST_1: or_cond3 [1/1] 1.37ns
:1  %or_cond3 = and i1 %filterTable_filterEntries_vali, %tmp_9

ST_1: stg_110 [1/1] 0.00ns
:2  br i1 %or_cond3, label %._crit_edge1261.loopexit, label %._crit_edge10.i.0

ST_1: tmp_16_1 [1/1] 2.52ns
._crit_edge10.i.0:0  %tmp_16_1 = icmp eq i32 %tempEntry_ipAddress_V, %filterTable_filterEntries_ipAd_1

ST_1: or_cond5 [1/1] 1.37ns
._crit_edge10.i.0:1  %or_cond5 = and i1 %filterTable_filterEntries_vali_1, %tmp_16_1

ST_1: stg_113 [1/1] 0.00ns
._crit_edge10.i.0:2  br i1 %or_cond5, label %._crit_edge1261.loopexit, label %._crit_edge10.i.1

ST_1: tmp_16_2 [1/1] 2.52ns
._crit_edge10.i.1:0  %tmp_16_2 = icmp eq i32 %tempEntry_ipAddress_V, %filterTable_filterEntries_ipAd_2

ST_1: or_cond7 [1/1] 1.37ns
._crit_edge10.i.1:1  %or_cond7 = and i1 %filterTable_filterEntries_vali_2, %tmp_16_2

ST_1: stg_116 [1/1] 0.00ns
._crit_edge10.i.1:2  br i1 %or_cond7, label %._crit_edge1261.loopexit, label %._crit_edge10.i.2

ST_1: tmp_16_3 [1/1] 2.52ns
._crit_edge10.i.2:0  %tmp_16_3 = icmp eq i32 %tempEntry_ipAddress_V, %filterTable_filterEntries_ipAd_3

ST_1: or_cond9 [1/1] 1.37ns
._crit_edge10.i.2:1  %or_cond9 = and i1 %filterTable_filterEntries_vali_3, %tmp_16_3

ST_1: stg_119 [1/1] 0.00ns
._crit_edge10.i.2:2  br i1 %or_cond9, label %._crit_edge1261.loopexit, label %._crit_edge10.i.3

ST_1: tmp_16_4 [1/1] 2.52ns
._crit_edge10.i.3:0  %tmp_16_4 = icmp eq i32 %tempEntry_ipAddress_V, %filterTable_filterEntries_ipAd_4

ST_1: or_cond10 [1/1] 1.37ns
._crit_edge10.i.3:1  %or_cond10 = and i1 %filterTable_filterEntries_vali_4, %tmp_16_4

ST_1: stg_122 [1/1] 0.00ns
._crit_edge10.i.3:2  br i1 %or_cond10, label %._crit_edge1261.loopexit, label %._crit_edge10.i.4

ST_1: tmp_16_5 [1/1] 2.52ns
._crit_edge10.i.4:0  %tmp_16_5 = icmp eq i32 %tempEntry_ipAddress_V, %filterTable_filterEntries_ipAd_5

ST_1: or_cond12 [1/1] 1.37ns
._crit_edge10.i.4:1  %or_cond12 = and i1 %filterTable_filterEntries_vali_5, %tmp_16_5

ST_1: stg_125 [1/1] 0.00ns
._crit_edge10.i.4:2  br i1 %or_cond12, label %._crit_edge1261.loopexit, label %._crit_edge10.i.5

ST_1: tmp_16_6 [1/1] 2.52ns
._crit_edge10.i.5:0  %tmp_16_6 = icmp eq i32 %tempEntry_ipAddress_V, %filterTable_filterEntries_ipAd_6

ST_1: or_cond14 [1/1] 1.37ns
._crit_edge10.i.5:1  %or_cond14 = and i1 %filterTable_filterEntries_vali_6, %tmp_16_6

ST_1: stg_128 [1/1] 0.00ns
._crit_edge10.i.5:2  br i1 %or_cond14, label %._crit_edge1261.loopexit, label %._crit_edge10.i.6

ST_1: tmp_16_7 [1/1] 2.52ns
._crit_edge10.i.6:0  %tmp_16_7 = icmp eq i32 %tempEntry_ipAddress_V, %filterTable_filterEntries_ipAd_7

ST_1: or_cond16 [1/1] 1.37ns
._crit_edge10.i.6:1  %or_cond16 = and i1 %filterTable_filterEntries_vali_7, %tmp_16_7

ST_1: stg_131 [1/1] 0.00ns
._crit_edge10.i.6:2  br i1 %or_cond16, label %._crit_edge1261.loopexit, label %.critedge

ST_1: brmerge_demorgan [1/1] 1.37ns
.critedge:0  %brmerge_demorgan = and i1 %filterTable_filterEntries_vali, %filterTable_filterEntries_vali_1

ST_1: p_mux_cast [1/1] 0.00ns
.critedge:1  %p_mux_cast = zext i1 %filterTable_filterEntries_vali to i2

ST_1: brmerge82_demorgan [1/1] 1.37ns
.critedge:2  %brmerge82_demorgan = and i1 %filterTable_filterEntries_vali_2, %brmerge_demorgan

ST_1: brmerge83_demorgan [1/1] 1.37ns
.critedge:3  %brmerge83_demorgan = and i1 %filterTable_filterEntries_vali_3, %brmerge82_demorgan

ST_1: p_mux_mux [1/1] 1.37ns
.critedge:4  %p_mux_mux = select i1 %brmerge82_demorgan, i2 -1, i2 -2

ST_1: p_mux_mux_mux [1/1] 1.37ns
.critedge:5  %p_mux_mux_mux = select i1 %brmerge_demorgan, i2 %p_mux_mux, i2 %p_mux_cast

ST_1: p_mux_mux_mux_cast [1/1] 0.00ns
.critedge:6  %p_mux_mux_mux_cast = zext i2 %p_mux_mux_mux to i3

ST_1: brmerge84_demorgan [1/1] 1.37ns
.critedge:7  %brmerge84_demorgan = and i1 %filterTable_filterEntries_vali_4, %brmerge83_demorgan

ST_1: brmerge85_demorgan [1/1] 1.37ns
.critedge:8  %brmerge85_demorgan = and i1 %filterTable_filterEntries_vali_5, %brmerge84_demorgan

ST_1: p_mux_mux_mux_mux [1/1] 1.37ns
.critedge:9  %p_mux_mux_mux_mux = select i1 %brmerge84_demorgan, i3 -3, i3 -4

ST_1: p_mux_mux_mux_mux_mux [1/1] 1.37ns
.critedge:10  %p_mux_mux_mux_mux_mux = select i1 %brmerge83_demorgan, i3 %p_mux_mux_mux_mux, i3 %p_mux_mux_mux_cast

ST_1: brmerge86_demorgan [1/1] 1.37ns
.critedge:11  %brmerge86_demorgan = and i1 %filterTable_filterEntries_vali_6, %brmerge85_demorgan

ST_1: brmerge87_demorgan [1/1] 1.37ns
.critedge:12  %brmerge87_demorgan = and i1 %filterTable_filterEntries_vali_7, %brmerge86_demorgan

ST_1: p_mux_mux_mux_mux_mux_mux_cast_s [1/1] 1.37ns
.critedge:13  %p_mux_mux_mux_mux_mux_mux_cast_s = select i1 %brmerge86_demorgan, i3 -1, i3 -2

ST_1: p_mux_mux_mux_mux_mux_mux_mux [1/1] 1.37ns
.critedge:14  %p_mux_mux_mux_mux_mux_mux_mux = select i1 %brmerge85_demorgan, i3 %p_mux_mux_mux_mux_mux_mux_cast_s, i3 %p_mux_mux_mux_mux_mux

ST_1: stg_147 [1/1] 0.00ns
.critedge:15  br i1 %brmerge87_demorgan, label %write.exit, label %11

ST_1: stg_148 [1/1] 0.00ns
branch6:0  store i32 %tempEntry_ipAddress_V, i32* @filterTable_filterEntries_ipAd_1, align 8

ST_1: stg_149 [1/1] 0.00ns
branch6:1  br label %branch16

ST_1: stg_150 [1/1] 0.00ns
branch5:0  store i32 %tempEntry_ipAddress_V, i32* @filterTable_filterEntries_ipAd_2, align 8

ST_1: stg_151 [1/1] 0.00ns
branch5:1  br label %branch16

ST_1: stg_152 [1/1] 0.00ns
branch4:0  store i32 %tempEntry_ipAddress_V, i32* @filterTable_filterEntries_ipAd_3, align 8

ST_1: stg_153 [1/1] 0.00ns
branch4:1  br label %branch16

ST_1: stg_154 [1/1] 0.00ns
branch3:0  store i32 %tempEntry_ipAddress_V, i32* @filterTable_filterEntries_ipAd_4, align 8

ST_1: stg_155 [1/1] 0.00ns
branch3:1  br label %branch16

ST_1: stg_156 [1/1] 0.00ns
branch2:0  store i32 %tempEntry_ipAddress_V, i32* @filterTable_filterEntries_ipAd_5, align 8

ST_1: stg_157 [1/1] 0.00ns
branch2:1  br label %branch16

ST_1: stg_158 [1/1] 0.00ns
branch1:0  store i32 %tempEntry_ipAddress_V, i32* @filterTable_filterEntries_ipAd_6, align 8

ST_1: stg_159 [1/1] 0.00ns
branch1:1  br label %branch16

ST_1: stg_160 [1/1] 0.00ns
branch0:0  store i32 %tempEntry_ipAddress_V, i32* @filterTable_filterEntries_ipAd_7, align 8

ST_1: stg_161 [1/1] 0.00ns
branch0:1  br label %branch16

ST_1: stg_162 [1/1] 0.00ns
branch7:0  store i32 %tempEntry_ipAddress_V, i32* @filterTable_filterEntries_ipAd, align 8

ST_1: stg_163 [1/1] 0.00ns
branch7:1  br label %branch16

ST_1: stg_164 [1/1] 1.57ns
branch38:0  store i1 true, i1* @filterTable_filterEntries_vali_1, align 2

ST_1: stg_165 [1/1] 0.00ns
branch38:1  br label %12

ST_1: stg_166 [1/1] 1.57ns
branch37:0  store i1 true, i1* @filterTable_filterEntries_vali_2, align 2

ST_1: stg_167 [1/1] 0.00ns
branch37:1  br label %12

ST_1: stg_168 [1/1] 1.57ns
branch36:0  store i1 true, i1* @filterTable_filterEntries_vali_3, align 2

ST_1: stg_169 [1/1] 0.00ns
branch36:1  br label %12

ST_1: stg_170 [1/1] 1.57ns
branch35:0  store i1 true, i1* @filterTable_filterEntries_vali_4, align 2

ST_1: stg_171 [1/1] 0.00ns
branch35:1  br label %12

ST_1: stg_172 [1/1] 1.57ns
branch34:0  store i1 true, i1* @filterTable_filterEntries_vali_5, align 2

ST_1: stg_173 [1/1] 0.00ns
branch34:1  br label %12

ST_1: stg_174 [1/1] 1.57ns
branch33:0  store i1 true, i1* @filterTable_filterEntries_vali_6, align 2

ST_1: stg_175 [1/1] 0.00ns
branch33:1  br label %12

ST_1: stg_176 [1/1] 1.57ns
branch32:0  store i1 true, i1* @filterTable_filterEntries_vali_7, align 2

ST_1: stg_177 [1/1] 0.00ns
branch32:1  br label %12

ST_1: stg_178 [1/1] 1.57ns
branch39:0  store i1 true, i1* @filterTable_filterEntries_vali, align 2

ST_1: stg_179 [1/1] 0.00ns
branch39:1  br label %12

ST_1: tmp_11 [1/1] 1.72ns
write.exit:0  %tmp_11 = add i8 %t_V, 1

ST_1: stg_181 [1/1] 1.57ns
write.exit:1  store i8 %tmp_11, i8* @registeredFilters_V, align 1

ST_1: stg_182 [1/1] 1.57ns
._crit_edge1261:0  store i3 0, i3* @dpiState, align 1

ST_1: tmp_3 [1/1] 0.00ns
:0  %tmp_3 = call i1 @_ssdm_op_NbReadReq.ap_fifo.i64P.i8P.i128P.i1P(i64* @parser2dpi_V_data_V, i8* @parser2dpi_V_strb_V, i128* @parser2dpi_V_user_V, i1* @parser2dpi_V_last_V, i32 1)

ST_1: stg_184 [1/1] 0.00ns
:1  br i1 %tmp_3, label %2, label %._crit_edge1250

ST_1: empty [1/1] 4.38ns
:0  %empty = call { i64, i8, i128, i1 } @_ssdm_op_Read.ap_fifo.volatile.i64P.i8P.i128P.i1P(i64* @parser2dpi_V_data_V, i8* @parser2dpi_V_strb_V, i128* @parser2dpi_V_user_V, i1* @parser2dpi_V_last_V)

ST_1: tmp_data_V_5 [1/1] 0.00ns
:1  %tmp_data_V_5 = extractvalue { i64, i8, i128, i1 } %empty, 0

ST_1: tmp_last_V [1/1] 0.00ns
:2  %tmp_last_V = extractvalue { i64, i8, i128, i1 } %empty, 3

ST_1: wordCount_load [1/1] 0.00ns
:3  %wordCount_load = load i16* @wordCount, align 2

ST_1: p_Val2_3 [1/1] 0.00ns
:4  %p_Val2_3 = load i32* @dstIP_V, align 4

ST_1: dpiCode_V_load [1/1] 0.00ns
:5  %dpiCode_V_load = load i16* @dpiCode_V, align 2

ST_1: stg_191 [1/1] 1.88ns
:6  switch i16 %wordCount_load, label %._crit_edge1251 [
    i16 0, label %3
    i16 1, label %4
    i16 2, label %5
    i16 3, label %6
    i16 4, label %7
  ]

ST_1: tmp_18 [1/1] 0.00ns
:0  %tmp_18 = trunc i64 %tmp_data_V_5 to i16

ST_1: p_Result_15 [1/1] 0.00ns
:1  %p_Result_15 = call i32 @llvm.part.set.i32.i16(i32 %p_Val2_3, i16 %tmp_18, i32 16, i32 31)

ST_1: stg_194 [1/1] 1.57ns
:2  store i32 %p_Result_15, i32* @dstIP_V, align 4

ST_1: p_Result_16 [1/1] 0.00ns
:3  %p_Result_16 = call i16 @_ssdm_op_PartSelect.i16.i64.i32.i32(i64 %tmp_data_V_5, i32 16, i32 31)

ST_1: stg_196 [1/1] 0.00ns
:4  store i16 %p_Result_16, i16* @dpiCode_V, align 2

ST_1: p_Result_17 [1/1] 0.00ns
:5  %p_Result_17 = call i32 @_ssdm_op_PartSelect.i32.i64.i32.i32(i64 %tmp_data_V_5, i32 32, i32 63)

ST_1: stg_198 [1/1] 0.00ns
:6  store i32 %p_Result_17, i32* @newFilterIP_V, align 4

ST_1: stg_199 [1/1] 1.57ns
:7  br label %._crit_edge1251

ST_1: tmp_17 [1/1] 0.00ns
:0  %tmp_17 = trunc i64 %tmp_data_V_5 to i16

ST_1: stg_201 [1/1] 0.00ns
:1  store i16 %tmp_17, i16* @headerCRC_V, align 2

ST_1: p_Result_12 [1/1] 0.00ns
:2  %p_Result_12 = call i32 @_ssdm_op_PartSelect.i32.i64.i32.i32(i64 %tmp_data_V_5, i32 16, i32 47)

ST_1: stg_203 [1/1] 0.00ns
:3  store i32 %p_Result_12, i32* @srcIP_V, align 4

ST_1: p_Result_13 [1/1] 0.00ns
:4  %p_Result_13 = call i16 @_ssdm_op_PartSelect.i16.i64.i32.i32(i64 %tmp_data_V_5, i32 48, i32 63)

ST_1: p_Result_14 [1/1] 0.00ns
:5  %p_Result_14 = call i32 @llvm.part.set.i32.i16(i32 %p_Val2_3, i16 %p_Result_13, i32 0, i32 15)

ST_1: stg_206 [1/1] 1.57ns
:6  store i32 %p_Result_14, i32* @dstIP_V, align 4

ST_1: stg_207 [1/1] 1.57ns
:7  br label %._crit_edge1251

ST_1: tmp_16 [1/1] 0.00ns
:0  %tmp_16 = trunc i64 %tmp_data_V_5 to i16

ST_1: stg_209 [1/1] 0.00ns
:1  store i16 %tmp_16, i16* @totalLength_V, align 2

ST_1: p_Result_1 [1/1] 0.00ns
:2  %p_Result_1 = call i16 @_ssdm_op_PartSelect.i16.i64.i32.i32(i64 %tmp_data_V_5, i32 16, i32 31)

ST_1: stg_211 [1/1] 0.00ns
:3  store i16 %p_Result_1, i16* @ident_V, align 2

ST_1: p_Result_3 [1/1] 0.00ns
:4  %p_Result_3 = call i3 @_ssdm_op_PartSelect.i3.i64.i32.i32(i64 %tmp_data_V_5, i32 32, i32 34)

ST_1: stg_213 [1/1] 0.00ns
:5  store i3 %p_Result_3, i3* @flags_V, align 1

ST_1: p_Result_5 [1/1] 0.00ns
:6  %p_Result_5 = call i13 @_ssdm_op_PartSelect.i13.i64.i32.i32(i64 %tmp_data_V_5, i32 35, i32 47)

ST_1: stg_215 [1/1] 0.00ns
:7  store i13 %p_Result_5, i13* @fragOffset_V, align 2

ST_1: p_Result_10 [1/1] 0.00ns
:8  %p_Result_10 = call i8 @_ssdm_op_PartSelect.i8.i64.i32.i32(i64 %tmp_data_V_5, i32 48, i32 55)

ST_1: stg_217 [1/1] 0.00ns
:9  store i8 %p_Result_10, i8* @TTL_V, align 1

ST_1: p_Result_11 [1/1] 0.00ns
:10  %p_Result_11 = call i8 @_ssdm_op_PartSelect.i8.i64.i32.i32(i64 %tmp_data_V_5, i32 56, i32 63)

ST_1: stg_219 [1/1] 0.00ns
:11  store i8 %p_Result_11, i8* @protocol_V, align 1

ST_1: stg_220 [1/1] 1.57ns
:12  br label %._crit_edge1251

ST_1: tmp_15 [1/1] 0.00ns
:0  %tmp_15 = trunc i64 %tmp_data_V_5 to i32

ST_1: p_Result_6 [1/1] 0.00ns
:1  %p_Result_6 = call i48 @llvm.part.set.i48.i32(i48 %p_Val2_2, i32 %tmp_15, i32 16, i32 47)

ST_1: stg_223 [1/1] 1.57ns
:2  store i48 %p_Result_6, i48* @MAC_SRC_V, align 8

ST_1: p_Result_7 [1/1] 0.00ns
:3  %p_Result_7 = call i16 @_ssdm_op_PartSelect.i16.i64.i32.i32(i64 %tmp_data_V_5, i32 32, i32 47)

ST_1: stg_225 [1/1] 0.00ns
:4  store i16 %p_Result_7, i16* @ethType_V, align 2

ST_1: p_Result_8 [1/1] 0.00ns
:5  %p_Result_8 = call i4 @_ssdm_op_PartSelect.i4.i64.i32.i32(i64 %tmp_data_V_5, i32 48, i32 51)

ST_1: stg_227 [1/1] 0.00ns
:6  store i4 %p_Result_8, i4* @version_V, align 1

ST_1: p_Result_9 [1/1] 0.00ns
:7  %p_Result_9 = call i4 @_ssdm_op_PartSelect.i4.i64.i32.i32(i64 %tmp_data_V_5, i32 52, i32 55)

ST_1: stg_229 [1/1] 0.00ns
:8  store i4 %p_Result_9, i4* @IHL_V, align 1

ST_1: p_Result_s_24 [1/1] 0.00ns
:9  %p_Result_s_24 = call i2 @_ssdm_op_PartSelect.i2.i64.i32.i32(i64 %tmp_data_V_5, i32 62, i32 63)

ST_1: stg_231 [1/1] 0.00ns
:10  store i2 %p_Result_s_24, i2* @ECN_V, align 1

ST_1: stg_232 [1/1] 1.57ns
:11  br label %._crit_edge1251

ST_1: stg_233 [1/1] 1.57ns
:0  store i16 0, i16* @sendCount, align 2

ST_1: p_Result_4 [1/1] 0.00ns
:1  %p_Result_4 = call i16 @_ssdm_op_PartSelect.i16.i64.i32.i32(i64 %tmp_data_V_5, i32 48, i32 63)

ST_1: p_Result_s [1/1] 0.00ns
:2  %p_Result_s = call i48 @llvm.part.set.i48.i16(i48 %p_Val2_2, i16 %p_Result_4, i32 0, i32 15)

ST_1: stg_236 [1/1] 1.57ns
:3  store i48 %p_Result_s, i48* @MAC_SRC_V, align 8

ST_1: stg_237 [1/1] 1.57ns
:4  br label %._crit_edge1251

ST_1: dstIP_V_loc [1/1] 0.00ns
._crit_edge1251:0  %dstIP_V_loc = phi i32 [ %p_Result_15, %7 ], [ %p_Result_14, %6 ], [ %p_Val2_3, %5 ], [ %p_Val2_3, %4 ], [ %p_Val2_3, %3 ], [ %p_Val2_3, %2 ]

ST_1: dpiCode_V_loc [1/1] 0.00ns
._crit_edge1251:1  %dpiCode_V_loc = phi i16 [ %p_Result_16, %7 ], [ %dpiCode_V_load, %6 ], [ %dpiCode_V_load, %5 ], [ %dpiCode_V_load, %4 ], [ %dpiCode_V_load, %3 ], [ %dpiCode_V_load, %2 ]

ST_1: stg_240 [1/1] 0.00ns
._crit_edge1251:2  br i1 %tmp_last_V, label %_ifconv, label %8

ST_1: tmp_6 [1/1] 1.96ns
:0  %tmp_6 = add i16 %wordCount_load, 1

ST_1: stg_242 [1/1] 1.57ns
:1  br label %9

ST_1: tmp_1 [1/1] 2.28ns
_ifconv:0  %tmp_1 = icmp eq i16 %dpiCode_V_loc, 4095

ST_1: tmp_2 [1/1] 2.52ns
_ifconv:1  %tmp_2 = icmp eq i32 %dstIP_V_loc, 16843009

ST_1: or_cond_25 [1/1] 1.37ns
_ifconv:2  %or_cond_25 = and i1 %tmp_1, %tmp_2

ST_1: tmp_7 [1/1] 2.28ns
_ifconv:3  %tmp_7 = icmp eq i16 %dpiCode_V_loc, 1

ST_1: tmp_8 [1/1] 2.28ns
_ifconv:4  %tmp_8 = icmp eq i16 %dpiCode_V_loc, 2

ST_1: or_cond2 [1/1] 1.37ns
_ifconv:5  %or_cond2 = and i1 %tmp_8, %tmp_2

ST_1: tmp4 [1/1] 1.37ns
_ifconv:6  %tmp4 = xor i1 %or_cond_25, %tmp_2

ST_1: sel_tmp2 [1/1] 1.37ns
_ifconv:7  %sel_tmp2 = and i1 %tmp4, %tmp_7

ST_1: newSel [1/1] 1.37ns
_ifconv:8  %newSel = select i1 %sel_tmp2, i3 2, i3 -4

ST_1: or_cond [1/1] 1.37ns
_ifconv:9  %or_cond = or i1 %sel_tmp2, %or_cond_25

ST_1: newSel5_cast_cast [1/1] 1.37ns
_ifconv:10  %newSel5_cast_cast = select i1 %or_cond2, i3 3, i3 0

ST_1: newSel7 [1/1] 1.37ns
_ifconv:11  %newSel7 = select i1 %or_cond, i3 %newSel, i3 %newSel5_cast_cast

ST_1: stg_255 [1/1] 1.57ns
_ifconv:12  store i3 %newSel7, i3* @dpiState, align 1

ST_1: stg_256 [1/1] 1.57ns
_ifconv:13  br label %9

ST_1: storemerge [1/1] 0.00ns
:0  %storemerge = phi i16 [ %tmp_6, %8 ], [ 0, %_ifconv ]

ST_1: stg_258 [1/1] 0.00ns
:1  store i16 %storemerge, i16* @wordCount, align 2

ST_1: stg_259 [1/1] 1.57ns
:0  store i16 0, i16* @sendCount, align 2

ST_1: tmp [1/1] 0.00ns
:1  %tmp = call i1 @_ssdm_op_NbReadReq.ap_fifo.i64P.i8P.i128P.i1P(i64* @parser2dpi_V_data_V, i8* @parser2dpi_V_strb_V, i128* @parser2dpi_V_user_V, i1* @parser2dpi_V_last_V, i32 1)

ST_1: storemerge1 [1/1] 0.00ns
:2  %storemerge1 = zext i1 %tmp to i3

ST_1: stg_262 [1/1] 1.57ns
:3  store i3 %storemerge1, i3* @dpiState, align 1


 <State 2>: 1.91ns
ST_2: stg_263 [1/1] 0.00ns
codeRepl:0  call void (...)* @_ssdm_op_SpecInterface(i128* @parser2dpi_V_user_V, [8 x i8]* @ap_fifo_str, i32 0, i32 0, i32 0, i32 0, [1 x i8]* @p_str, [1 x i8]* @p_str, [1 x i8]* @p_str, [1 x i8]* @p_str)

ST_2: stg_264 [1/1] 0.00ns
codeRepl:1  call void (...)* @_ssdm_op_SpecInterface(i8* @parser2dpi_V_strb_V, [8 x i8]* @ap_fifo_str, i32 0, i32 0, i32 0, i32 0, [1 x i8]* @p_str, [1 x i8]* @p_str, [1 x i8]* @p_str, [1 x i8]* @p_str)

ST_2: stg_265 [1/1] 0.00ns
codeRepl:2  call void (...)* @_ssdm_op_SpecInterface(i1* @parser2dpi_V_last_V, [8 x i8]* @ap_fifo_str, i32 0, i32 0, i32 0, i32 0, [1 x i8]* @p_str, [1 x i8]* @p_str, [1 x i8]* @p_str, [1 x i8]* @p_str)

ST_2: stg_266 [1/1] 0.00ns
codeRepl:3  call void (...)* @_ssdm_op_SpecInterface(i64* @parser2dpi_V_data_V, [8 x i8]* @ap_fifo_str, i32 0, i32 0, i32 0, i32 0, [1 x i8]* @p_str, [1 x i8]* @p_str, [1 x i8]* @p_str, [1 x i8]* @p_str)

ST_2: stg_267 [1/1] 0.00ns
codeRepl:4  call void (...)* @_ssdm_op_SpecInterface(i64* %outData2merge_V_data_V, i8* %outData2merge_V_strb_V, i128* %outData2merge_V_user_V, i1* %outData2merge_V_last_V, [5 x i8]* @p_str313, i32 0, i32 0, i32 0, i32 0, [1 x i8]* @p_str12, [1 x i8]* @p_str12, [1 x i8]* @p_str12, [1 x i8]* @p_str12) nounwind

ST_2: stg_268 [1/1] 0.00ns
codeRepl:5  call void (...)* @_ssdm_op_SpecPipeline(i32 1, i32 2, i32 1, i32 0, [1 x i8]* @p_str) nounwind

ST_2: tmp_last_V_4 [1/1] 0.00ns
._crit_edge1263:0  %tmp_last_V_4 = phi i1 [ true, %20 ], [ false, %19 ], [ false, %18 ], [ false, %17 ], [ false, %16 ], [ false, %15 ]

ST_2: tmp_strb_V [1/1] 0.00ns
._crit_edge1263:1  %tmp_strb_V = phi i4 [ 6, %20 ], [ -1, %19 ], [ -1, %18 ], [ -1, %17 ], [ -1, %16 ], [ -1, %15 ]

ST_2: tmp_data_V [1/1] 0.00ns
._crit_edge1263:2  %tmp_data_V = phi i64 [ %p_Result_22, %20 ], [ %p_Result_21, %19 ], [ %p_Result_20, %18 ], [ %p_Result_19, %17 ], [ %p_Result_18, %16 ], [ 0, %15 ]

ST_2: tmp_strb_V_4 [1/1] 0.00ns
._crit_edge1263:3  %tmp_strb_V_4 = sext i4 %tmp_strb_V to i8

ST_2: stg_273 [1/1] 0.00ns
._crit_edge1263:4  call void @_ssdm_op_Write.axis.volatile.i64P.i8P.i128P.i1P(i64* %outData2merge_V_data_V, i8* %outData2merge_V_strb_V, i128* %outData2merge_V_user_V, i1* %outData2merge_V_last_V, i64 %tmp_data_V, i8 %tmp_strb_V_4, i128 0, i1 %tmp_last_V_4)

ST_2: stg_274 [1/1] 0.00ns
._crit_edge1263:7  br label %._crit_edge1249

ST_2: stg_275 [1/1] 0.00ns
:0  br label %clear.exit

ST_2: stg_276 [1/1] 0.00ns
clear.exit:2  br label %._crit_edge1262

ST_2: stg_277 [1/1] 0.00ns
._crit_edge1262:1  br label %._crit_edge1249

ST_2: stg_278 [1/1] 1.91ns
:0  switch i3 %p_mux_mux_mux_mux_mux_mux_mux, label %branch7 [
    i3 0, label %branch0
    i3 1, label %branch1
    i3 2, label %branch2
    i3 3, label %branch3
    i3 -4, label %branch4
    i3 -3, label %branch5
    i3 -2, label %branch6
  ]

ST_2: stg_279 [1/1] 1.91ns
branch16:0  switch i3 %p_mux_mux_mux_mux_mux_mux_mux, label %branch39 [
    i3 0, label %branch32
    i3 1, label %branch33
    i3 2, label %branch34
    i3 3, label %branch35
    i3 -4, label %branch36
    i3 -3, label %branch37
    i3 -2, label %branch38
  ]

ST_2: stg_280 [1/1] 0.00ns
:0  br label %write.exit

ST_2: stg_281 [1/1] 0.00ns
write.exit:2  br label %._crit_edge1261

ST_2: stg_282 [1/1] 0.00ns
._crit_edge1261.loopexit:0  br label %._crit_edge1261

ST_2: stg_283 [1/1] 0.00ns
._crit_edge1261:1  br label %._crit_edge1249

ST_2: stg_284 [1/1] 0.00ns
:2  br label %._crit_edge1250

ST_2: stg_285 [1/1] 0.00ns
._crit_edge1250:0  br label %._crit_edge1249

ST_2: stg_286 [1/1] 0.00ns
:4  br label %._crit_edge1249

ST_2: stg_287 [1/1] 0.00ns
._crit_edge1249:0  ret void



============================================================
+ Verbose Summary: Binding
============================================================
N/A
* FSMD analyzer results:
  - Output states:
  - Chain level:
	State 1
	State 2


============================================================
+ Verbose Summary: Datapath Resource usage 
============================================================
N/A
