09:24:42 **** Build of configuration Debug for project fakher ****
make all 
Building file: ../src/testperiph.c
Invoking: ARM gcc compiler
arm-xilinx-eabi-gcc -Wall -O0 -g3 -c -fmessage-length=0 -MT"src/testperiph.o" -I../../standalone_bsp_0/ps7_cortexa9_0/include -MMD -MP -MF"src/testperiph.d" -MT"src/testperiph.d" -o "src/testperiph.o" "../src/testperiph.c"
Finished building: ../src/testperiph.c
 
Building file: ../src/xemacps_example_intr_dma.c
Invoking: ARM gcc compiler
arm-xilinx-eabi-gcc -Wall -O0 -g3 -c -fmessage-length=0 -MT"src/xemacps_example_intr_dma.o" -I../../standalone_bsp_0/ps7_cortexa9_0/include -MMD -MP -MF"src/xemacps_example_intr_dma.d" -MT"src/xemacps_example_intr_dma.d" -o "src/xemacps_example_intr_dma.o" "../src/xemacps_example_intr_dma.c"
../src/xemacps_example_intr_dma.c: In function 'EmacPsDmaSingleFrameIntrExample':
../src/xemacps_example_intr_dma.c:623:2: warning: implicit declaration of function 'ppu_test' [-Wimplicit-function-declaration]
  Status = ppu_test(EmacPsInstancePtr);
  ^
../src/xemacps_example_intr_dma.c: In function 'EmacPsDmaHunderedFrameIntrExample':
../src/xemacps_example_intr_dma.c:775:11: warning: passing argument 2 of 'XEmacPs_BdRingClone' from incompatible pointer type
           &BdRxPtr, XEMACPS_RECV);
           ^
In file included from ../../standalone_bsp_0/ps7_cortexa9_0/include/xemacps.h:336:0,
                 from ../src/xemacps_example.h:86,
                 from ../src/xemacps_example_intr_dma.c:118:
../../standalone_bsp_0/ps7_cortexa9_0/include/xemacps_bdring.h:215:6: note: expected 'UINTPTR (*)[2]' but argument is of type 'UINTPTR (**)[2]'
 LONG XEmacPs_BdRingClone(XEmacPs_BdRing * RingPtr, XEmacPs_Bd * SrcBdPtr,
      ^
../src/xemacps_example_intr_dma.c: At top level:
../src/xemacps_example_intr_dma.c:1322:6: warning: conflicting types for 'ppu_test'
 void ppu_test(XEmacPs *EmacPsInstancePtr)
      ^
../src/xemacps_example_intr_dma.c:623:11: note: previous implicit declaration of 'ppu_test' was here
  Status = ppu_test(EmacPsInstancePtr);
           ^
../src/xemacps_example_intr_dma.c: In function 'ppu_test':
../src/xemacps_example_intr_dma.c:1331:16: warning: assignment makes pointer from integer without a cast
  rxvd_buffer_0 = PACKET_BUFFER_0;
                ^
../src/xemacps_example_intr_dma.c:1332:16: warning: assignment makes pointer from integer without a cast
  rxvd_buffer_1 = PACKET_BUFFER_1;
                ^
../src/xemacps_example_intr_dma.c:1343:30: warning: passing argument 1 of 'EmacPsUtilFrameHdrFormatMAC' from incompatible pointer type
  EmacPsUtilFrameHdrFormatMAC(&TxBuffer[0][0], EmacPsMAC);
                              ^
In file included from ../src/xemacps_example_intr_dma.c:118:0:
../src/xemacps_example.h:117:6: note: expected 'char (*)[1536]' but argument is of type 'char *'
 void EmacPsUtilFrameHdrFormatMAC(EthernetFrame * FramePtr, char *DestAddr);
      ^
../src/xemacps_example_intr_dma.c:1361:37: warning: assignment makes integer from pointer without a cast
  *(u32*)(TX_BD_LIST_START_ADDRESS ) = &TxBuffer[0][0];
                                     ^
../src/xemacps_example_intr_dma.c:1375:47: warning: assignment makes integer from pointer without a cast
    *(u32*)(BUFFER_DESC_MEM + (bd_index * 8) ) = &RxBuffer[bd_index][0];
                                               ^
../src/xemacps_example_intr_dma.c:1376:4: warning: format '%d' expects argument of type 'int', but argument 2 has type 'u32' [-Wformat=]
    printf("\r\nRxBuffer Addr in BD%d: %8x is saved in PL \r\n", bd_index, &RxBuffer[bd_index][0]);
    ^
../src/xemacps_example_intr_dma.c:1376:4: warning: format '%x' expects argument of type 'unsigned int', but argument 3 has type 'char *' [-Wformat=]
../src/xemacps_example_intr_dma.c:1376:4: warning: format '%d' expects argument of type 'int', but argument 2 has type 'u32' [-Wformat=]
../src/xemacps_example_intr_dma.c:1376:4: warning: format '%x' expects argument of type 'unsigned int', but argument 3 has type 'char *' [-Wformat=]
../src/xemacps_example_intr_dma.c:1386:47: warning: assignment makes integer from pointer without a cast
    *(u32*)(BUFFER_DESC_MEM + (bd_index * 8) ) = &RxBuffer[bd_index][0];
                                               ^
../src/xemacps_example_intr_dma.c:1387:4: warning: format '%d' expects argument of type 'int', but argument 2 has type 'u32' [-Wformat=]
    printf("\r\nRxBuffer Addr in BD%d: %8x is saved in PL\r\n", bd_index, &RxBuffer[bd_index][0]);
    ^
../src/xemacps_example_intr_dma.c:1387:4: warning: format '%x' expects argument of type 'unsigned int', but argument 3 has type 'char *' [-Wformat=]
../src/xemacps_example_intr_dma.c:1387:4: warning: format '%d' expects argument of type 'int', but argument 2 has type 'u32' [-Wformat=]
../src/xemacps_example_intr_dma.c:1387:4: warning: format '%x' expects argument of type 'unsigned int', but argument 3 has type 'char *' [-Wformat=]
../src/xemacps_example_intr_dma.c:1416:2: warning: implicit declaration of function 'ReceiveDataVerify' [-Wimplicit-function-declaration]
  DataError = ReceiveDataVerify(&TxBuffer[0], PACKET_BUFFER_0, 1018);
  ^
../src/xemacps_example_intr_dma.c:1423:3: warning: format '%d' expects argument of type 'int', but argument 2 has type 'u32' [-Wformat=]
   printf("Error Count = %d", DataError);
   ^
../src/xemacps_example_intr_dma.c:1423:3: warning: format '%d' expects argument of type 'int', but argument 2 has type 'u32' [-Wformat=]
../src/xemacps_example_intr_dma.c:1434:2: warning: implicit declaration of function 'PrintData' [-Wimplicit-function-declaration]
  PrintData(PACKET_BUFFER_0);
  ^
../src/xemacps_example_intr_dma.c:1327:7: warning: unused variable 'temp_char' [-Wunused-variable]
  char temp_char;
       ^
../src/xemacps_example_intr_dma.c: At top level:
../src/xemacps_example_intr_dma.c:1450:6: warning: conflicting types for 'PrintData'
 void PrintData(char *data_ptr)
      ^
../src/xemacps_example_intr_dma.c:1434:2: note: previous implicit declaration of 'PrintData' was here
  PrintData(PACKET_BUFFER_0);
  ^
Finished building: ../src/xemacps_example_intr_dma.c
 
Building file: ../src/xemacps_example_util.c
Invoking: ARM gcc compiler
arm-xilinx-eabi-gcc -Wall -O0 -g3 -c -fmessage-length=0 -MT"src/xemacps_example_util.o" -I../../standalone_bsp_0/ps7_cortexa9_0/include -MMD -MP -MF"src/xemacps_example_util.d" -MT"src/xemacps_example_util.d" -o "src/xemacps_example_util.o" "../src/xemacps_example_util.c"
Finished building: ../src/xemacps_example_util.c
 
Building file: ../src/xscugic_tapp_example.c
Invoking: ARM gcc compiler
arm-xilinx-eabi-gcc -Wall -O0 -g3 -c -fmessage-length=0 -MT"src/xscugic_tapp_example.o" -I../../standalone_bsp_0/ps7_cortexa9_0/include -MMD -MP -MF"src/xscugic_tapp_example.d" -MT"src/xscugic_tapp_example.d" -o "src/xscugic_tapp_example.o" "../src/xscugic_tapp_example.c"
Finished building: ../src/xscugic_tapp_example.c
 
Building file: ../src/xscutimer_intr_example.c
Invoking: ARM gcc compiler
arm-xilinx-eabi-gcc -Wall -O0 -g3 -c -fmessage-length=0 -MT"src/xscutimer_intr_example.o" -I../../standalone_bsp_0/ps7_cortexa9_0/include -MMD -MP -MF"src/xscutimer_intr_example.d" -MT"src/xscutimer_intr_example.d" -o "src/xscutimer_intr_example.o" "../src/xscutimer_intr_example.c"
Finished building: ../src/xscutimer_intr_example.c
 
make: *** No rule to make target 'xemacps_example_intr_dma_org.o', needed by 'fakher.elf'.  Stop.

09:24:42 Build Finished (took 383ms)

