#-----------------------------------------------------------
# Vivado v2015.3 (64-bit)
# SW Build 1368829 on Mon Sep 28 20:06:39 MDT 2015
# IP Build 1367837 on Mon Sep 28 08:56:14 MDT 2015
# Start of session at: Sun Aug  6 03:19:19 2017
# Process ID: 4815
# Current directory: /media/iq/New Volume/Projets_work/marketinternational_filter/HLS_IPs/Pakcet_Loopback
# Command line: vivado
# Log file: /media/iq/New Volume/Projets_work/marketinternational_filter/HLS_IPs/Pakcet_Loopback/vivado.log
# Journal file: /media/iq/New Volume/Projets_work/marketinternational_filter/HLS_IPs/Pakcet_Loopback/vivado.jou
#-----------------------------------------------------------
start_gui
open_project {/media/iq/New Volume/Projets_work/marketinternational_filter/HW_Vivado/PYNQ_Ethernet/Vivado_basedesign_Eth_loopback/project_3/project_3.xpr}
INFO: [Project 1-313] Project file moved from 'D:/Projets_work/CROWD_S/PYNQ/HW/Vivado_SPI_Interfacing/project_3' since last save.
Scanning sources...
Finished scanning sources
WARNING: [filemgmt 56-2] IP Repository Path: Could not find the directory '/media/iq/New Volume/Projets_work/marketinternational_filter/HW_Vivado/PYNQ_Ethernet/dma_rx_tx_serial_rfchip/ip_repo', nor could it be found using path '/media/iq/New Volume/Projets_work/marketinternational_filter/HLS_IPs/Pakcet_Loopback/D:/Projets_work/CROWD_S/PYNQ/HW/dma_rx_tx_serial_rfchip/ip_repo'.
INFO: [IP_Flow 19-234] Refreshing IP repositories
WARNING: [IP_Flow 19-2248] Failed to load user IP repository '/media/iq/New Volume/Projets_work/marketinternational_filter/HW_Vivado/PYNQ_Ethernet/dma_rx_tx_serial_rfchip/ip_repo'; Can't find the specified path.
If this directory should no longer be in your list of user repositories, go to the IP Settings dialog and remove it.
INFO: [IP_Flow 19-2313] Loaded Vivado IP repository '/opt/Xilinx/Vivado/2015.3/data/ip'.
open_project: Time (s): cpu = 00:00:19 ; elapsed = 00:00:11 . Memory (MB): peak = 5983.418 ; gain = 226.059 ; free physical = 262 ; free virtual = 2052
open_bd_design {/media/iq/New Volume/Projets_work/marketinternational_filter/HW_Vivado/PYNQ_Ethernet/Vivado_basedesign_Eth_loopback/project_3/project_3.srcs/sources_1/bd/design_1/design_1.bd}
Adding component instance block -- xilinx.com:ip:processing_system7:5.5 - processing_system7_0
Adding component instance block -- xilinx.com:ip:proc_sys_reset:5.0 - rst_processing_system7_0_50M
Adding component instance block -- xilinx.com:ip:axi_quad_spi:3.2 - axi_quad_spi_0
Adding component instance block -- xilinx.com:ip:xlconstant:1.1 - vcc
Adding component instance block -- xilinx.com:ip:selectio_wiz:5.1 - selectio_wiz_0
INFO: [Device 21-403] Loading part xc7z020clg400-1
The HP banks in device are  && local var set to 0 && devicetype is 3
The HP banks in device are  && local var set to 0 && devicetype is 3
The HP banks in device are  && local var set to 0 && devicetype is 3
Adding component instance block -- xilinx.com:ip:c_counter_binary:12.0 - c_counter_binary_0
Adding component instance block -- xilinx.com:ip:ila:6.0 - ila_1
Adding component instance block -- xilinx.com:ip:ila:6.0 - ila_2
Adding component instance block -- xilinx.com:ip:axi_crossbar:2.1 - xbar
Adding component instance block -- xilinx.com:ip:axi_protocol_converter:2.1 - auto_pc
Successfully read diagram <design_1> from BD file </media/iq/New Volume/Projets_work/marketinternational_filter/HW_Vivado/PYNQ_Ethernet/Vivado_basedesign_Eth_loopback/project_3/project_3.srcs/sources_1/bd/design_1/design_1.bd>
open_bd_design: Time (s): cpu = 00:00:14 ; elapsed = 00:00:13 . Memory (MB): peak = 6255.156 ; gain = 271.738 ; free physical = 157 ; free virtual = 1790
delete_bd_objs [get_bd_nets processing_system7_0_FCLK_CLK1] [get_bd_nets vcc_dout] [get_bd_intf_nets processing_system7_0_axi_periph_M01_AXI] [get_bd_cells axi_quad_spi_0]
delete_bd_objs [get_bd_nets axi_quad_spi_0_io0_o] [get_bd_nets io0_i_1] [get_bd_nets axi_quad_spi_0_ss_o] [get_bd_nets axi_quad_spi_0_sck_o] [get_bd_cells ila_1]
delete_bd_objs [get_bd_intf_nets diff_clk_in_1] [get_bd_nets data_in_from_pins_n_1] [get_bd_nets rst_processing_system7_0_50M_peripheral_reset] [get_bd_nets selectio_wiz_0_data_in_to_device] [get_bd_nets RXD_P_1] [get_bd_cells selectio_wiz_0]
delete_bd_objs [get_bd_nets selectio_wiz_0_clk_out] [get_bd_cells ila_2]
delete_bd_objs [get_bd_nets c_counter_binary_0_Q]
delete_bd_objs [get_bd_cells c_counter_binary_0]
delete_bd_objs [get_bd_cells vcc]
delete_bd_objs [get_bd_ports io0_i]
delete_bd_objs [get_bd_intf_ports RX_clk_in]
delete_bd_objs [get_bd_ports RXD_P]
delete_bd_objs [get_bd_ports RXD_N]
delete_bd_objs [get_bd_ports ss_o]
delete_bd_objs [get_bd_ports Q]
delete_bd_objs [get_bd_ports io0_o]
delete_bd_objs [get_bd_ports sck_o]
startgroup
set_property -dict [list CONFIG.PCW_QSPI_GRP_SINGLE_SS_ENABLE {1} CONFIG.PCW_ENET0_ENET0_IO {EMIO} CONFIG.PCW_USB0_PERIPHERAL_ENABLE {0}] [get_bd_cells processing_system7_0]
endgroup
save_bd_design
Wrote  : </media/iq/New Volume/Projets_work/marketinternational_filter/HW_Vivado/PYNQ_Ethernet/Vivado_basedesign_Eth_loopback/project_3/project_3.srcs/sources_1/bd/design_1/design_1.bd> 
regenerate_bd_layout
startgroup
create_bd_cell -type ip -vlnv xilinx.com:ip:tri_mode_ethernet_mac:9.0 tri_mode_ethernet_mac_0
endgroup
startgroup
apply_bd_automation -rule xilinx.com:bd_rule:board  [get_bd_intf_pins tri_mode_ethernet_mac_0/gmii]
INFO: [board_rule:/tri_mode_ethernet_mac_0-100] create_bd_intf_port -mode Master -vlnv xilinx.com:interface:gmii_rtl:1.0 gmii_rtl
INFO: [board_rule:/tri_mode_ethernet_mac_0-100] connect_bd_intf_net /gmii_rtl /tri_mode_ethernet_mac_0/gmii
apply_bd_automation -rule xilinx.com:bd_rule:board  [get_bd_intf_pins tri_mode_ethernet_mac_0/mdio_external]
INFO: [board_rule:/tri_mode_ethernet_mac_0-100] create_bd_intf_port -mode Master -vlnv xilinx.com:interface:mdio_io:1.0 mdio_io
INFO: [board_rule:/tri_mode_ethernet_mac_0-100] connect_bd_intf_net /mdio_io /tri_mode_ethernet_mac_0/mdio_external
apply_bd_automation -rule xilinx.com:bd_rule:axi4 -config {Master "/processing_system7_0/M_AXI_GP0" Clk "Auto" }  [get_bd_intf_pins tri_mode_ethernet_mac_0/s_axi]
</tri_mode_ethernet_mac_0/s_axi/Reg> is being mapped into </processing_system7_0/Data> at <0x43C00000 [ 64K ]>
endgroup
startgroup
set_property -dict [list CONFIG.MAC_Speed {1000_Mbps}] [get_bd_cells tri_mode_ethernet_mac_0]
endgroup
delete_bd_objs [get_bd_intf_nets tri_mode_ethernet_mac_0_gmii] [get_bd_intf_nets processing_system7_0_axi_periph_M00_AXI] [get_bd_intf_nets tri_mode_ethernet_mac_0_mdio_external] [get_bd_cells tri_mode_ethernet_mac_0]
delete_bd_objs [get_bd_intf_ports gmii_rtl]
delete_bd_objs [get_bd_intf_ports mdio_io]
startgroup
create_bd_cell -type ip -vlnv xilinx.com:ip:axi_gpio:2.0 axi_gpio_0
endgroup
apply_bd_automation -rule xilinx.com:bd_rule:axi4 -config {Master "/processing_system7_0/M_AXI_GP0" Clk "Auto" }  [get_bd_intf_pins axi_gpio_0/S_AXI]
</axi_gpio_0/S_AXI/Reg> is being mapped into </processing_system7_0/Data> at <0x41200000 [ 64K ]>
regenerate_bd_layout
save_bd_design
startgroup
set_property -dict [list CONFIG.PCW_QSPI_GRP_SINGLE_SS_ENABLE {1} CONFIG.PCW_ENET0_ENET0_IO {MIO 16 .. 27} CONFIG.PCW_ENET0_GRP_MDIO_IO {MIO 52 .. 53}] [get_bd_cells processing_system7_0]
endgroup
save_bd_design
Wrote  : </media/iq/New Volume/Projets_work/marketinternational_filter/HW_Vivado/PYNQ_Ethernet/Vivado_basedesign_Eth_loopback/project_3/project_3.srcs/sources_1/bd/design_1/design_1.bd> 
reset_target all [get_files  {{/media/iq/New Volume/Projets_work/marketinternational_filter/HW_Vivado/PYNQ_Ethernet/Vivado_basedesign_Eth_loopback/project_3/project_3.srcs/sources_1/bd/design_1/design_1.bd}}]
export_ip_user_files -of_objects  [get_files  {{/media/iq/New Volume/Projets_work/marketinternational_filter/HW_Vivado/PYNQ_Ethernet/Vivado_basedesign_Eth_loopback/project_3/project_3.srcs/sources_1/bd/design_1/design_1.bd}}] -sync -no_script -force -quiet
generate_target all [get_files  {{/media/iq/New Volume/Projets_work/marketinternational_filter/HW_Vivado/PYNQ_Ethernet/Vivado_basedesign_Eth_loopback/project_3/project_3.srcs/sources_1/bd/design_1/design_1.bd}}]
WARNING: [BD 41-702] Propagation TCL tries to overwrite USER strength parameter PCW_M_AXI_GP0_FREQMHZ(10) on '/processing_system7_0' with propgated value(100). Command ignored
Verilog Output written to : /media/iq/New Volume/Projets_work/marketinternational_filter/HW_Vivado/PYNQ_Ethernet/Vivado_basedesign_Eth_loopback/project_3/project_3.srcs/sources_1/bd/design_1/hdl/design_1.v
Verilog Output written to : /media/iq/New Volume/Projets_work/marketinternational_filter/HW_Vivado/PYNQ_Ethernet/Vivado_basedesign_Eth_loopback/project_3/project_3.srcs/sources_1/bd/design_1/hdl/design_1_wrapper.v
Wrote  : </media/iq/New Volume/Projets_work/marketinternational_filter/HW_Vivado/PYNQ_Ethernet/Vivado_basedesign_Eth_loopback/project_3/project_3.srcs/sources_1/bd/design_1/design_1.bd> 
INFO: [IP_Flow 19-1686] Generating 'Instantiation Template' target for IP 'design_1_processing_system7_0_0'...
INFO: [IP_Flow 19-1686] Generating 'Synthesis' target for IP 'design_1_processing_system7_0_0'...
INFO: [IP_Flow 19-1686] Generating 'Simulation' target for IP 'design_1_processing_system7_0_0'...
WARNING: [xilinx.com:ip:processing_system7:5.5-1] design_1_processing_system7_0_0: The Zynq BFM requires an AXI BFM license to run. Please ensure that you have purchased and setup the AXI BFM license prior to running simulation with this block. Please contact your Xilinx sales office for more information on purchasing this license
INFO: [IP_Flow 19-1686] Generating 'Miscellaneous' target for IP 'design_1_processing_system7_0_0'...
INFO: [IP_Flow 19-1686] Generating 'Change Log' target for IP 'design_1_processing_system7_0_0'...
INFO: [BD 41-1029] Generation completed for the IP Integrator block processing_system7_0 .
INFO: [IP_Flow 19-1686] Generating 'Instantiation Template' target for IP 'design_1_rst_processing_system7_0_50M_1'...
INFO: [IP_Flow 19-1686] Generating 'Synthesis' target for IP 'design_1_rst_processing_system7_0_50M_1'...
INFO: [IP_Flow 19-1686] Generating 'Simulation' target for IP 'design_1_rst_processing_system7_0_50M_1'...
INFO: [IP_Flow 19-1686] Generating 'Implementation' target for IP 'design_1_rst_processing_system7_0_50M_1'...
INFO: [IP_Flow 19-1686] Generating 'Change Log' target for IP 'design_1_rst_processing_system7_0_50M_1'...
INFO: [BD 41-1029] Generation completed for the IP Integrator block rst_processing_system7_0_50M .
INFO: [IP_Flow 19-1686] Generating 'Instantiation Template' target for IP 'design_1_xbar_0'...
INFO: [IP_Flow 19-1686] Generating 'Synthesis' target for IP 'design_1_xbar_0'...
INFO: [IP_Flow 19-1686] Generating 'Simulation' target for IP 'design_1_xbar_0'...
INFO: [IP_Flow 19-1686] Generating 'Change Log' target for IP 'design_1_xbar_0'...
INFO: [BD 41-1029] Generation completed for the IP Integrator block processing_system7_0_axi_periph/xbar .
INFO: [IP_Flow 19-1686] Generating 'Instantiation Template' target for IP 'design_1_axi_gpio_0_0'...
INFO: [IP_Flow 19-1686] Generating 'Synthesis' target for IP 'design_1_axi_gpio_0_0'...
INFO: [IP_Flow 19-1686] Generating 'Simulation' target for IP 'design_1_axi_gpio_0_0'...
INFO: [IP_Flow 19-1686] Generating 'Implementation' target for IP 'design_1_axi_gpio_0_0'...
INFO: [IP_Flow 19-1686] Generating 'Change Log' target for IP 'design_1_axi_gpio_0_0'...
INFO: [BD 41-1029] Generation completed for the IP Integrator block axi_gpio_0 .
INFO: [IP_Flow 19-1686] Generating 'Instantiation Template' target for IP 'design_1_auto_pc_0'...
INFO: [IP_Flow 19-1686] Generating 'Synthesis' target for IP 'design_1_auto_pc_0'...
INFO: [IP_Flow 19-1686] Generating 'Simulation' target for IP 'design_1_auto_pc_0'...
INFO: [IP_Flow 19-1686] Generating 'Change Log' target for IP 'design_1_auto_pc_0'...
INFO: [BD 41-1029] Generation completed for the IP Integrator block processing_system7_0_axi_periph/s00_couplers/auto_pc .
Exporting to file /media/iq/New Volume/Projets_work/marketinternational_filter/HW_Vivado/PYNQ_Ethernet/Vivado_basedesign_Eth_loopback/project_3/project_3.srcs/sources_1/bd/design_1/hw_handoff/design_1.hwh
Generated Block Design Tcl file /media/iq/New Volume/Projets_work/marketinternational_filter/HW_Vivado/PYNQ_Ethernet/Vivado_basedesign_Eth_loopback/project_3/project_3.srcs/sources_1/bd/design_1/hw_handoff/design_1_bd.tcl
Generated Hardware Definition File /media/iq/New Volume/Projets_work/marketinternational_filter/HW_Vivado/PYNQ_Ethernet/Vivado_basedesign_Eth_loopback/project_3/project_3.srcs/sources_1/bd/design_1/hdl/design_1.hwdef
generate_target: Time (s): cpu = 00:00:17 ; elapsed = 00:00:19 . Memory (MB): peak = 6377.688 ; gain = 12.613 ; free physical = 118 ; free virtual = 1625
export_ip_user_files -of_objects [get_files {{/media/iq/New Volume/Projets_work/marketinternational_filter/HW_Vivado/PYNQ_Ethernet/Vivado_basedesign_Eth_loopback/project_3/project_3.srcs/sources_1/bd/design_1/design_1.bd}}] -no_script -force -quiet
export_simulation -of_objects [get_files {{/media/iq/New Volume/Projets_work/marketinternational_filter/HW_Vivado/PYNQ_Ethernet/Vivado_basedesign_Eth_loopback/project_3/project_3.srcs/sources_1/bd/design_1/design_1.bd}}] -directory {/media/iq/New Volume/Projets_work/marketinternational_filter/HW_Vivado/PYNQ_Ethernet/Vivado_basedesign_Eth_loopback/project_3/project_3.ip_user_files/sim_scripts} -force -quiet
reset_run synth_1
launch_runs impl_1 -to_step write_bitstream -jobs 8
[Sun Aug  6 03:38:05 2017] Launched synth_1...
Run output will be captured here: /media/iq/New Volume/Projets_work/marketinternational_filter/HW_Vivado/PYNQ_Ethernet/Vivado_basedesign_Eth_loopback/project_3/project_3.runs/synth_1/runme.log
[Sun Aug  6 03:38:05 2017] Launched impl_1...
Run output will be captured here: /media/iq/New Volume/Projets_work/marketinternational_filter/HW_Vivado/PYNQ_Ethernet/Vivado_basedesign_Eth_loopback/project_3/project_3.runs/impl_1/runme.log
reset_run synth_1
WARNING: [Vivado 12-1017] Problems encountered:
1. PID not specified

make_wrapper -files [get_files {{/media/iq/New Volume/Projets_work/marketinternational_filter/HW_Vivado/PYNQ_Ethernet/Vivado_basedesign_Eth_loopback/project_3/project_3.srcs/sources_1/bd/design_1/design_1.bd}}] -top
reset_target all [get_files  {{/media/iq/New Volume/Projets_work/marketinternational_filter/HW_Vivado/PYNQ_Ethernet/Vivado_basedesign_Eth_loopback/project_3/project_3.srcs/sources_1/bd/design_1/design_1.bd}}]
export_ip_user_files -of_objects  [get_files  {{/media/iq/New Volume/Projets_work/marketinternational_filter/HW_Vivado/PYNQ_Ethernet/Vivado_basedesign_Eth_loopback/project_3/project_3.srcs/sources_1/bd/design_1/design_1.bd}}] -sync -no_script -force -quiet
generate_target all [get_files  {{/media/iq/New Volume/Projets_work/marketinternational_filter/HW_Vivado/PYNQ_Ethernet/Vivado_basedesign_Eth_loopback/project_3/project_3.srcs/sources_1/bd/design_1/design_1.bd}}]
INFO: [BD 41-1662] The design 'design_1.bd' is already validated. Therefore parameter propagation will not be re-run.
Verilog Output written to : /media/iq/New Volume/Projets_work/marketinternational_filter/HW_Vivado/PYNQ_Ethernet/Vivado_basedesign_Eth_loopback/project_3/project_3.srcs/sources_1/bd/design_1/hdl/design_1.v
Verilog Output written to : /media/iq/New Volume/Projets_work/marketinternational_filter/HW_Vivado/PYNQ_Ethernet/Vivado_basedesign_Eth_loopback/project_3/project_3.srcs/sources_1/bd/design_1/hdl/design_1_wrapper.v
INFO: [IP_Flow 19-1686] Generating 'Instantiation Template' target for IP 'design_1_processing_system7_0_0'...
INFO: [IP_Flow 19-1686] Generating 'Synthesis' target for IP 'design_1_processing_system7_0_0'...
INFO: [IP_Flow 19-1686] Generating 'Simulation' target for IP 'design_1_processing_system7_0_0'...
WARNING: [xilinx.com:ip:processing_system7:5.5-1] design_1_processing_system7_0_0: The Zynq BFM requires an AXI BFM license to run. Please ensure that you have purchased and setup the AXI BFM license prior to running simulation with this block. Please contact your Xilinx sales office for more information on purchasing this license
INFO: [IP_Flow 19-1686] Generating 'Miscellaneous' target for IP 'design_1_processing_system7_0_0'...
INFO: [IP_Flow 19-1686] Generating 'Change Log' target for IP 'design_1_processing_system7_0_0'...
INFO: [BD 41-1029] Generation completed for the IP Integrator block processing_system7_0 .
INFO: [IP_Flow 19-1686] Generating 'Instantiation Template' target for IP 'design_1_rst_processing_system7_0_50M_1'...
INFO: [IP_Flow 19-1686] Generating 'Synthesis' target for IP 'design_1_rst_processing_system7_0_50M_1'...
INFO: [IP_Flow 19-1686] Generating 'Simulation' target for IP 'design_1_rst_processing_system7_0_50M_1'...
INFO: [IP_Flow 19-1686] Generating 'Implementation' target for IP 'design_1_rst_processing_system7_0_50M_1'...
INFO: [IP_Flow 19-1686] Generating 'Change Log' target for IP 'design_1_rst_processing_system7_0_50M_1'...
INFO: [BD 41-1029] Generation completed for the IP Integrator block rst_processing_system7_0_50M .
INFO: [IP_Flow 19-1686] Generating 'Instantiation Template' target for IP 'design_1_xbar_0'...
INFO: [IP_Flow 19-1686] Generating 'Synthesis' target for IP 'design_1_xbar_0'...
INFO: [IP_Flow 19-1686] Generating 'Simulation' target for IP 'design_1_xbar_0'...
INFO: [IP_Flow 19-1686] Generating 'Change Log' target for IP 'design_1_xbar_0'...
INFO: [BD 41-1029] Generation completed for the IP Integrator block processing_system7_0_axi_periph/xbar .
INFO: [IP_Flow 19-1686] Generating 'Instantiation Template' target for IP 'design_1_axi_gpio_0_0'...
INFO: [IP_Flow 19-1686] Generating 'Synthesis' target for IP 'design_1_axi_gpio_0_0'...
INFO: [IP_Flow 19-1686] Generating 'Simulation' target for IP 'design_1_axi_gpio_0_0'...
INFO: [IP_Flow 19-1686] Generating 'Implementation' target for IP 'design_1_axi_gpio_0_0'...
INFO: [IP_Flow 19-1686] Generating 'Change Log' target for IP 'design_1_axi_gpio_0_0'...
INFO: [BD 41-1029] Generation completed for the IP Integrator block axi_gpio_0 .
INFO: [IP_Flow 19-1686] Generating 'Instantiation Template' target for IP 'design_1_auto_pc_0'...
INFO: [IP_Flow 19-1686] Generating 'Synthesis' target for IP 'design_1_auto_pc_0'...
INFO: [IP_Flow 19-1686] Generating 'Simulation' target for IP 'design_1_auto_pc_0'...
INFO: [IP_Flow 19-1686] Generating 'Change Log' target for IP 'design_1_auto_pc_0'...
INFO: [BD 41-1029] Generation completed for the IP Integrator block processing_system7_0_axi_periph/s00_couplers/auto_pc .
Exporting to file /media/iq/New Volume/Projets_work/marketinternational_filter/HW_Vivado/PYNQ_Ethernet/Vivado_basedesign_Eth_loopback/project_3/project_3.srcs/sources_1/bd/design_1/hw_handoff/design_1.hwh
Generated Block Design Tcl file /media/iq/New Volume/Projets_work/marketinternational_filter/HW_Vivado/PYNQ_Ethernet/Vivado_basedesign_Eth_loopback/project_3/project_3.srcs/sources_1/bd/design_1/hw_handoff/design_1_bd.tcl
Generated Hardware Definition File /media/iq/New Volume/Projets_work/marketinternational_filter/HW_Vivado/PYNQ_Ethernet/Vivado_basedesign_Eth_loopback/project_3/project_3.srcs/sources_1/bd/design_1/hdl/design_1.hwdef
generate_target: Time (s): cpu = 00:00:17 ; elapsed = 00:00:17 . Memory (MB): peak = 6421.586 ; gain = 0.000 ; free physical = 168 ; free virtual = 1545
export_ip_user_files -of_objects [get_files {{/media/iq/New Volume/Projets_work/marketinternational_filter/HW_Vivado/PYNQ_Ethernet/Vivado_basedesign_Eth_loopback/project_3/project_3.srcs/sources_1/bd/design_1/design_1.bd}}] -no_script -force -quiet
export_simulation -of_objects [get_files {{/media/iq/New Volume/Projets_work/marketinternational_filter/HW_Vivado/PYNQ_Ethernet/Vivado_basedesign_Eth_loopback/project_3/project_3.srcs/sources_1/bd/design_1/design_1.bd}}] -directory {/media/iq/New Volume/Projets_work/marketinternational_filter/HW_Vivado/PYNQ_Ethernet/Vivado_basedesign_Eth_loopback/project_3/project_3.ip_user_files/sim_scripts} -force -quiet
launch_runs synth_1 -jobs 8
INFO: [HDL 9-2216] Analyzing Verilog file "/media/iq/New Volume/Projets_work/marketinternational_filter/HW_Vivado/PYNQ_Ethernet/Vivado_basedesign_Eth_loopback/project_3/project_3.srcs/sources_1/bd/design_1/hdl/design_1_wrapper.v" into library work [/media/iq/New Volume/Projets_work/marketinternational_filter/HW_Vivado/PYNQ_Ethernet/Vivado_basedesign_Eth_loopback/project_3/project_3.srcs/sources_1/bd/design_1/hdl/design_1_wrapper.v:1]
INFO: [HDL 9-2216] Analyzing Verilog file "/media/iq/New Volume/Projets_work/marketinternational_filter/HW_Vivado/PYNQ_Ethernet/Vivado_basedesign_Eth_loopback/project_3/project_3.srcs/sources_1/bd/design_1/hdl/design_1.v" into library work [/media/iq/New Volume/Projets_work/marketinternational_filter/HW_Vivado/PYNQ_Ethernet/Vivado_basedesign_Eth_loopback/project_3/project_3.srcs/sources_1/bd/design_1/hdl/design_1.v:1]
[Sun Aug  6 10:55:45 2017] Launched synth_1...
Run output will be captured here: /media/iq/New Volume/Projets_work/marketinternational_filter/HW_Vivado/PYNQ_Ethernet/Vivado_basedesign_Eth_loopback/project_3/project_3.runs/synth_1/runme.log
reset_run synth_1
WARNING: [Vivado 12-1017] Problems encountered:
1. PID not specified

close_project
