#-----------------------------------------------------------
# Webtalk v2015.3 (64-bit)
# SW Build 1368829 on Mon Sep 28 20:06:39 MDT 2015
# 
# Start of session at: Wed Aug 16 11:02:26 2017
# Process ID: 4719
# Current directory: /home/iq/Documents/marketinternational_filter/Example_reference/Zynq7000AP_SoC_Ethernet_Packet_Redirection_Design/SDK_Shared/webtalk
# Command line: wbtcv -mode batch -source sdk_webtalk.tcl
# Log file: /home/iq/Documents/marketinternational_filter/Example_reference/Zynq7000AP_SoC_Ethernet_Packet_Redirection_Design/SDK_Shared/webtalk/webtalk.log
# Journal file: /home/iq/Documents/marketinternational_filter/Example_reference/Zynq7000AP_SoC_Ethernet_Packet_Redirection_Design/SDK_Shared/webtalk/webtalk.jou
#-----------------------------------------------------------
source sdk_webtalk.tcl
# webtalk_init -webtalk_dir /home/iq/Documents/marketinternational_filter/Example_reference/Zynq7000AP_SoC_Ethernet_Packet_Redirection_Design/SDK_Shared/webtalk
# webtalk_register_client -client project
# webtalk_add_data -client project -key date_generated -value "Wed Aug 16 11:02:11 2017" -context "software_version_and_target_device"
# webtalk_add_data -client project -key product_version -value "SDK v2015.3" -context "software_version_and_target_device"
# webtalk_add_data -client project -key build_version -value "2015.3" -context "software_version_and_target_device"
# webtalk_add_data -client project -key os_platform -value "amd64" -context "software_version_and_target_device"
# webtalk_add_data -client project -key registration_id -value "" -context "software_version_and_target_device"
# webtalk_add_data -client project -key tool_flow -value "SDK" -context "software_version_and_target_device"
# webtalk_add_data -client project -key beta -value "false" -context "software_version_and_target_device"
# webtalk_add_data -client project -key route_design -value "NA" -context "software_version_and_target_device"
# webtalk_add_data -client project -key target_family -value "NA" -context "software_version_and_target_device"
# webtalk_add_data -client project -key target_device -value "NA" -context "software_version_and_target_device"
# webtalk_add_data -client project -key target_package -value "NA" -context "software_version_and_target_device"
# webtalk_add_data -client project -key target_speed -value "NA" -context "software_version_and_target_device"
# webtalk_add_data -client project -key random_id -value "54s5jrjgosq6frlknp9cgj3ea9" -context "software_version_and_target_device"
# webtalk_add_data -client project -key project_id -value "2015.3_6" -context "software_version_and_target_device"
# webtalk_add_data -client project -key project_iteration -value "6" -context "software_version_and_target_device"
# webtalk_add_data -client project -key os_name -value "" -context "user_environment"
# webtalk_add_data -client project -key os_release -value "" -context "user_environment"
# webtalk_add_data -client project -key cpu_name -value "" -context "user_environment"
# webtalk_add_data -client project -key cpu_speed -value "" -context "user_environment"
# webtalk_add_data -client project -key total_processors -value "" -context "user_environment"
# webtalk_add_data -client project -key system_ram -value "" -context "user_environment"
# webtalk_register_client -client sdk
# webtalk_add_data -client sdk -key uid -value "1502894428000" -context "sdk\\\\hardware/1502894428000"
# webtalk_add_data -client sdk -key isZynq -value "true" -context "sdk\\\\hardware/1502894428000"
# webtalk_add_data -client sdk -key Processors -value "2" -context "sdk\\\\hardware/1502894428000"
# webtalk_add_data -client sdk -key VivadoVersion -value "2015.3" -context "sdk\\\\hardware/1502894428000"
# webtalk_add_data -client sdk -key Arch -value "zynq" -context "sdk\\\\hardware/1502894428000"
# webtalk_add_data -client sdk -key Device -value "7z020" -context "sdk\\\\hardware/1502894428000"
# webtalk_add_data -client sdk -key IsHandoff -value "true" -context "sdk\\\\hardware/1502894428000"
# webtalk_add_data -client sdk -key uid -value "1502894491000" -context "sdk\\\\bsp/1502894491000"
# webtalk_add_data -client sdk -key hwid -value "1502894428000" -context "sdk\\\\bsp/1502894491000"
# webtalk_add_data -client sdk -key os -value "standalone" -context "sdk\\\\bsp/1502894491000"
# webtalk_add_data -client sdk -key apptemplate -value "empty_application" -context "sdk\\\\bsp/1502894491000"
# webtalk_add_data -client sdk -key uid -value "1502894495000" -context "sdk\\\\application/1502894495000"
# webtalk_add_data -client sdk -key hwid -value "1502894428000" -context "sdk\\\\application/1502894495000"
# webtalk_add_data -client sdk -key bspid -value "1502894491000" -context "sdk\\\\application/1502894495000"
# webtalk_add_data -client sdk -key newbsp -value "true" -context "sdk\\\\application/1502894495000"
# webtalk_add_data -client sdk -key os -value "standalone" -context "sdk\\\\application/1502894495000"
# webtalk_add_data -client sdk -key apptemplate -value "empty_application" -context "sdk\\\\application/1502894495000"
# webtalk_transmit -clientid 1085812895 -regid "" -xml /home/iq/Documents/marketinternational_filter/Example_reference/Zynq7000AP_SoC_Ethernet_Packet_Redirection_Design/SDK_Shared/webtalk/usage_statistics_ext_sdk.xml -html /home/iq/Documents/marketinternational_filter/Example_reference/Zynq7000AP_SoC_Ethernet_Packet_Redirection_Design/SDK_Shared/webtalk/usage_statistics_ext_sdk.html -wdm /home/iq/Documents/marketinternational_filter/Example_reference/Zynq7000AP_SoC_Ethernet_Packet_Redirection_Design/SDK_Shared/webtalk/sdk_webtalk.wdm -intro "<H3>SDK Usage Report</H3><BR>"
# webtalk_terminate
INFO: [Common 17-206] Exiting Webtalk at Wed Aug 16 11:02:31 2017...
