#-----------------------------------------------------------
# Webtalk v2015.3 (64-bit)
# SW Build 1368829 on Mon Sep 28 20:06:39 MDT 2015
# 
# Start of session at: Tue Aug  8 14:32:03 2017
# Process ID: 9984
# Current directory: /home/iq/Documents/marketinternational_filter/Example_reference/Zynq7000AP_SoC_Ethernet_Packet_Redirection_Design/SDK/webtalk
# Command line: wbtcv -mode batch -source sdk_webtalk.tcl
# Log file: /home/iq/Documents/marketinternational_filter/Example_reference/Zynq7000AP_SoC_Ethernet_Packet_Redirection_Design/SDK/webtalk/webtalk.log
# Journal file: /home/iq/Documents/marketinternational_filter/Example_reference/Zynq7000AP_SoC_Ethernet_Packet_Redirection_Design/SDK/webtalk/webtalk.jou
#-----------------------------------------------------------
source sdk_webtalk.tcl
# webtalk_init -webtalk_dir /home/iq/Documents/marketinternational_filter/Example_reference/Zynq7000AP_SoC_Ethernet_Packet_Redirection_Design/SDK/webtalk
# webtalk_register_client -client project
# webtalk_add_data -client project -key date_generated -value "Tue Aug 8 14:32:01 2017" -context "software_version_and_target_device"
# webtalk_add_data -client project -key product_version -value "SDK v2015.3" -context "software_version_and_target_device"
# webtalk_add_data -client project -key build_version -value "2015.3" -context "software_version_and_target_device"
# webtalk_add_data -client project -key os_platform -value "amd64" -context "software_version_and_target_device"
# webtalk_add_data -client project -key registration_id -value "" -context "software_version_and_target_device"
# webtalk_add_data -client project -key tool_flow -value "SDK" -context "software_version_and_target_device"
# webtalk_add_data -client project -key beta -value "false" -context "software_version_and_target_device"
# webtalk_add_data -client project -key route_design -value "NA" -context "software_version_and_target_device"
# webtalk_add_data -client project -key target_family -value "NA" -context "software_version_and_target_device"
# webtalk_add_data -client project -key target_device -value "NA" -context "software_version_and_target_device"
# webtalk_add_data -client project -key target_package -value "NA" -context "software_version_and_target_device"
# webtalk_add_data -client project -key target_speed -value "NA" -context "software_version_and_target_device"
# webtalk_add_data -client project -key random_id -value "6452smv6q0nellntkst4eqihsp" -context "software_version_and_target_device"
# webtalk_add_data -client project -key project_id -value "2015.3_5" -context "software_version_and_target_device"
# webtalk_add_data -client project -key project_iteration -value "5" -context "software_version_and_target_device"
# webtalk_add_data -client project -key os_name -value "" -context "user_environment"
# webtalk_add_data -client project -key os_release -value "" -context "user_environment"
# webtalk_add_data -client project -key cpu_name -value "" -context "user_environment"
# webtalk_add_data -client project -key cpu_speed -value "" -context "user_environment"
# webtalk_add_data -client project -key total_processors -value "" -context "user_environment"
# webtalk_add_data -client project -key system_ram -value "" -context "user_environment"
# webtalk_register_client -client sdk
# webtalk_add_data -client sdk -key uid -value "1502205217000" -context "sdk\\\\application/1502205217000"
# webtalk_add_data -client sdk -key hwid -value "1502112555000" -context "sdk\\\\application/1502205217000"
# webtalk_add_data -client sdk -key bspid -value "1502113069000" -context "sdk\\\\application/1502205217000"
# webtalk_add_data -client sdk -key newbsp -value "false" -context "sdk\\\\application/1502205217000"
# webtalk_add_data -client sdk -key os -value "standalone" -context "sdk\\\\application/1502205217000"
# webtalk_add_data -client sdk -key apptemplate -value "empty_application" -context "sdk\\\\application/1502205217000"
# webtalk_transmit -clientid 1189034635 -regid "" -xml /home/iq/Documents/marketinternational_filter/Example_reference/Zynq7000AP_SoC_Ethernet_Packet_Redirection_Design/SDK/webtalk/usage_statistics_ext_sdk.xml -html /home/iq/Documents/marketinternational_filter/Example_reference/Zynq7000AP_SoC_Ethernet_Packet_Redirection_Design/SDK/webtalk/usage_statistics_ext_sdk.html -wdm /home/iq/Documents/marketinternational_filter/Example_reference/Zynq7000AP_SoC_Ethernet_Packet_Redirection_Design/SDK/webtalk/sdk_webtalk.wdm -intro "<H3>SDK Usage Report</H3><BR>"
# webtalk_terminate
INFO: [Common 17-206] Exiting Webtalk at Tue Aug  8 14:32:04 2017...
